[water] Updated: CHUNK WHITE PREMIUM CHICKEN IN WATER, CHUNK WHITE IN WATER | BrandOwner: Target Stores
[water] Updated: WATERMELON LOLLIPOP, WATERMELON | BrandOwner: Target Stores
[water] Updated: CHUNK WHITE PREMIUM CHICKEN IN WATER, CHUNK WHITE IN WATER | BrandOwner: Target Stores
[water] Updated: CHUNK WHITE PREMIUM CHICKEN IN WATER, CHUNK WHITE IN WATER | BrandOwner: Target Stores
[water] Updated: CHUNK LIGHT TUNA IN WATER, CHUNK LIGHT IN WATER | BrandOwner: Target Stores
[water] Updated: BLUE RASPBERRY SPORT LIQUID WATER ENHANCER, BLUE RASPBERRY | BrandOwner: Target Stores
[water] Updated: WHITE ALBACORE TUNA IN WATER, WHITE ALBACORE IN WATER | BrandOwner: Target Stores
[water] Updated: CHUNK LIGHT TUNA IN WATER, CHUNK LIGHT IN WATER | BrandOwner: Target Stores
[water] Updated: CHUNK LIGHT TUNA IN WATER, CHUNK LIGHT IN WATER | BrandOwner: Target Stores
[water] Updated: SUPER SOUR WATERMELON SLICES SOFT & CHEWY CANDY, SUPER SOUR WATERMELON SLICES | BrandOwner: Target Stores
[water] Updated: THE ORIGINAL COCONUT WATER | BrandOwner: All Market Inc.
[water] Updated: YELLOW CLING DICED PEACHES PACKED IN WATER, WATER | BrandOwner: 
[water] Updated: YELLOW CLING DICED PEACHES LIGHTLY SWEETENED COCONUT WATER, LIGHTLY SWEETENED COCONUT WATER | BrandOwner: Meijer, Inc.
[water] Updated: PINEAPPLE TIDBITS IN LIGHTLY SWEETENED COCONUT WATER, LIGHTLY SWEETENED COCONUT WATER | BrandOwner: Meijer, Inc.
[water] Updated: GRAPE SPORT LIQUID WATER ENHANCER, GRAPE | BrandOwner: Meijer, Inc.
[water] Updated: SOLID WHITE FANCY ALBACORE TUNA IN WATER, SOLID WHITE FANCY ALBACORE IN WATER | BrandOwner: Meijer, Inc.
[water] Updated: CHUNK LIGHT TUNA IN WATER, CHUNK LIGHT IN WATER | BrandOwner: Meijer, Inc.
[water] Updated: CHUNK LIGHT TUNA IN WATER, CHUNK LIGHT IN WATER | BrandOwner: Meijer, Inc.
[water] Updated: FRUIT PUNCH SPORT LIQUID WATER ENHANCER, FRUIT PUNCH | BrandOwner: Meijer, Inc.
[water] Updated: BLUE RASPBERRY SPORT LIQUID WATER ENHANCER, BLUE RASPBERRY | BrandOwner: Meijer, Inc.
[water] Updated: MANDARIN ORANGES NO SUGAR ADDED IN SWEETENED WATER, MANDARIN IN SWEETENED WATER | BrandOwner: Meijer, Inc.
[water] Updated: YELLOW CLING PEACH HALVES NO SUGAR ADDED IN SWEETENED WATER, SWEETENED WATER | BrandOwner: Meijer, Inc.
[water] Updated: PINEAPPLE CHUNKS NO SUGAR ADDED IN SWEETENED WATER, SWEETENED WATER | BrandOwner: Meijer, Inc.
[water] Updated: YELLOW CLING DICED PEACHES NO SUGAR ADDED PACKED IN SWEETENED WATER, SWEETENED WATER | BrandOwner: Meijer, Inc.
[water] Updated: MANDARIN ORANGES NO SUGAR ADDED IN SWEETENED WATER, MANDARIN IN SWEETENED WATER | BrandOwner: Meijer, Inc.
[water] Updated: NO SUGAR ADDED YELLOW CLING PEACH SLICES IN SWEETENED WATER, SWEETENED WATER | BrandOwner: Meijer, Inc.
[water] Updated: MANDARIN ORANGES NO SUGAR ADDED IN SWEETENED WATER, MANDARIN IN SWEETENED WATER | BrandOwner: Meijer, Inc.
[water] Updated: FRUIT PUNCH ZERO CALORIE LIQUID WATER ENHANCER, FRUIT PUNCH | BrandOwner: Meijer, Inc.
[water] Updated: WHITE CHICKEN PREMIUM CHUNK IN WATER, WHITE IN WATER | BrandOwner: Meijer, Inc.
[water] Updated: RED TART PITTED CHERRIES IN WATER, RED TART IN WATER | BrandOwner: Meijer, Inc.
[water] Updated: SLICED WATER CHESTNUTS | BrandOwner: Meijer, Inc.
[water] Updated: WHOLE WATER CHESTNUTS | BrandOwner: Meijer, Inc.
[water] Updated: CHUNK LIGHT SKIPJACK WILD CAUGHT TUNA IN WATER & SEA SALT, CHUNK LIGHT SKIPJACK IN WATER & SEA SALT | BrandOwner: Meijer, Inc.
[water] Updated: WATERMELON SUGAR SKULL LOLLIPOP, WATERMELON | BrandOwner: Melville Candy Corporation
[water] Updated: PINEAPPLE COCONUT WATER, PINEAPPLE | BrandOwner: Pulse Beverage
[water] Updated: ALBACORE PREMIUM IN WATER TUNA | BrandOwner: Tri-Union Seafoods, LLC
[water] Updated: GREEN APPLE, WATERMELON, BLUE RASPBERRY SOUR, SWEET & FRUITY CHEWY CANDY, GREEN APPLE, WATERMELON, BLUE RASPBERRY | BrandOwner: Imaginings 3
[water] Updated: WATERMELON FRUITY WATER, WATERMELON | BrandOwner: Reine River Studio
[water] Updated: Swanson White Premium Chunk Canned Chicken Breast in Water, 9.75 OZ Can | BrandOwner: CAMPBELL SOUP COMPANY
[water] Updated: COCONUT WATER | BrandOwner: Target Stores
[water] Updated: WATERMELON WEDGES CANDY, WATERMELON WEDGES | BrandOwner: Meijer, Inc.
[water] Updated: STRAWBERRY WATERMELON GOSIP CARTRIDGE, STRAWBERRY WATERMELON | BrandOwner: Cirkul
[water] Updated: NO SUGAR ADDED YELLOW CLING PEACH SLICES IN SWEETENED WATER, SWEETENED WATER | BrandOwner: Meijer, Inc.
[water] Updated: SOUR WATERMELON CHEWY CANDY, SOUR WATERMELON | BrandOwner: Just Born, Inc.
[water] Updated: FANCY WHITE ALBACORE IN WATER TUNA | BrandOwner: Cachere Distributing Inc.
[water] Updated: WATERMELON MARGARITA, WATERMELON | BrandOwner: Coastal Cocktails Inc.
[water] Updated: WATERMELON RINGS CANDY, WATERMELON | BrandOwner: Marlow Candy & Nut Company
[water] Updated: CHARMS SWEET POPS, 9 OZ, CHERRY; WATERMELON; BLUE RAZZ BERRY, GRAPE; STRAWBERRY; ORANGE | BrandOwner: Charms Company
[water] Updated: NO SALT ADDED SKINLESS & BONELESS IN WATER MACKEREL | BrandOwner: I. Epstein & Sons, Inc.
[water] Updated: CRISPY COCONUT SWEET WATERMELON COCO-MELON SKIN-ON DRIED FRUIT, CRISPY COCONUT SWEET WATERMELON | BrandOwner: RIND Snacks, LLC
[water] Updated: ULTRA PREMIUM COCONUT WATER | BrandOwner: Mira International Foods Inc.
[water] Updated: SOLID WHITE ALBACORE IN WATER TUNA | BrandOwner: Bumble Bee Foods, LLC
[water] Updated: ORGANIC LEMON DIGESTION SUPERFOOD WATER ENHANCER STICK PACKETS, ORGANIC LEMON | BrandOwner: WR Group, Inc 
[water] Updated: PH 9.5+ ELECTROLYTES ALKALINE WATER | BrandOwner: Stratus Group LLC
[water] Updated: GREEN APPLE WATERMELON BLUE RASPBERRY POPPING CANDY, GREEN APPLE WATERMELON BLUE RASPBERRY | BrandOwner: Hilco LLC
[water] Updated: SOUR! POPPING CANDY, GREEN APPLE, WATERMELON, BLUE RASPBERRY | BrandOwner: Hilco LLC
[water] Updated: VAPOR DISTILLED ALKALINE WATER | BrandOwner: Water Plus
[water] Updated: SARATOGA, NATURAL SPRING WATER, 12 FL OZ, GLASS BOTTLE | BrandOwner: Saratoga Springs Mineral Water
[water] Updated: HEADLESS SHELL-ON EASY PEEL PRAWNS FRESHWATER RAW SHRIMP | BrandOwner: Top Latch Products, LLC
[water] Updated: NATURAL COCONUT WATER, COCONUT | BrandOwner: CoCo Joy, LLC
[water] Updated: BLACKBERRY FLAVORS PURIFIED WATER, BLACKBERRY | BrandOwner: 
[water] Updated: NATURAL CUCUMBER FLAVORS PURIFIED WATER, CUCUMBER | BrandOwner: 
[water] Updated: LEMON FLAVORS PURIFIED WATER, LEMON | BrandOwner: 
[water] Updated: WATERMELON SPEARS, WATERMELON | BrandOwner: TH Kitchens, LP
[water] Updated: WATERMELON WEDGES, WATERMELON | BrandOwner: Anavita Inc
[water] Updated: SOUR WATERMELON SLICES CANDY, SOUR WATERMELON | BrandOwner: Lily's Sweets
[water] Updated: WTRMLN WTR DEFEND, WATERMELON; SEVILLE ORANGE | BrandOwner: JULABO USA, Inc. 
[water] Updated: MAGIC HAT GUMMIES CANDY, MAGIC BERRIES, STRAWBERRY WATERMELON, RASPBERRY GRAPE, ORANGE STRAWBERRY | BrandOwner: Ferrara Candy Company
[water] Updated: MANDARIN ORANGES WHOLE SEGMENTS IN WATER, MANDARIN IN WATER | BrandOwner: Raley's
[water] Updated: JOLLY RANCHER FILLED MARSHMALLOWS, WATERMELON | BrandOwner: Williams Management
[water] Updated: WATERMELON LOLLIPOPS, WATERMELON | BrandOwner: Hilco LLC
[water] Updated: NATURAL MINERAL WATER | BrandOwner: Geritland, Inc.
[water] Updated: MAGIC HAT GUMMIES CANDY, MAGIC BERRIES, STRAWBERRY WATERMELON, RASPBERRY GRAPE, ORANGE STRAWBERRY | BrandOwner: Ferrara Candy Company
[water] Updated: LOW SODIUM CHUNK LIGHT YELLOWFIN TUNA IN WATER, LOW SODIUM CHUNK LIGHT YELLOWFIN IN WATER | BrandOwner: StarKist Co.
[water] Updated: SOLID WHITE ALBACORE TUNA IN WATER | BrandOwner: StarKist Co.
[water] Updated: WARHEADS Sour Watermelon Squeeze Candy 2.25oz. | BrandOwner: IMPACT CONFECTIONS
[water] Updated: WATERMELON | BrandOwner: H E Butt Grocery Company
[water] Updated: WATERMELON SLICES CANDY, WATERMELON SLICES | BrandOwner: The Hampton Popcorn Company, Inc.
[water] Updated: ELECTROLYTE SPRING WATER | BrandOwner: Sang Labs, Inc.
[water] Updated: INSIDE OUTS CANDY, CHERRY; BLUE RAZZ; GRAPE; WATERMELON | BrandOwner: Charms Company
[water] Updated: RED TART WHOLE PITTED CHERRIES IN WATER, RED TART | BrandOwner: Associated Wholesale Grocers, Inc.
[water] Updated: CHUNK WHITE PREMIUM CHICKEN IN WATER, CHUNK WHITE IN WATER | BrandOwner: Meijer, Inc.
[water] Updated: SOUR WATERMELON SLICES, SOUR WATERMELON | BrandOwner: Schnuck Markets, Inc.
[water] Updated: GREEN APPLE, WATERMELON, BLUE RASPBERRY LOLLIPOP RINGS, GREEN APPLE, WATERMELON, BLUE RASPBERRY | BrandOwner: Imaginings 3
[water] Updated: GUMMI ROSES, STRAWBERRY, WATERMELON, CHERRY | BrandOwner: Ferrara Candy Company
[water] Updated: GRAPE LIQUID WATER ENHANCER, GRAPE | BrandOwner: Target Stores
[water] Updated: SPRING WATER | BrandOwner: Prairie Farms Dairy, Inc.
[water] Updated: SKINLESS & BONELESS IN WATER SARDINES | BrandOwner: King Oscar, Inc.
[water] Updated: ALBACORE WHITE TUNA IN WATER | BrandOwner: Bumble Bee Foods, LLC
[water] Updated: SKINLESS & BONELESS IN WATER SOCKEYE SALMON | BrandOwner: Bumble Bee Foods, LLC
[water] Updated: KIWI WATERMELON ICE CUBE, SUGAR FREE GUM, KIWI WATERMELON | BrandOwner: The Hershey Company
[water] Updated: STRAWBERRY, WATERMELON, TARTASTIC FUN DIP SOUR CANDY, STRAWBERRY, WATERMELON, TARTASTIC | BrandOwner: Ferrara Candy Company
[water] Updated: BABY PURIFIED WATER | BrandOwner: Reine River Studio
[water] Updated: BABY PURIFIED WATER | BrandOwner: Reine River Studio
[water] Updated: ROSE WATER | BrandOwner: Soofer Co. Inc.
[water] Updated: CHUNK LIGHT TUNA IN WATER, CHUNK LIGHT IN WATER | BrandOwner: Wakefern Food Corporation
[water] Updated: 9.5+ PH ALKALINE WATER + ELECTROLYTES | BrandOwner: Target Stores
[water] Updated: SARDINES IN WATER, WATER | BrandOwner: I. Epstein & Sons, Inc.
[water] Updated: PREMIUM WILD CAUGHT LIGHT TUNA IN WATER | BrandOwner: I. Epstein & Sons, Inc.
[water] Updated: SKINLESS & BONELESS WILD ALASKAN IN WATER PINK SALMON | BrandOwner: Tri-Union Seafoods, LLC
[water] Updated: NO SUGAR ADDED ARTIFICIALLY SWEETENED SLICED YELLOW CLING PEACHES IN WATER, SWEETENED | BrandOwner: 
[water] Updated: PINEAPPLE COCONUT LIQUID WATER ENHANCER, PINEAPPLE COCONUT | BrandOwner: 
[water] Updated: SOUR MINI GUMMI WORMS, CHERRY, STRAWBERRY, MANGO, PINEAPPLE, LEMON, ORANGE, GREEN APPLE, WATERMELON, PINK GRAPEFRUIT, LIME, BLUE RASPBERRY, GRAPE | BrandOwner: Albanese Confectionery Group, Inc.
[water] Updated: CHUNK LIGHT IN WATER TUNA | BrandOwner: StarKist Co.
[water] Updated: STRAWBERRY, ORANGE, WATERMELON, GRAPE, BLUE RASPBERRY, GREEN APPLE JELLY BEANS CANDY, STRAWBERRY, ORANGE, WATERMELON, GRAPE, BLUE RASPBERRY, GREEN APPLE | BrandOwner: Leaf, Inc.
[water] Updated: ORIGINAL STRAWBERRY, CHERRY, WATERMELON, BLUE RASPBERRY, GREEN APPLE CHEWS CANDY, ORIGINAL STRAWBERRY, CHERRY, WATERMELON, BLUE RASPBERRY, GREEN APPLE | BrandOwner: Leaf, Inc.
[water] Updated: SOLID WHITE ALBACORE TUNA IN WATER, SOLID WHITE ALBACORE IN WATER | BrandOwner: Safeway, Inc.
[water] Updated: CHUNK LIGHT TUNA IN WATER, CHUNK LIGHT IN WATER | BrandOwner: Safeway, Inc.
[water] Updated: CHUNK LIGHT TUNA IN WATER, CHUNK LIGHT IN WATER | BrandOwner: Safeway, Inc.
[water] Updated: SOLID WHITE ALBACORE WID CAUGHT TUNA IN WATER, SOLID WHITE ALBACORE TUNA IN WATER | BrandOwner: Safeway, Inc.
[water] Updated: COCONUT WATER | BrandOwner: Target Stores
[water] Updated: PREMIUM TUNA CHUNK WHITE ALBACORE IN WATER, CHUNK WHITE ALBACORE | BrandOwner: Bumble Bee Foods, LLC
[water] Updated: WILD-CAUGHT LIGHT TUNA IN WATER, LIGHT TUNA | BrandOwner: Bumble Bee Foods, LLC
[water] Updated: MINCED GARLIC IN WATER, WATER | BrandOwner: Meijer, Inc.
[water] Updated: SOLID WHITE ALBACORE WILD CAUGHT TUNA IN WATER & SEA SALT, SOLID WHITE ALBACORE IN WATER & SEA SALT | BrandOwner: Meijer, Inc.
[water] Updated: MANDARIN ORANGES WHOLE FRUIT SEGMENTS PACKED IN WATER, MANDARIN IN WATER | BrandOwner: 
[water] Updated: MANDARIN ORANGES WHOLE FRUIT SEGMENTS PACKED IN WATER, MANDARIN IN WATER | BrandOwner: Target Stores
[water] Updated: YELLOW CLING DICED PEACHES PACKED IN WATER, WATER | BrandOwner: Target Stores
[water] Updated: GRAPE SPORT LIQUID WATER ENHANCER, GRAPE | BrandOwner: Target Stores
[water] Updated: 5 FLAVORS HARD CANDY, CHERRY, RASPBERRY, WATERMELON, ORANGE, PINEAPPLE | BrandOwner: Mars, Inc.
[water] Updated: 5 FLAVORS GUMMIES CANDY, CHERRY, WATERMELON, GREEN APPLE, STRAWBERRY, ORANGE | BrandOwner: Mars, Inc.
[water] Updated: WATERMELON FRUITY CHEWS SUGARFREE GUM, WATERMELON | BrandOwner: Mars, Inc.
[water] Updated: SWEETS + SOURS SWEET STRAWBERRY, SOUR CHERRY, SOUR BLUE RASPBERRY, SOUR WATERMELON, SWEET ORANGE BITE SIZE CANDIES, SWEETS + SOURS | BrandOwner: Mars, Inc.
[water] Updated: STRAWBERRY, WATERMELON, CHERRY FRUIT PUNCH, GREEN APPLE STRAWBERRY, LEMON CHERRY GUMMIBURSTS LIQUID FILLED GUMMIES, STRAWBERRY, WATERMELON, CHERRY FRUIT PUNCH, GREEN APPLE STRAWBERRY, LEMON CHERRY | BrandOwner: Mars, Inc.
[water] Updated: ORIGINAL STRAWBERRY, CHERRY, FRUIT PUNCH & WATERMELON FRUIT CHEWS, ORIGINAL | BrandOwner: Mars, Inc.
[water] Updated: FAVEREDS WATERMELON, CHERRY, STRAWBERRY & FRUIT PUNCH MINI FRUIT CHEWS, FAVEREDS | BrandOwner: Mars, Inc.
[water] Updated: COCONUT WATER | BrandOwner: GS1 Mexico
[water] Updated: YELLOW CLING SLICED PEACHES PACKED IN WATER, WATER | BrandOwner: Target Stores
[water] Updated: ORANGE TANGERINE LIQUID WATER ENHANCER, ORANGE TANGERINE | BrandOwner: Target Stores
[water] Updated: COCONUT LIME LIQUID WATER ENHANCER, COCONUT LIME | BrandOwner: Target Stores
[water] Updated: ORANGE TANGERINE LIQUID WATER ENHANCER, ORANGE TANGERINE | BrandOwner: Target Stores
[water] Updated: GRAPE LIQUID WATER ENHANCER, GRAPE | BrandOwner: Target Stores
[water] Updated: UNSWEETENED DRIED WATERMELON JERKY, UNSWEETENED | BrandOwner: Target Stores
[water] Updated: CHUNK LIGHT TUNA IN WATER, CHUNK LIGHT IN WATER | BrandOwner: Target Stores
[water] Updated: CHUNK LIGHT SUSTAINABLY CAUGHT TUNA IN WATER, CHUNK LIGHT IN WATER | BrandOwner: Target Stores
[water] Updated: CHUNK LIGHT TUNA IN WATER, CHUNK LIGHT IN WATER | BrandOwner: Target Stores
[water] Updated: SOLID WHITE ALBACORE TUNA IN WATER, SOLID WHITE ALBACORE IN WATER | BrandOwner: Target Stores
[water] Updated: PURIFIED WATER | BrandOwner: Alani Nutrition LLC
[water] Updated: GUMMY SOUR WATERMELON ENCHILADAS, GUMMY SOUR WATERMELON | BrandOwner: PROJECT UP NORTH
[water] Updated: WATERMELON SLICES, WATERMELON | BrandOwner: Weis Markets, Inc.
[water] Updated: SOUR WATERMELON SLICES SOFT & CHEWY CANDY, SOUR WATERMELON SLICES | BrandOwner: Target Stores
[water] Updated: ORANGE TANGERINE LIQUID WATER ENHANCER, ORANGE TANGERINE | BrandOwner: Target Stores
[water] Updated: SOLID WHITE ALBACORE TUNA IN WATER, SOLID WHITE ALBACORE IN WATER | BrandOwner: Target Stores
[water] Updated: CHUNK LIGHT TUNA IN WATER, CHUNK LIGHT IN WATER | BrandOwner: Target Stores
[water] Updated: WATERMELON BLOOM KOMBUCHA, WATERMELON BLOOM | BrandOwner: Rowdy Mermaid Kombucha, Inc.
[water] Updated: BLOOD ORANGE HIBISCUS FLAVOR SPRING WATER, ORANGE; HIBISCUS | BrandOwner: Nestle Waters North America Inc./poland Spring
[water] Updated: LIME CARBONATED MINERAL WATER, LIME | BrandOwner: Nestle Waters North America Inc./perrier
[water] Updated: REAL COCONUT WATER | BrandOwner: P.S.W. Inc.
[water] Updated: WATERMELON SUGARFREE GUM, WATERMELON | BrandOwner: Perfetti Van Melle USA Inc.
[water] Updated: STRAWBERRY & WATERMELON HERBAL INFUSIONS, STRAWBERRY; WATERMELON | BrandOwner: Tetley USA, Inc.
[water] Updated: WATERMELON SLICES CANDY, WATERMELON | BrandOwner: Marlow Candy & Nut Company
[water] Updated: WATERMELON SOFT & CHEWY CANDY, WATERMELON | BrandOwner: Mondelez International, Inc.
[water] Updated: PINEAPPLE COCONUT WATER, PINEAPPLE | BrandOwner: Thai Agri Foods Co., Ltd.
[water] Updated: SOUR WATERMELON BEAR CANDY, SOUR WATERMELON | BrandOwner: 
[water] Updated: FRUIT VARIETY HARD CANDY, WATERMELON; PINEAPPLE; MANGO MELON; WILD CHERRY; FRUIT PUNCH; GREEN APPLE; GRAPE; TANGERINE; STRAWBERRY; RASPBERRY | BrandOwner: Mars, Inc.
[water] Updated: WATERMELON GELATIN, WATERMELON | BrandOwner: The Jel Sert Company
[water] Updated: ION CHARGED ALKALINE WATER | BrandOwner: Nestle Waters North America Inc./great Bear
[water] Updated: RASPBERRY ENHANCED WATER, RASPBERRY | BrandOwner: Polar Corporation
[water] Updated: LEMON ENHANCED WATER, LEMON | BrandOwner: Polar Corporation
[water] Updated: ORGANIC WATERMELON POPS | BrandOwner: JonnyPops LLC
[water] Updated: FAT FREE UNSWEETENED COCONUT WATER | BrandOwner: Goya Foods, Inc. 
[water] Updated: FAVEREDS STRAWBERRY, CHERRY, FRUIT PUNCH & WATERMELON FRUIT CHEWS, FAVEREDS | BrandOwner: Mars, Inc.
[water] Updated: SYRUP FOR SNOW CONES & ICE POPS, WATERMELON | BrandOwner: Back to Basics Products, LLC
[water] Updated: PINEAPPLE COCONUT WATER, PINEAPPLE | BrandOwner: All Market Inc.
[water] Updated: ORIGINAL COCONUT WATER, ORIGINAL | BrandOwner: Safeway, Inc.
[water] Updated: SWEET WATERMELON SUGARFREE GUM, SWEET WATERMELON | BrandOwner: Mars, Inc.
[water] Updated: WILD CAUGHT SARDINES IN WATER, WATER | BrandOwner: Wegmans Food Markets, Inc. 
[water] Updated: CHOPPED GARLIC IN WATER, WATER | BrandOwner: Save Mart Supermarkets Inc.
[water] Updated: WATERMELON DEHYDRATED FRUIT JERKY, WATERMELON | BrandOwner: Crocidile Records
[water] Updated: ORGANIC COCONUT WATER, PINEAPPLE MANGO | BrandOwner: Zico Beverages, LLC
[water] Updated: STRAWBERRY WATERMELON FRUIT SHAPES, STRAWBERRY; WATERMELON | BrandOwner: Apple & Eve,  LLC
[water] Updated: PASSIONFRUIT MANGO WATER, PASSIONFRUIT; MANGO | BrandOwner: Energy Brands Inc.-Glaceau
[water] Updated: GUMMI BEARS CANDY, CRANBERRY, MANGO, CHERRY, GREEN APPLE, RASPBERRY, ORANGE, STRAWBERRY, PINEAPPLE, LEMON, WATERMELON, TANGERINE, GRAPE | BrandOwner: Mexi-Land Inc.
[water] Updated: KIWI WATERMELON SUGAR FREE GUM, KIWI; WATERMELON | BrandOwner: The Hershey Company
[water] Updated: CHERRY BLACKBERRY LIQUID WATER ENHANCER, CHERRY; BLACKBERRY | BrandOwner: Kraft Heinz Foods Company
[water] Updated: NATURAL COCONUT WATER | BrandOwner: Alexia Admor French Designer Group, Ltd.
[water] Updated: ZERO SUGAR STRAWBERRY PASSION FRUIT HYDRATING LEMON WATER, STRAWBERRY; PASSION FRUIT | BrandOwner: The Lemon Perfect Company
[water] Updated: BROCCOLI, PEA PODS, GREEN BEANS, CARROTS, CELERY, WATER CHESTNUTS, ONIONS, RED PEPPERS STIR FRY, BROCCOLI, PEA PODS, GREEN BEANS, CARROTS, CELERY, WATER CHESTNUTS, ONIONS, RED PEPPERS | BrandOwner: S. M. Flickinger Co., Inc.
[water] Updated: PULP COCONUT WATER | BrandOwner: Good-O-Beverages Inc
[water] Updated: CHUNK LIGHT TUNA IN WATER, CHUNK LIGHT IN WATER | BrandOwner: Wakefern Food Corporation
[water] Updated: COLD WATER RAW WILD CAUGHT LOBSTER TAILS | BrandOwner: Quisling Media
[water] Updated: CHERRY LIQUID WATER ENHANCER, CHERRY | BrandOwner: Target Stores
[water] Updated: SLICED WATER CHESTNUTS | BrandOwner: World Finer Foods, Inc.
[water] Updated: ORIGINAL, GREEN APPLE, BLUE RASPBERRY, CHERRY, GRAPE & WATERMELON SOFT & CHEWY CANDY, ORIGINAL, GREEN APPLE, BLUE RASPBERRY, CHERRY, GRAPE & WATERMELON | BrandOwner: Leaf, Inc.
[water] Updated: WATERMELON, GRAPE, APPLE & RASPBERRY ZERO SUGAR HARD CANDY, WATERMELON, GRAPE, APPLE & RASPBERRY | BrandOwner: Leaf, Inc.
[water] Updated: SOLID WHITE ALBACORE TUNA IN WATER, SOLID WHITE ALBACORE IN WATER | BrandOwner: Target Stores
[water] Updated: WATERMELON QUARTER BAG | BrandOwner: Healing Md
[water] Updated: BLACK CHERRY, LEMON, APPLE, WATERMELON, BLUE RASPBERRY EXTREME SOUR HARD CANDY, BLACK CHERRY, LEMON, APPLE, WATERMELON, BLUE RASPBERRY | BrandOwner: Stichler Products, Inc.
[water] Updated: WATERMELON SOUR BELTS, WATERMELON | BrandOwner: Candy Club, LLC
[water] Updated: NUTS LONG ASSORTED SALTWATER TAFFY CANDY, SALTWATER TAFFFY | BrandOwner: Rayge Candy Co. Inc.
[water] Updated: ORIGINAL FLAVORS GUMMIES, GREEN APPLE; BLUE RASPBERRY; CHERRY; GRAPE; WATERMELON | BrandOwner: Leaf, Inc.
[water] Updated: STRAWBERRY, BLUE RASPBERRY, WATERMELON AGES 4+ POPS, STRAWBERRY; BLUE RASPBERRY; WATERMELON | BrandOwner: The Topps Company, Inc.
[water] Updated: TROPICAL FRUIT IN LIGHTLY SWEETENED COCONUT WATER, TROPICAL IN LIGHTLY SWEETENED COCONUT WATER | BrandOwner: Meijer, Inc.
[water] Updated: Cooked Ham Water Added - Reduced Sodium | BrandOwner: Tyson Foods Inc.
[water] Updated: WATERMELON CANDY CANES, WATERMELON | BrandOwner: Meijer, Inc.
[water] Updated: SOUR WATERMELON SLICES CHEWY CANDIES, SOUR WATERMELON SLICES | BrandOwner: Target Stores
[water] Updated: GRAPE ZERO CALORIE LIQUID WATER ENHANCER, GRAPE | BrandOwner: Meijer, Inc.
[water] Updated: WATERMELON ORGANIC DAIRY FREE POPS, WATERMELON | BrandOwner: JonnyPops LLC
[water] Updated: RED GRAPEFRUIT FRUIT CUP IN SLIGHTLY SWEETENED WATER, RED GRAPEFRUIT IN SLIGHTLY SWEETENED WATER | BrandOwner: Safeway, Inc.
[water] Updated: ELDERBERRY ESSENCE WATER, ELDERBERRY | BrandOwner: Target Stores
[water] Updated: SOLID WHITE ALBACORE WILD CAUGHT TUNA IN WATER & SEA SALT, SOLID WHITE ALBACORE IN WATER & SEA SALT | BrandOwner: Meijer, Inc.
[water] Updated: STRAWBERRY WATERMELON LIQUID WATER ENHANCER, STRAWBERRY WATERMELON | BrandOwner: 
[water] Updated: SOLID WHITE ALBACORE TUNA IN WATER, SOLID WHITE ALBACORE IN WATER | BrandOwner: Target Stores
[water] Updated: SPRING WATER FISHLESS TUNA | BrandOwner: Atlantic Natural Foods LLC
[water] Updated: CHUNK WHITE PREMIUM CHICKEN IN WATER, CHUNK WHITE IN WATER | BrandOwner: Meijer, Inc.
[water] Updated: WATERMELON GELATIN, WATERMELON | BrandOwner: The Jel Sert Company
[water] Updated: SWEET WATERMELON FRUIT SENSATIONS SUGARFREE GUM, SWEET WATERMELON | BrandOwner: Mars, Inc.
[water] Updated: FRUIT PUNCH LIQUID WATER ENHANCER, FRUIT PUNCH | BrandOwner: Target Stores
[water] Updated: CHUNK LIGHT TUNA IN WATER | BrandOwner: StarKist Co.
[water] Updated: SWEET WATERMELON SUGARFREE GUM, SWEET WATERMELON | BrandOwner: Mars, Inc.
[water] Updated: SPINACH, MAYONNAISE, SOUR CREAM, WATER CHESTNUTS, ONIONS, & GREEN ONIONS DIP, SPINACH | BrandOwner: BJ's Wholesale Club / Corporate Brands
[water] Updated: BERRY POMEGRANATE LIQUID WATER ENHANCER, BERRY POMEGRANATE | BrandOwner: Price Chopper Supermarkets
[water] Updated: LIGHT IN WATER TUNA | BrandOwner: StarKist Co.
[water] Updated: COLD WATER LOBSTER | BrandOwner: Stavis Seafoods, Inc.
[water] Updated: SALT WATER TAFFY, SALT WATER | BrandOwner: Supervalu, Inc.
[water] Updated: SUGAR FREE 5 FLAVORS HARD CANDY, CHERRY; RASPBERRY; WATERMELON; ORANGE; PINEAPPLE | BrandOwner: Mars, Inc.
[water] Updated: SOLID WHITE IN WATER ALBACORE | BrandOwner: Cachere Distributing Inc.
[water] Updated: WATER ADDED HAM | BrandOwner: Hormel Foods Corporation 
[water] Updated: PULP COCONUT WATER | BrandOwner: Goya Foods, Inc. 
[water] Updated: MINCED GARLIC IN WATER | BrandOwner: Wal-Mart Stores, Inc.
[water] Updated: TURMERIC GARLIC POPPED WATER LILY SEEDS, TURMERIC GARLIC | BrandOwner: FoxPop
[water] Updated: COCONUT WATER, PINEAPPLE, PEACH, & MANGO | BrandOwner: Dole Packaged Foods, LLC
[water] Updated: GRAPE-ADE, TROPICAL CHERRY SPLASH, RAZZIN' WATERMELON, STRAPPLEBERRY, PEACH-A-PALOOZA, BANANA BERRY BLAST DUOS JELLY BEANS, GRAPE-ADE, TROPICAL CHERRY SPLASH, RAZZIN' WATERMELON, STRAPPLEBERRY, PEACH-A-PALOOZA, BANANA BERRY BLAST | BrandOwner: Mars, Inc.
[water] Updated: BEEF COLD WATER DISSOLVE GRANULATED BOUILLON, BEEF | BrandOwner: Pure Food Company Inc.
[water] Updated: FAVEREDS WATERMELON, CHERRY & STRAWBERRY JELLY BEANS, FAVEREDS | BrandOwner: Mars, Inc.
[water] Updated: PULP FREE COCONUT WATER, PULP FREE | BrandOwner: Target Stores
[water] Updated: Pit Ham Water Added Smoked, Boneless, Fully Cooked | BrandOwner: Tyson Foods Inc.
[water] Updated: WATERMELON SOFT & CHEWY CANDY BITES, WATERMELON | BrandOwner: Mondelez International, Inc.
[water] Updated: WATERMELON SLUSHIE SUGAR FREE GUM, WATERMELON | BrandOwner: The Hershey Company
[water] Updated: ORIGINAL FRUIT BITES CANDY, CHERRY, BLUE RASPBERRY, ORANGE, WATERMELON, WHITE MYSTERY | BrandOwner: Perfetti Van Melle USA Inc.
[water] Updated: JOHN MORRELL, WATER ADDED DICED HAM | BrandOwner: Smithfield Packaged Meats Corp.
[water] Updated: PEPPERONI PIZZA BUILDABLE GUMMY CANDY, WATERMELON, STRAWBERRY, PINEAPPLE, MANGO | BrandOwner: Frankford Candy, LLC
[water] Updated: MANDARIN ORANGES WHOLE SEGMENTS PACKED IN WATER, MANDARIN IN WATER | BrandOwner: Target Stores
[water] Updated: STRAWBERRY LEMON, WATERMELON LIME, CHERRY MELON, MANGO PLUM JUICY BEARS, STRAWBERRY LEMON, WATERMELON LIME, CHERRY MELON, MANGO PLUM | BrandOwner: Ferrara Candy Company
[water] Updated: MINCED GARLIC IN WATER | BrandOwner: Wakefern Food Corporation
[water] Updated: WATERMELON VIBES SUGAR FREE GUM, WATERMELON | BrandOwner: Mondelez International, Inc.
[water] Updated: STRAWBERRY WATERMELON COLLISIONS SUGARFREE GUM, STRAWBERRY WATERMELON | BrandOwner: Mars, Inc.
[water] Updated: ZERO SUGAR GUTSY BOTTLE, WATERMELON; PEACH | BrandOwner: Energy Brands Inc.-Glaceau
[water] Updated: WATERMELON SOFT & CHEWY CANDY, WATERMELON | BrandOwner: Mondelez International, Inc.
[water] Updated: ALBACORE WHITE IN WATER TUNA | BrandOwner: StarKist Co.
[water] Updated: PREMIUM TUNA SOLID WHITE ALBACORE IN WATER, SOLID WHITE ALBACORE | BrandOwner: Bumble Bee Foods, LLC
[water] Updated: LUNCH TO-GO CHUNK LIGHT IN WATER TUNA | BrandOwner: StarKist Co.
[water] Updated: SOUR WATERMELON CANDY, SOUR WATERMELON | BrandOwner: Jo-Lee Food Products, Inc.
[water] Updated: PEACH STRAWBERRY GREEN APPLE WATERMELON LIME CLASSIC GUMMIES, PEACH STRAWBERRY GREEN APPLE WATERMELON LIME | BrandOwner: Dr. John's Candies
[water] Updated: RAD REDS CANDY BITES, STRAWBERRY, WATERMELON, CHERRY, RASPBERRY | BrandOwner: American Licorice Company
[water] Updated: WATERMELON FLAVOR SMOOTHIE, WATERMELON | BrandOwner: Danone US, LLC
[water] Updated: WATERMELON MICHELADA, WATERMELON | BrandOwner: Corona Decor Co.
[water] Updated: SHINEWATER STRAWBERRY LEMON POUCHES, 8 X 6 FL OZ, STRAWBERRY; LEMON | BrandOwner: Shinewater, LLC
[water] Updated: ORIGINAL COCONUT WATER, ORIGINAL | BrandOwner: Glencourt Inc.
[water] Updated: WATERMELON SOUR BELTS, WATERMELON | BrandOwner: D.S.D. Merchandisers, Inc.
[water] Updated: VEGAN CHEESE POPPED WATER LILY SEEDS, VEGAN CHEESE | BrandOwner: FoxPop
[water] Updated: BITES GREEN APPLE & WATERMELON SOFT CHEWY CANDY , GREEN APPLE; WATERMELON | BrandOwner: Bloom Packaging Corp.
[water] Updated: GUMMI WATERMELON WEDGES, GUMMI WATERMELON | BrandOwner: Lehi Valley Trading Company, Inc.
[water] Updated: Naturally Cherrywood Smoked Boneless, Ham, Half, Flat Glazing, Water Added, 2/7.9 lb. Avg, Fully Cooked, Certified Gluten-Free | BrandOwner: JONES DAIRY FARM
[water] Updated: WATERMELON EXTREME SOUR CHEWS, WATERMELON | BrandOwner: Ferrara Candy Company
[water] Updated: SOUR GOURMET JELLY BEANS, GRAPE; BLUEBERRY; APPLE; LEMON; CHERRY; TANGERINE; STRAWBERRY; GRAPEFRUIT; POMEGRANATE; WATERMELON; MANGO; LIME | BrandOwner: Gimbal Brothers Inc.
[water] Updated: WATERMELON SLICES CANDY, WATERMELON | BrandOwner: George J. Howe Company
[water] Updated: GUAVA STRAWBERRY, MANGO PINEAPPLE, WATERMELON CITRUS, GUMMI CANDY, GUAVA STRAWBERRY, MANGO PINEAPPLE, WATERMELON CITRUS | BrandOwner: Ferrara Candy Company
[water] Updated: SHINEWATER WATERMELON BLACKBERRY POUCHES, 8 X 6 FL OZ, WATERMELON; BLACKBERRY | BrandOwner: GMP Global Marketing Inc.
[water] Updated: PEACH, STRAWBERRY, GREEN APPLE, WATERMELON LIME GUMMIES, PEACH, STRAWBERRY, GREEN APPLE, WATERMELON LIME | BrandOwner: Dr. John's Candies
[water] Updated: SUN & DRAGON BRAND, COCONUT WATER | BrandOwner: Denny's Corporation
[water] Updated: WATERMELON LIFESIP CARTRIDGE, WATERMELON | BrandOwner: Cirkul
[water] Updated: WATERMELON GUMMI CANDY, WATERMELON | BrandOwner: Haribo of America, Inc.
[water] Updated: GUMMI BEARS, CHERRY, STRAWBERRY, MANGO, PINEAPPLE, LEMON, ORANGE, GREEN APPLE, WATERMELON, PINK GRAPEFRUIT, LIME, BLUE RASPBERRY, GRAPE | BrandOwner: Albanese Confectionery Group, Inc.
Database synchronized successfully
[water] Updated: ASSORTED SALT WATER TAFFY | BrandOwner: International Foodsource
[water] Updated: FAVEREDS WATERMELON, CHERRY & STRAWBERRY JELLY BEANS, FAVEREDS | BrandOwner: Mars, Inc.
[water] Updated: BUNNIES & EGGS GUMMIES CANDY, WATERMELON, ORANGE, STRAWBERRY, CHERRY, GREEN APPLE | BrandOwner: Mars, Inc.
[water] Updated: SUMMER SPLASH STRAWBERRY WATERMELON, LEMON LIME, CHERRY COOLER & GRAPE SLUSHIE FRUIT CHEWS, SUMMER SPLASH | BrandOwner: Mars, Inc.
[water] Updated: SPOOKY SHAPES GUMMIES CANDY, CHERRY, WATERMELON, GREEN APPLE, STRAWBERRY, ORANGE | BrandOwner: Mars, Inc.
[water] Updated: SWEETS & SOURS SWEET STRAWBERRY, SOUR CHERRY, SOUR BLUE RASPBERRY, SOUR WATERMELON, SWEET ORANGE BITE SIZE CANDIES, SWEETS & SOURS | BrandOwner: Mars, Inc.
[water] Updated: WATERMELON SUGARFREE GUM, WATERMELON | BrandOwner: Mars, Inc.
[water] Updated: WATERMELON & BLUEBERRY FILLED CANDY STRAWS, WATERMELON & BLUEBERRY | BrandOwner: Target Stores
[water] Updated: OOZE CHEWZ ROPES CANDY, WATERMELON; BLUE RASPBERRY; GREEN APPLE | BrandOwner: Impact Confections, Inc.
[water] Updated: 2-IN-1 FLAVORS MISFITS GUMMIES CANDY, STRAWBERRY + LEMON, BLUE RASPBERRY + WATERMELON, GREEN APPLE + CHERRY | BrandOwner: Leaf, Inc.
[water] Updated: WATERMELON GUMMY ROLL CANDY, WATERMELON | BrandOwner: The Topps Company, Inc.
[water] Updated: SWEETS & SOURS SOUR BLUE RASPBERRY, SOUR CHERRY, SWEET ORANGE, SWEET WATERMELON, SWEET STRAWBERRY BITE SIZE CANDIES, SWEETS & SOURS | BrandOwner: Mars, Inc.
[water] Updated: Minute Maid Watermelon Punch Can, 12 fl oz | BrandOwner: The Coca-Cola Company
[water] Updated: WATERMELON JELLY BEANS, WATERMELON | BrandOwner: Mondelez International, Inc.
[water] Updated: Black Forest Ham, Water Added, Caramel Color & Smoke Flavor Added | BrandOwner: Tyson Foods Inc.
[water] Updated: FRUIT VARIETY HARD CANDY, WATERMELON, PINEAPPLE, MANGO MELON, WILD CHERRY, FRUIT PUNCH, GREEN APPLE, GRAPE, TANGERINE, STRAWBERRY, RASPBERRY | BrandOwner: Mars, Inc.
[water] Updated: ALBACORE TUNA IN WATER LUNCH TO-GO, ALBACORE IN WATER | BrandOwner: StarKist Co.
[water] Updated: WATERMELON RINGS CANDY, WATERMELON | BrandOwner: Marlow Candy & Nut Company
[water] Updated: ASSORTED SALT WATER TAFFY, ASSORTED SALT | BrandOwner: RB. Confections, Lc.
[water] Updated: SOURS CHERRY, BLUE RASPBERRY, WATERMELON & STRAWBERRY GUMMIES, SOURS | BrandOwner: Mars, Inc.
[water] Updated: SOURS CHERRY, BLUE RASPBERRY, WATERMELON & STRAWBERRY MINIS FRUIT CHEWS, SOURS | BrandOwner: Mars, Inc.
[water] Updated: SWEET HEAT SIZZLIN' STRAWBERRY, FIERY WATERMELON, FLAMIN' ORANGE, LEMON SPARK, BLAZIN' MANGO BITE SIZE CANDIES, SWEET HEAT | BrandOwner: Mars, Inc.
[water] Updated: SWEET HEAT SIZZLIN' STRAWBERRY, FIERY WATERMELON, FLAMIN' ORANGE, LEMON SPARK, BLAZIN' MANGO BITE SIZE CANDIES, SWEET HEAT | BrandOwner: Mars, Inc.
[water] Updated: SWEET HEAT FIERY WATERMELON, FLAMIN' ORANGE, STRAWBERRY MANGO, PIPIN' PINEAPPLE FRUIT CHEWS, SWEET HEAT | BrandOwner: Mars, Inc.
[water] Updated: SOURS CHERRY, BLUE RASPBERRY, WATERMELON & STRAWBERRY MINIS FRUIT CHEWS, SOURS | BrandOwner: Mars, Inc.
[water] Updated: SWEET HEAT SIZZLIN' STRAWBERRY, FIERY WATERMELON, FLAMIN' ORANGE, LEMON SPARK, BLAZIN' MANGO BITE SIZE CANDIES, SWEET HEAT | BrandOwner: Mars, Inc.
[water] Updated: 5 FLAVORS BIG RING GUMMIES CANDY, CHERRY, WATERMELON, GREEN APPLE, STRAWBERRY, BLACKBERRY | BrandOwner: Mars, Inc.
[water] Updated: FAVEREDS WATERMELON, CHERRY, STRAWBERRY & FRUIT PUNCH FRUIT CHEWS, FAVEREDS | BrandOwner: Mars, Inc.
[water] Updated: 5 FLAVORS HARD CANDY, CHERRY, RASPBERRY, WATERMELON, ORANGE, PINEAPPLE | BrandOwner: Mars, Inc.
[water] Updated: 5 FLAVORS GUMMIES CANDY, WATERMELON, CHERRY, GREEN APPLE, ORANGE, STRAWBERRY | BrandOwner: Mars, Inc.
[water] Updated: SWEET WATERMELON SUGARFREE GUM, SWEET WATERMELON | BrandOwner: Mars, Inc.
[water] Updated: FAVEREDS WATERMELON, CHERRY, STRAWBERRY, & FRUIT PUNCH FRUIT CHEWS, FAVEREDS | BrandOwner: Mars, Inc.
[water] Updated: SWEET WATERMELON SUGARFREE GUM, SWEET WATERMELON | BrandOwner: Mars, Inc.
[water] Updated: SUMMER SPLASH STRAWBERRY WATERMELON, LEMON LIME, CHERRY COOLER & GRAPE SLUSHIE FRUIT CHEWS, SUMMER SPLASH | BrandOwner: Mars, Inc.
[water] Updated: FAVEREDS WATERMELON, CHERRY, STRAWBERRY & FRUIT PUNCH FRUIT CHEWS, FAVEREDS | BrandOwner: Mars, Inc.
[water] Updated: 5 FLAVORS GUMMIES CANDY, CHERRY, GREEN APPLE, STRAWBERRY, BLACKBERRY, WATERMELON | BrandOwner: Mars, Inc.
[water] Updated: BUNNIES & EGGS GUMMIES CANDY, WATERMELON, ORANGE, STRAWBERRY, CHERRY, GREEN APPLE | BrandOwner: Mars, Inc.
[water] Updated: FAVEREDS WATERMELON, CHERRY & STRAWBERRY JELLYBEANS, FAVEREDS | BrandOwner: Mars, Inc.
[water] Updated: SUMMER SPLASH STRAWBERRY WATERMELON, LEMON LIME, CHERRY COOLER & GRAPE SLUSHIE FRUIT CHEWS, SUMMER SPLASH | BrandOwner: Mars, Inc.
[water] Updated: SOURS CHERRY, BLUE RASPBERRY, WATERMELON & STRAWBERRY GUMMIES, SOURS | BrandOwner: Mars, Inc.
[water] Updated: ARCTIC GRAPE FIT LIQUID WATER ENHANCER, ARCTIC GRAPE | BrandOwner: Kraft Heinz Foods Company
[water] Updated: FRESH WATER WHITEFISH PORTIONS | BrandOwner: Superior Foods Company
[water] Updated: ASSORTED SALT WATER TAFFY CANDY | BrandOwner: Jo-Lee Food Products, Inc.
[water] Updated: 5 FLAVORS GUMMIES CANDY, CHERRY, WATERMELON, GREEN APPLE, STRAWBERRY, ORANGE | BrandOwner: Mars, Inc.
[water] Updated: 5 FLAVORS HARD CANDY, CHERRY, RASPBERRY, WATERMELON, ORANGE, PINEAPPLE | BrandOwner: Mars, Inc.
[water] Updated: SOURS GUMMIES CANDY, TANGY CHERRY, WATERMELON, ORANGE, STRAWBERRY, BLACK RASPBERRY | BrandOwner: Mars, Inc.
[water] Updated: 5 FLAVORS HARD CANDY, CHERRY, RASPBERRY, WATERMELON, ORANGE, PINEAPPLE | BrandOwner: Mars, Inc.
[water] Updated: 5 FLAVORS GUMMIES CANDY, CHERRY, WATERMELON, GREEN APPLE, STRAWBERRY, ORANGE | BrandOwner: Mars, Inc.
[water] Updated: FAVEREDS WATERMELON, CHERRY, STRAWBERRY, FRUIT PUNCH FRUIT CHEWS, FAVEREDS | BrandOwner: Mars, Inc.
[water] Updated: 5 FLAVORS GUMMIES CANDY, CHERRY, WATERMELON, GREEN APPLE, STRAWBERRY, ORANGE | BrandOwner: Mars, Inc.
[water] Updated: FAVEREDS WATERMELON, CHERRY, STRAWBERRY, FRUIT PUNCH FRUIT CHEWS, FAVEREDS | BrandOwner: Mars, Inc.
[water] Updated: 5 FLAVORS GUMMIES CANDY, CHERRY, WATERMELON, ORANGE, STRAWBERRY, GREEN APPLE | BrandOwner: Mars, Inc.
[water] Updated: FRUIT VARIETY HARD CANDY, WATERMELON, PINEAPPLE, MANGO MELON, WILD CHERRY, FRUIT PUNCH, GREEN APPLE, GRAPE, TANGERINE, STRAWBERRY, RASPBERRY | BrandOwner: Mars, Inc.
[water] Updated: 5 FLAVORS HARD CANDY, CHERRY, PINEAPPLE, WATERMELON, ORANGE, RASPBERRY | BrandOwner: Mars, Inc.
[water] Updated: FAVEREDS WATERMELON, CHERRY, STRAWBERRY, & FRUIT PUNCH FRUIT CHEWS, FAVEREDS | BrandOwner: Mars, Inc.
[water] Updated: SOURS CHERRY, BLUE RASPBERRY, WATERMELON & STRAWBERRY MINIS FRUIT CHEWS, SOURS | BrandOwner: Mars, Inc.
[water] Updated: BUNNIES & EGGS GUMMIES CANDY, WATERMELON, ORANGE, STRAWBERRY, CHERRY, GREEN APPLE | BrandOwner: Mars, Inc.
[water] Updated: SOUR GREEN APPLE, LEMON, WATERMELON, TANGERINE, CHERRY, BLUE RASPBERRY JELLY BEANS, SOUR | BrandOwner: Mars Chocolate North America LLC
[water] Updated: FAVEREDS WATERMELON, CHERRY, STRAWBERRY & FRUIT PUNCH FRUIT CHEWS, FAVEREDS | BrandOwner: Mars Chocolate North America LLC
[water] Updated: STRAWBERRY, WATERMELON & GRAPE FROZEN CONFECTION CANDY, STRAWBERRY, WATERMELON & GRAPE | BrandOwner: Wells Enterprises, Inc.
[water] Updated: WATERMELON SLICES CHEWY CANDY, WATERMELON SLICES | BrandOwner: Wal-Mart Stores, Inc.
[water] Updated: HYDRATE ALKALINE WATER | BrandOwner: Wal-Mart Stores, Inc.
[water] Updated: WATERMELON WEDGES CANDY | BrandOwner: 
[water] Updated: STRAWBERRY & WATERMELON FLAVOR SMOOTHIE | BrandOwner: 
[water] Updated: PURE LIFE PURIFIED WATER, 8 FL OZ, 24 COUNT | BrandOwner: 
[water] Updated: PURE LIFE PURIFIED WATER, 16.9 FL OZ | BrandOwner: 
[water] Updated: GUMMI BEARS, ORANGE, APPLE, CHERRY, PINEAPPLE, LEMON, STRAWBERRY, GRAPEFRUIT, MANGO, LIME, WATERMELON, GRAPE, BLUEBERRY | BrandOwner: 7-Eleven, Inc.
[water] Updated: GREEN APPLE, WATERMELON, BLUE RASPBERRY SOUR! POPPING CANDY, GREEN APPLE, WATERMELON, BLUE RASPBERRY | BrandOwner: Hilco LLC
[water] Updated: WATERMELON SOUR! POPPING CANDY, WATERMELON | BrandOwner: Hilco LLC
[water] Updated: ENHANCED MINERALIZED PURIFIED WATER | BrandOwner: Obsidian Performance Group, Inc.
[water] Updated: SALT WATER TAFFY, SALT WATER | BrandOwner: Aft Galley Holdings, LLC
[water] Updated: WATERMELON WHITE FUDGE SOUR | BrandOwner: 
[water] Updated: PREMIUM CHUNK IN WATER WHITE CHICKEN | BrandOwner: 
[water] Updated: ARTESIAN WATER | BrandOwner: The Kroger Co.
[water] Updated: FAVEREDS WATERMELON,CHERRY,STRAWBERRY&FRUIT PUNCH FRUIT CHEWS, FAVEREDS WATERMELON,CHERRY,STRAWBERRY&FRUIT PUNCH | BrandOwner: Mars, Inc.
[water] Updated: 100% NATURALLY ALKALINE SPRING WATER | BrandOwner: 
[water] Updated: 100% NATURALLY ALKALINE SPRING WATER | BrandOwner: 
[water] Updated: TRAWBERRY,WATERMELON & GRAPE CANDY, TRAWBERRY,WATERMELON & GRAPE | BrandOwner: Wells Enterprises, Inc.
[water] Updated: BLUE RASPBERRY, STRAWBERRY & WATERMELON CANDY CLASH FROZEN CONFECTION, BLUE RASPBERRY, STRAWBERRY & WATERMELON | BrandOwner: Wells Enterprises, Inc.
[water] Updated: ROASTED & SALTED WATERMELON SEEDS | BrandOwner: 
[water] Updated: SOUR WATERMELON | BrandOwner: National Distribution Network LLC
[water] Updated: CHAMOY WATERMELON RINGS, CHAMOY WATERMELON | BrandOwner: Boss Outfitter
[water] Updated: ROASTED PIQUILLO PEPPERS IN WATER | BrandOwner: George DeLallo Co., Inc.
[water] Updated: PREMIUM COCONUT WATER | BrandOwner: Zico Beverages, LLC
[water] Updated: WATER | BrandOwner: Giant Eagle, Inc.
[water] Updated: WATERMELON CHERRY LIME KOMBUCHA, WATERMELON CHERRY LIME | BrandOwner: Hy-Vee, Inc.
[water] Updated: SOUR GUMMY CHOMOY WATERMELON SLICES, GUMMY CHOMOY | BrandOwner: Eaux de Vie, Inc.
[water] Updated: COCONUT WATER | BrandOwner: All Market Inc.
[water] Updated: KOMBUCHA, WATERMELON, CHERRY, LIME | BrandOwner: MILLENNIUM PRODUCTS
[water] Updated: WATERMELON PREMIUM SYRUP, WATERMELON | BrandOwner: Victorio Kitchen Products
[water] Updated: WATERMELON LIMEADE, WATERMELON | BrandOwner: US Foods, Inc.
[water] Updated: REAL COCONUT WATER | BrandOwner: P.S.W. Inc.
[water] Updated: ZICO, PREMIUM COCONUT WATER | BrandOwner: Zico Beverages, LLC
[water] Updated: ALKALINE & ELECTROLYTE WATER | BrandOwner: Whole Foods Market, Inc.
[water] Updated: ROSATI ICE, COCONUT WATER ICE, MANGO | BrandOwner: S. R. Rosati Inc.
[water] Updated: GINGER ZEST, WATER + HONEY + GINGER + LEMON + NATURAL FLAVORS | BrandOwner: 
[water] Updated: WATERMELON ITALIAN ICE, WATERMELON | BrandOwner: Lindy's Homemade, LLC
[water] Updated: COCONUT WATER | BrandOwner: New Age Beverages Corporation 
[water] Updated: + ELECTROLYTES ADDED FOR PURIFIED WATER | BrandOwner: Rx Water LLC
[water] Updated: WATERMELON RINGS, WATERMELON | BrandOwner: Krause Gentle Corporation
[water] Updated: 9+ PH ALKALINE WATER | BrandOwner: Food City
[water] Updated: WATERMELON WONDER ENLIGHTENED ORGANIC KOMBUCHA, WATERMELON | BrandOwner: MILLENNIUM PRODUCTS
[water] Updated: REAL COCONUT WATER | BrandOwner: P.S.W. Inc.
[water] Updated: REAL COCONUT WATER, COCO GINGER | BrandOwner: P.S.W. Inc.
[water] Updated: JUICY BUGS GUMMY CANDIES, APPLE, CHERRY, WATERMELON & STRAWBERRY | BrandOwner: Walgreens Co.
[water] Updated: ORANGE TANGERINE FLAVOR LIQUID WATER ENHANCER, ORANGE TANGERINE | BrandOwner: Giant Eagle, Inc.
[water] Updated: ORANGE, GREEN APPLE WATERMELON, STRAWBERRY BLUR RASPBERRY, BLACK CHERRY SOUR SWEET & FRUITY CHEWY CANDY CUBES, ORANGE, GREEN APPLE WATERMELON, STRAWBERRY BLUR RASPBERRY, BLACK CHERRY | BrandOwner: Impact Confections, Inc.
[water] Updated: CARBONATED MINERAL WATER | BrandOwner: Nestle Waters North America Inc./perrier
[water] Updated: ROSATI ICE, COCONUT WATER ITALIAN ICE | BrandOwner: S. R. Rosati Inc.
[water] Updated: RED TART PITTED CHERRIES WATER PACK | BrandOwner: Knouse Foods, Inc/musselman Dv
[water] Updated: ALKALINE WATER | BrandOwner: Giant Eagle, Inc.
[water] Updated: SALT WATER TAFFY, SALT WATER TAFFY | BrandOwner: Associated Wholesale Grocers, Inc.
[water] Updated: HARMLESS HARVEST, 100% RAW COCONUT WATER, CINNAMON & CLOVE, CINNAMON & CLOVE | BrandOwner: Harmless Harvest Inc.
[water] Updated: ORIGINAL CARBONATED MINERAL WATER, ORIGINAL | BrandOwner: Nestle Waters North America Inc./perrier
[water] Updated: WATERMELON CHAMOY RIMUMER, WATERMELON | BrandOwner: Santoyo Bros. Mexican Food Products
[water] Updated: HARMLESS HARVEST, 100% RAW COCONUT WATER, DARK CACAO, DARK CACAO | BrandOwner: Harmless Harvest Inc.
[water] Updated: CHEWY CUBES, ORANGE, GREEN APPLE, WATERMELON, STRAWBERRY, BLUE RASPBERRY, BLACK CHERRY | BrandOwner: Impact Confections, Inc.
[water] Updated: COCO 4 USA, COCONUT WATER | BrandOwner: Entertainment Production House Inc.
[water] Updated: GRAPE FLAVOR LIQUID WATER ENHANCER, GRAPE | BrandOwner: Aldi Inc.
[water] Updated: ORGANIC COCONUT WATER | BrandOwner: Wal-Mart Stores, Inc.
[water] Updated: ROASTED WATERMELON SEED BUTTER, ROASTED WATERMELON | BrandOwner: 88 acres foods, inc
[water] Updated: ZICO, PREMIUM ORGANIC COCONUT WATER | BrandOwner: Zico Beverages, LLC
[water] Updated: LIQUID WATER ENHANCER, ORANGE TANGERINE | BrandOwner: Ahold USA, Inc. 
[water] Updated: WILD CAUGHT SOLID WHITE ALBACORE TUNA IN WATER | BrandOwner: Milky Way Int'L Trading Corp
[water] Updated: STRAWBERRY WATERMELON FLAVOR LIQUID WATER ENHANCER, STRAWBERRY WATERMELON | BrandOwner: Giant Eagle, Inc.
[water] Updated: 9.5+ PH ALKALINE WATER | BrandOwner: Rite Aid Corporation
[water] Updated: ORGANIC POPS, GOOGLY GRAPE, POMEGRANATE PUCKER, VERY VERY CHERRY, STRAWBERRY SMASH, WET-FACE WATERMELON | BrandOwner: YummyEarth Inc.
[water] Updated: SOUR JACKS WATERMELON CANDY, SOUR JACKS WATERMELON | BrandOwner: Associated Wholesale Grocers, Inc.
[water] Updated: REAL COCONUT WATER, SKINNY COCO | BrandOwner: P.S.W. Inc.
[water] Updated: ORGANIC WATERMELON WATER, TART CHERRY | BrandOwner: 
[water] Updated: COCONUT WATER | BrandOwner: Eastland Food Corporation
[water] Updated: REAL COCONUT WATER | BrandOwner: P.S.W. Inc.
[water] Updated: 100% NATURAL SPRING WATER | BrandOwner: Nestle Waters North America Inc./ozarka
[water] Updated: COCONUT WATER | BrandOwner: United Natural Foods, Inc.
[water] Updated: COCONUT WATER | BrandOwner: United Natural Foods, Inc.
[water] Updated: MANDARIN ORANGES WHOLE SEGMENTS IN WATER, MANDARIN IN WATER | BrandOwner: Wal-Mart Stores, Inc.
[water] Updated: DICED PEARS IN WATER, WATER | BrandOwner: Wal-Mart Stores, Inc.
[water] Updated: CHUNK LIGHT WILD CAUGHT TUNA IN WATER, CHUNK LIGHT IN WATER | BrandOwner: Wal-Mart Stores, Inc.
[water] Updated: POLE & LINE SKIPJACK WILD CAUGHT TUNA IN WATER, POLE & LINE | BrandOwner: Whole Foods Market, Inc.
[water] Updated: WATERMELON SOFT & CHEWY CANDY, WATERMELON | BrandOwner: 
[water] Updated: PRICKLY PEAR & LEMON DESERT WATER | BrandOwner: Madre Mezcal
[water] Updated: SARDINES IN WATER, WATER | BrandOwner: Crown Prince, Inc.
[water] Updated: PH 9.5 OR HIGHER ALKALINE WATER | BrandOwner: Giant Eagle, Inc.
[water] Updated: CHUNK LIGHT WILD CAUGHT TUNA IN WATER, CHUNK LIGHT | BrandOwner: Fareway Stores, Inc.
[water] Updated: COLLISIONS SUGARFREE GUM, TROPICAL BERRY, STRAWBERRY WATERMELON | BrandOwner: Mars, Inc.
[water] Updated: FAVEREDS WATERMELON, CHERRY, STRAWBERRY, & FRUIT PUNCH FRUIT CHEWS, FAVEREDS | BrandOwner: Mars, Inc.
[water] Updated: SWEET WATERMELON SUGARFREE GUM, SWEET WATERMELON | BrandOwner: Mars, Inc.
[water] Updated: SOLID WHITE ALBACORE TUNA IN WATER | BrandOwner: 
[water] Updated: CHUNK LIGHT TUNA IN WATER | BrandOwner: Supervalu, Inc.
[water] Updated: BERRY POMEGRANATE WATER ENHANCER, BERRY POMEGRANATE | BrandOwner: Nash Finch Company
[water] Updated: WATERMELON SOFT & CHEWY CANDY, WATERMELON | BrandOwner: Mondelez International, Inc.
[water] Updated: WATERMELON SOFT & CHEWY CANDY, WATERMELON | BrandOwner: Mondelez International, Inc.
[water] Updated: WATERMELON SOFT & CHEWY CANDY, WATERMELON | BrandOwner: Mondelez International, Inc.
[water] Updated: WILD CAUGHT MACKEREL IN WATER, WATER | BrandOwner: Crown Prince, Inc.
[water] Updated: MINCED GARLIC IN WATER | BrandOwner: Wal-Mart Stores, Inc.
[water] Updated: ORGANIC COCONUT WATER | BrandOwner: Wal-Mart Stores, Inc.
[water] Updated: PREMIUM CHUNK CHICKEN BREAST IN WATER, CHUNK IN WATER | BrandOwner: Wal-Mart Stores, Inc.
[water] Updated: LOW SODIUM CHUNK WHITE ALBACORE TUNA IN WATER, LOW SODIUM CHUNK WHITE ALBACORE IN WATER | BrandOwner: Star Markets Co.
[water] Updated: CHUNK WHITE ALBACORE TUNA IN WATER, CHUNK WHITE ALBACORE TUNA | BrandOwner: Star Markets Co.
[water] Updated: WATERMELON ZERO SUGAR THIRST QUENCHER TABLETS, WATERMELON | BrandOwner: The Quaker Oats Co./gatorade-Van Camp
[water] Updated: SLICED WATER CHESTNUTS, SLICED | BrandOwner: Associated Wholesale Grocers, Inc.
[water] Updated: SKINLESS & BONELESS SARDINES IN WATER, WATER | BrandOwner: Crown Prince, Inc.
[water] Updated: MINERALIZED WATER | BrandOwner: Magro International Inc.
[water] Updated: ROSE WATER | BrandOwner: Tvt's International Export & Import Co.
[water] Updated: WATERMELON KIWI, WATERMELON | BrandOwner: Mott's LLP
[water] Updated: REAL COCONUT WATER | BrandOwner: P.S.W. Inc.
[water] Updated: 5 FLAVORS SUGAR FREE HARD CANDY, CHERRY, RASPBERRY, WATERMELON, ORANGE, PINEAPPLE | BrandOwner: Mars, Inc.
[water] Updated: NO SUGAR ADDED DICED YELLOW CLING PEACHES IN WATER, WATER | BrandOwner: Wal-Mart Stores, Inc.
[water] Updated: SUGAR SNAP PEAS, BROCCOLI, GREEN BEANS, YELLOW SQUASH, RED PEPPERS, CARROTS, YELLOW PEPPERS, WATER CHESTNUTS STIR-FRY, SUGAR SNAP PEA | BrandOwner: Wal-Mart Stores, Inc.
[water] Updated: ORIGINAL COCONUT WATER, ORIGINAL | BrandOwner: Glencourt Inc.
[water] Updated: LIGHT WILD CAUGHT TUNA IN WATER, LIGHT IN WATER | BrandOwner: StarKist Co.
[water] Updated: ORIGINAL COCONUT WATER, ORIGINAL | BrandOwner: The Kroger Co.
[water] Updated: COCONUT MINT BUBBLES EFFERVESCENT SPRING WATER, COCONUT MINT | BrandOwner: JUST Goods
[water] Updated: ORO MANGO GUAYUSA ZERO SUGAR CAFFEINATED WATER, ORO MANGO GUAYUSA | BrandOwner: Amarillo Globe-News
[water] Updated: 24OZ SPORT BOTTLE SPRING WATER | BrandOwner: POLAR BEVERAGES
[water] Updated: RAYGE CANDY & NUTS GUMMY WATERMELONS, 5 OZ | BrandOwner: Rayge Candy Co. Inc.
[water] Updated: BITES CHERRY - ORANGE & WATERMELON - GREEN APPLE SOFT CANDY, CHERRY; ORANGE; WATERMELON; GREEN APPLE | BrandOwner: Bloom Packaging Corp.
[water] Updated: WATER ADDED HAM | BrandOwner: Hormel Foods Corporation 
[water] Updated: WATERMELON, SOUR APPLE & BLUE RASPBERRY SOURS  CANDY BUTTONS, WATERMELON; SOUR APPLE; BLUE RASPEBERRY | BrandOwner: Doscher's Candies Inc.
[water] Updated: TROPICAL TWIST FRUITY WATER, PINEAPPLE; MANGO | BrandOwner: Reine River Studio
[water] Updated: APPLE FRUITY WATER, APPLE | BrandOwner: Reine River Studio
[water] Updated: DELUXE STIR-FRY BROCCOLI, ITALIAN GREEN BEANS, CARROTS, BABY CORN COBS, WATER CHESTNUTS, RED BELL PEPPERS, DELUXE STIR-FRY | BrandOwner: Wal-Mart Stores, Inc.
[water] Updated: PERLINE FRESH MOZZARELLA CHEESE IN WATER, PERLINE FRESH MOZZARELLA | BrandOwner: Delhaize America, Inc.
[water] Updated: COCONUT WATER, COCONUT | BrandOwner: Cutlery and More, LLC
[water] Updated: YELLOWFIN TUNA SOLID PACK IN SPRING WATER, YELLOWFIN IN SPRING WATER | BrandOwner: Adams Wholesale Supply, Inc.
[water] Updated: LIME BUBBLES EFFERVESCENT SPRING WATER, LIME BUBBLES | BrandOwner: JUST Goods
[water] Updated: LEMON BUBBLES EFFERVESCENT SPRING WATER, LEMON | BrandOwner: JUST Goods
[water] Updated: 1 LITER BOTTLE VICHY WATER | BrandOwner: POLAR BEVERAGES
[water] Updated: GERBER PURE, PURIFIED WATER, 1 GALLON PLASTIC JUG | BrandOwner: Gerber Products Company
[water] Updated: TWIST OF LIME MINERAL WATER, LIME | BrandOwner: The Coca-Cola Company
[water] Updated: TOPO CHICO MINERAL WATER GLASS BOTTLES, 12 FL OZ, 4 PACK | BrandOwner: The Coca-Cola Company
[water] Updated: EGG HUNT AGES 4+ LOLLIPOPS, BLUE RASPBERRY; STRAWBERRY; WATERMELON | BrandOwner: The Topps Company, Inc.
[water] Updated: ION CHARGED ALKALINE WATER | BrandOwner: Nestle Waters North America Inc./great Bear
[water] Updated: IMMUNE SUPPORT COLD WATER INFUSIONS, RASPBERRY; HIBISCUS | BrandOwner: R. Twining and Company Limited
[water] Updated: PROBIOTIC + PINEAPPLE & COCONUT COLD WATER INFUSIONS, PINEAPPLE; COCONUT | BrandOwner: R. Twining and Company Limited
[water] Updated: 100% NATURAL SPRING WATER | BrandOwner: Nestle Waters North America Inc./poland Spring
[water] Updated: 100% NATURAL SPRING WATER | BrandOwner: Nestle Waters North America Inc./poland Spring
[water] Updated: MINUTE MAID WATERMELON CARTON, 59 FL OZ, WATERMELON | BrandOwner: The Minute Maid Company
[water] Updated: ORANGE TANGERINE LIQUID WATER ENHANCER, ORANGE; TANGERINE | BrandOwner: 4C Foods Corp.
[water] Updated: WATERMELON GELATIN DESSERT, WATERMELON | BrandOwner: Kraft Heinz Foods Company
[water] Updated: THE ORIGINAL NERDS STRAWBERRY, WATERMELON & GRAPE POPS, STRAWBERRY; WATERMELON; GRAPE | BrandOwner: Wells Enterprises, Inc.
[water] Updated: NATURAL SPRING WATER | BrandOwner: Saratoga Springs Mineral Water
[water] Updated: POMEGRANATE ENHANCED WATER, POMEGRANATE | BrandOwner: Polar Corporation
[water] Updated: WHITE GRAPE ENHANCED WATER, WHITE GRAPE | BrandOwner: Polar Corporation
[water] Updated: MURAKAMI CARBONATED MINERAL WATER | BrandOwner: Nestle Waters North America Inc./perrier
[water] Updated: ORIGINAL CARBONATED MINERAL WATER | BrandOwner: Nestle Waters North America Inc./perrier
[water] Updated: ORANGE FLAVOR SPRING WATER, ORANGE | BrandOwner: Nestle Waters North America Inc./poland Spring
[water] Updated: CONCHITA COCONUT WATER, 16.8 FL OZ | BrandOwner: Conchita Foods, Inc.
[water] Updated: PULP COCONUT WATER | BrandOwner: Iberia Foods Corporation
[water] Updated: NO PULP COCONUT WATER | BrandOwner: Iberia Foods Corporation
[water] Updated: IBERIA COCONUT WATER, 10.5 FL OZ, COCONUT | BrandOwner: Iberia Foods Corporation
[water] Updated: CHOPPED IN WATER GARLIC | BrandOwner: Iberia Foods Corporation
[water] Updated: 100% NATURAL SPRING WATER | BrandOwner: Nestle Waters North America Inc./poland Spring
[water] Updated: 100% NATURAL SPRING WATER | BrandOwner: Nestle Waters North America Inc./poland Spring
[water] Updated: ZESTY LIME WATER, LIME | BrandOwner: Nestle Waters North America Inc./poland Spring
[water] Updated: 100% NATURAL SPRING WATER | BrandOwner: Nestle Waters North America Inc./poland Spring
[water] Updated: 100% NATURAL SPRING WATER | BrandOwner: Nestle Waters North America Inc./poland Spring
[water] Updated: NATURAL SPRING WATER, BLACK CHERRY | BrandOwner: Nestle Waters North America Inc./deer Park
[water] Updated: COCONUT WATER, PINEAPPLE & MANDARIN ORANGE | BrandOwner: Dole Packaged Foods, LLC
[water] Updated: PEACH & MANGO IN SLIGHTLY SWEETENED COCONUT WATER, SLIGHTLY SWEETENED COCONUT WATER | BrandOwner: Dole Packaged Foods, LLC
[water] Updated: YELLOW CLING DICED PEACHES IN SLIGHTLY SWEETENED COCONUT WATER, COCONUT WATER | BrandOwner: Dole Packaged Foods, LLC
[water] Updated: GUMMI CANDY, WATERMELON, STRAWBERRY, LIME, CHERRY, ORANGE, RASPBERRY | BrandOwner: Ferrara Candy Company
[water] Updated: NATURAL SPRING WATER, BLACK CHERRY | BrandOwner: Nestle Waters North America Inc./deer Park
[water] Updated: SOUR 12 FLAVOR MINI GUMMI WORMS, CHERRY; STRAWBERRY; MANGO; PINEAPPLE; LEMON; ORANGE; GREEN APPLE; WATERMELON; PINK GRAPEFRUIT; LIME; BLUE RASPBERRY; GRAPE | BrandOwner: Albanese Confectionery Group, Inc.
[water] Updated: 12 FLAVOR GUMMI BEAR CUBS, CHERRY; STRAWBERRY; MANGO; PINEAPPLE; LEMON; ORANGE; GREEN APPLE; WATERMELON; PINK GRAPEFRUIT; LIME; BLUE RASPBERRY; GRAPE | BrandOwner: Albanese Confectionery Group, Inc.
[water] Updated: WATERMELON ITALIAN ICES, WATERMELON | BrandOwner: Olympic Ice Cream Co.Inc.
[water] Updated: CHUNK LIGHT IN WATER TUNA | BrandOwner: StarKist Co.
[water] Updated: CHUNK LIGHT IN WATER TUNA | BrandOwner: StarKist Co.
[water] Updated: ORIGINAL GUMMIES GREEN APPLE, BLUE RASPBERRY, CHERRY, GRAPE & WATERMELON CANDY, ORIGINAL GUMMIES | BrandOwner: Leaf, Inc.
[water] Updated: BROCCOLI, CARROTS, SUGAR SNAP PEAS & WATER CHESTNUTS | BrandOwner: Pinnacle Foods Group LLC
[water] Updated: PERFORMANCE H2O ULTRA HYDRATING VAPOR DISTILLED WATER | BrandOwner: Ferolito Vultaggio & Sons
[water] Updated: 100% NATURALLY ALKALINE SPRING WATER | BrandOwner: 
[water] Updated: ADIRONDACK SPRING WATER, 24 FL OZ | BrandOwner: Polar Corporation
[water] Updated: MVSPNG WATER,SPKLG,GLASS 1 LTR | BrandOwner: Mountain Valley Spring Company LLC
[water] Updated: NATURAL SPRING WATER, SIMPLY BUBBLES | BrandOwner: Nestle Waters North America Inc./deer Park
[water] Updated: PINEAPPLE TIDBITS IN SLIGHTLY SWEETENED COCONUT WATER, SLIGHTLY SWEETENED COCONUT WATER | BrandOwner: Dole Packaged Foods, LLC
[water] Updated: PINEAPPLE, PEACH & MANGO IN SLIGHTLY SWEETENED COCONUT WATER, SLIGHTLY SWEETENED COCONUT WATER | BrandOwner: Dole Packaged Foods, LLC
[water] Updated: PREMIUM CHUNK CHICKEN BREAST IN WATER, PREMIUM CHUNK IN WATER | BrandOwner: H E Butt Grocery Company
[water] Updated: PREMIUM CHUNK CHICKEN BREAST IN WATER, PREMIUM CHUNK IN WATER | BrandOwner: H E Butt Grocery Company
[water] Updated: APPLE & LYCHEE WATER, APPLE; LYCHEE | BrandOwner: Artesani Inc.
[water] Updated: NATURAL SPRING WATER, ZESTY LIME | BrandOwner: Nestle Waters North America Inc./deer Park
[water] Updated: 100% NATURALLY ALKALINE SPRING WATER | BrandOwner: Innomed Inc.
[water] Updated: 100% NATURALLY ALKALINE SPRING WATER | BrandOwner: Innomed Inc.
[water] Updated: MINI GUMMI WORMS, CHERRY, STRAWBERRY, MANGO, PINEAPPLE, LEMON, ORANGE, GREEN APPLE, WATERMELON, PINK GRAPEFRUIT, LIME, BLUE RASPBERRY, GRAPE | BrandOwner: Albanese Confectionery Group, Inc.
[water] Updated: 100% NATURALLY ALKALINE SPRING WATER | BrandOwner: 
[water] Updated: WATERMELON SOFT & CHEWY CANDY, WATERMELON | BrandOwner: Mondelez International, Inc.
[water] Updated: FRESHWATER CLEANED SMELT | BrandOwner: Picturepages Partnership, LLC
[water] Updated: WATERMELON WONDER ORGANIC KOMBUCHA, WATERMELON | BrandOwner: MILLENNIUM PRODUCTS
[water] Updated: BLACK CURRANT BLUEBERRY EXTRACT VAPOR DISTILLED WATER, BLACK CURRANT; BLACKBERRY | BrandOwner: Energy Brands Inc.-Glaceau
[water] Updated: DANDELION LEMON EXTRACT VAPOR DISTILLED WATER, LEMON | BrandOwner: Energy Brands Inc.-Glaceau
[water] Updated: ASSORTED SALT WATER TAFFY | BrandOwner: International Foodsource
[water] Updated: WILD ALBACORE TUNA IN WATER | BrandOwner: StarKist Co.
[water] Updated: NATURAL SPRING WATER, ZESTY LIME | BrandOwner: Nestle Waters North America Inc./deer Park
[water] Updated: ALKALINE 10PH ELECTROLYTE SPRING WATER | BrandOwner: Sang Labs, Inc.
[water] Updated: ALKALINE 10PH SPRING WATER | BrandOwner: Sang Labs, Inc.
[water] Updated: PH 9.5+ ELECTROLYTES ALKALINE WATER | BrandOwner: Stratus Group LLC
[water] Updated: ALKALINE + ELECTROLYTES PURIFIED WATER | BrandOwner: Cleanse and Burn, Inc.
[water] Updated: SOLID WHITE ALBACORE TUNA IN WATER | BrandOwner: Bumble Bee Foods, LLC
[water] Updated: WILD SELECTIONS, SOLID WHITE ALBACORE TUNA IN WATER, NO SALT ADDED | BrandOwner: Bumble Bee Foods, LLC
[water] Updated: HTWO HYDROGEN WATER, 16.9 FL OZ | BrandOwner: HTWO Beverage Company, LLC
[water] Updated: THE ORIGINAL COCONUT WATER, COCONUT | BrandOwner: All Market Inc.
[water] Updated: SOUR GUMMI BEARS, CHERRY, STRAWBERRY, MANGO, PINEAPPLE, LEMON, ORANGE, GREEN APPLE, WATERMELON, PINK GRAPEFRUIT, LIME, BLUE RASPBERRY, GRAPE | BrandOwner: Albanese Confectionery Group, Inc.
[water] Updated: SOUR GUMMI BEARS, CHERRY, STRAWBERRY, MANGO, PINEAPPLE, LEMON, ORANGE, GREEN APPLE, WATERMELON, PINK GRAPEFRUIT, LIME, BLUE RASPBERRY, GRAPE | BrandOwner: Albanese Confectionery Group, Inc.
[water] Updated: 100% NATURAL SPRING WATER | BrandOwner: Nestle Waters North America Inc./poland Spring
[water] Updated: 100% NATURAL SPRING WATER | BrandOwner: Nestle Waters North America Inc./poland Spring
[water] Updated: SALT WATER FOUR FLAVORS TAFFY, SALT WATER TAFFY | BrandOwner: Bergin Nut Company, Inc.
[water] Updated: BLUE RASPBERRY, STRAWBERRY & WATERMELON CANDY CLASH FROZEN CONFECTION, BLUE RASPBERRY, STRAWBERRY & WATERMELON | BrandOwner: Wells Enterprises, Inc.
[water] Updated: WATERMELON & LIME FROZEN CONFECTION, WATERMELON & LIME | BrandOwner: Wells Enterprises, Inc.
[water] Updated: WATERMELON & LIME FROZEN CONFECTION, WATERMELON & LIME | BrandOwner: Wells Enterprises, Inc.
[water] Updated: ORIGINAL COCONUT WATER | BrandOwner: All Market Inc.
[water] Updated: NESTL PURE LIFE PURIFIED WATER, 101.4 FL OZ | BrandOwner: 
[water] Updated: SEMI IQF, HEAD-ON, SHELL-ON GIANT FRESHWATER PRAWN | BrandOwner: Harvest Fresh Catfish Company, Inc.
[water] Updated: 100% NATURAL SPRING WATER | BrandOwner: Nestle Waters North America Inc./poland Spring
[water] Updated: 100% NATURAL SPRING WATER | BrandOwner: Nestle Waters North America Inc./poland Spring
[water] Updated: 100% NATURAL SPRING WATER | BrandOwner: Nestle Waters North America Inc./poland Spring
[water] Updated: CANDY, SOUR PATCH WATERMELON | BrandOwner: Axicon
[water] Updated: COCONUT WATER | BrandOwner: All Market Inc.
[water] Updated: PURE LIFE PURIFIED WATER, 8 FL OZ | BrandOwner: 
[water] Updated: 100% NATURAL SPRING WATER | BrandOwner: Nestle Waters North America Inc./poland Spring
[water] Updated: 100% NATURAL SPRING WATER | BrandOwner: Nestle Waters North America Inc./poland Spring
[water] Updated: 100% NATURAL SPRING WATER | BrandOwner: Nestle Waters North America Inc./poland Spring
[water] Updated: 100% NATURAL SPRING WATER | BrandOwner: Nestle Waters North America Inc./poland Spring
[water] Updated: 100% NATURAL SPRING WATER | BrandOwner: Nestle Waters North America Inc./deer Park
[water] Updated: 100% NATURAL SPRING WATER | BrandOwner: Nestle Waters North America Inc./deer Park
[water] Updated: 100% NATURAL SPRING WATER | BrandOwner: Nestle Waters North America Inc./deer Park
[water] Updated: 100% NATURAL SPRING WATER | BrandOwner: Nestle Waters North America Inc./deer Park
[water] Updated: 100% NATURAL SPRING WATER | BrandOwner: Nestle Waters North America Inc./deer Park
[water] Updated: 100% NATURAL MINIS SPRING WATER | BrandOwner: Nestle Waters North America Inc./deer Park
[water] Updated: 100% NATURAL SPRING WATER | BrandOwner: Nestle Waters North America Inc./deer Park
[water] Updated: WATERMELON SLICES GUMMI CANDY, WATERMELON SLICES | BrandOwner: Giant Eagle, Inc.
[water] Updated: ARTESIAN SPRING WATER | BrandOwner: Schnuck Markets, Inc.
[water] Updated: SOUR WATERMELON ICE CREAM, SOUR WATERMELON | BrandOwner: Kemps LLC 
[water] Updated: CHERRY LIQUID WATER ENHANCER, CHERRY | BrandOwner: Weis Markets, Inc.
[water] Updated: SOUR WATERMELON CHEWY, SOUR WATERMELON | BrandOwner: CVS Pharmacy, Inc.
[water] Updated: PULP FREE COCONUT WATER, PULP FREE | BrandOwner: Target Stores
[water] Updated: SOLID WHITE ALBACORE TUNA IN WATER, SOLID WHITE ALBACORE IN WATER | BrandOwner: Bumble Bee Foods, LLC
[water] Updated: WATERMELON WEDGES GUMMI CANDY, WATERMELON WEDGES | BrandOwner: Mederer U.S.A.,Inc. 
[water] Updated: SOUR WATERMELON CLASSIC PREMIUM SHAVED ICE SYRUP, SOUR WATERMELON CLASSIC | BrandOwner: Mary Mack's, Inc.
[water] Updated: 100% COCONUT WATER, COCONUT | BrandOwner: Gracekennedy Foods (USA) LLC
[water] Updated: NTRUAL SPRING WATER, ORANGE | BrandOwner: Nestle Waters North America Inc./deer Park
[water] Updated: NATURAL SPRING WATER, ORANGE | BrandOwner: Nestle Waters North America Inc./deer Park
[water] Updated: NATURAL SPRING WATER, ZESTY LIME | BrandOwner: Nestle Waters North America Inc./deer Park
[water] Updated: BLK. WATER, 16.9 FL OZ | BrandOwner: BLK ENTERPRISES LLC
[water] Updated: 100% NATURAL SPRING WATER | BrandOwner: Nestle Waters North America Inc./poland Spring
[water] Updated: JUICY WATERMELON BITES CANDY, JUICY WATERMELON | BrandOwner: Diversified Plastics, Inc.
[water] Updated: COTTON CANDY, BUBBLE GUM, WILD CHERRY, GREEN APPLE, WATERMELON, ORANGE CREAMSICLE, BLUE RASPBERRY LOLLIPOPS, COTTON CANDY, BUBBLE GUM, WILD CHERRY, GREEN APPLE, WATERMELON, ORANGE CREAMSICLE, BLUE RASPBERRY | BrandOwner: Original Gourmet Food Company Inc.
[water] Updated: ORIGINAL SUPER PREMIUM COCONUT WATER, ORIGINAL | BrandOwner: W.B. LLC
[water] Updated: MINT & LIME, WATERMELON SANDIA, MINT & LIME, WATERMELON | BrandOwner: Zia Energia, LLC
[water] Updated: 100% COCONUT WATER | BrandOwner: 
[water] Updated: WATERMELON, STRAWBERRY SOFT & CHEWY CANDY, WATERMELON, STRAWBERRY | BrandOwner: Mondelez International, Inc.
[water] Updated: WATERMELON, STRAWBERRY SOFT & CHEWY CANDY, WATERMELON, STRAWBERRY | BrandOwner: Mondelez International, Inc.
[water] Updated: MANDARIN ORANGES SEGMENTS IN WATER, MANDARIN | BrandOwner: Brookshire Grocery Company
[water] Updated: WATERMELON JELLY BEANS, WATERMELON | BrandOwner: 
[water] Updated: PINEAPPLE STRAWBERRY SUPER WATER, PINEAPPLE STRAWBERRY | BrandOwner: The Selling Point, LLC
[water] Updated: WATERMELON SEEDS | BrandOwner: IL NUTS INC. 
[water] Updated: COOL WATERMELON GUM, COOL WATERMELON | BrandOwner: Ferrero U.S.A., Incorporated
[water] Updated: PREMIUM COCONUT WATER | BrandOwner: P.S.W. Inc.
[water] Updated: REAL PREMIUM COCONUT WATER | BrandOwner: P.S.W. Inc.
[water] Updated: REAL PREMIUM COCONUT WATER | BrandOwner: P.S.W. Inc.
[water] Updated: WILD CAUGHT ALASKAN PINK IN SPRING WATER LOW SODIUM PACKET SALMON | BrandOwner: Tri-Union Seafoods, LLC
[water] Updated: CHOPPED IN WATER GARLIC | BrandOwner: Vitarroz International Foods LLC
[water] Updated: ROASTED RED IN WATER PEPPER STRIPS | BrandOwner: George DeLallo Co., Inc.
[water] Updated: CILIENGINE FRESH MOZZARELLA CUP PACKED IN WATER CHEESE | BrandOwner: Lactalis American Group, Inc. 
[water] Updated: 100% NATURAL WHITE & DARK IN WATER CHICKEN | BrandOwner: Valley Fresh Inc.
[water] Updated: STRAWBERRY KIWI LIQUID WATER ENHANCER, STRAWBERRY; KIWI | BrandOwner: Kraft Heinz Foods Company
[water] Updated: WATER SARDINES | BrandOwner: I. Epstein & Sons, Inc.
[water] Updated: CRACKER STACKERS BUILDABLE GUMMY CANDY, ORIGINAL, WATERMELON, STRAWBERRY, PINEAPPLE, MANGO | BrandOwner: Frankford Candy, LLC
[water] Updated: CHOPPED IN WATER GARLIC | BrandOwner: Great Garlic Foods Inc
[water] Updated: CHOPPED IN WATER GARLIC | BrandOwner: Great Garlic Foods Inc
[water] Updated: LOW SODIUM WILD CAUGHT ALBACORE WHITE IN WATER TUNA | BrandOwner: StarKist Co.
[water] Updated: WILD CAUGHT LIGHT IN WATER TUNA | BrandOwner: StarKist Co.
[water] Updated: NAKED COCONUT WATER, 11.2 FL OZ | BrandOwner: Naked Juice
[water] Updated: NATURAL 100% COCONUT WATER, COCONUT | BrandOwner: ZICO Rising, Inc
[water] Updated: SWEETENED MANDARIN ORANGES IN WATER, SWEETENED | BrandOwner: Schnuck Markets, Inc.
[water] Updated: SOLID LIGHT YELLOWFIN IN WATER TUNA | BrandOwner: Cachere Distributing Inc.
[water] Updated: HYDRATING LEMON WATER, LEMON; DRAGON FRUIT; MANGO; KIWI; STAR FRUIT; PEACH; RASPBERRY | BrandOwner: The Lemon Perfect Company
[water] Updated: 100% PURE COCONUT WATER | BrandOwner: GMP Global Marketing Inc.
[water] Updated: LEMON & LEMON ZEST MINERAL WATER, LEMON & LEMON ZEST | BrandOwner: Sanpellegrino Usa, Inc.
[water] Updated: NATURAL 100% COCONUT WATER, COCONUT | BrandOwner: ZICO Rising, Inc
[water] Updated: SPRING WATER SOLID PACK TUNA | BrandOwner: Adams Wholesale Supply, Inc.
[water] Updated: ORIGINAL CARBONATED MINERAL WATER | BrandOwner: Nestle Waters North America Inc./perrier
[water] Updated: UNSWEETENED COCONUT WATER | BrandOwner: Conchita Foods, Inc.
[water] Updated: 100% PURE COCONUT WATER | BrandOwner: Iberia Foods Corporation
[water] Updated: SOLID WHITE ALBACORE WATER TUNA | BrandOwner: Bumble Bee Foods, LLC
[water] Updated: CHUNK LIGHT IN WATER TUNA | BrandOwner: Bumble Bee Foods, LLC
[water] Updated: GOURMET BRISLING IN WATER WILD SARDINES | BrandOwner: Bumble Bee Foods, LLC
[water] Updated: CHUNK LIGHT IN WATER TUNA | BrandOwner: Bumble Bee Foods, LLC
[water] Updated: WATERMELON, GRAPE, APPLE & RASPBERRY ZERO SUGAR HARD CANDY, WATERMELON, GRAPE, APPLE & RASPBERRY | BrandOwner: Leaf, Inc.
[water] Updated: SOURS GUMMIES CANDY, GREEN APPLE, BLUE RASPBERRY, CHERRY, LEMON & WATERMELON | BrandOwner: Leaf, Inc.
[water] Updated: ASIAN-STYLE VEGETABLES BROCCOLI, CARROTS, SUGAR SNAP PEAS, WATER CHESTNUTS, ASIAN-STYLE VEGETABLES | BrandOwner: Safeway, Inc.
[water] Updated: GOURMET STYLE SARDINE FILLETS IN SPRING WATER, GOURMET STYLE | BrandOwner: Channel 5 Public Broadcasting, Inc.
[water] Updated: PEACH CARBONATED MINERAL WATER, PEACH | BrandOwner: Nestle Waters North America Inc./perrier
[water] Updated: L'ORANGE CARBONATED MINERAL WATER, L'ORANGE | BrandOwner: Nestle Waters North America Inc./perrier
[water] Updated: LOW SODIUM SOLID WHITE ALBACORE TUNA IN WATER, LOW SODIUM SOLID WHITE ALBACORE IN WATER | BrandOwner: StarKist Co.
[water] Updated: CHUNK LIGHT TUNA IN WATER, CHUNK LIGHT IN WATER | BrandOwner: StarKist Co.
[water] Updated: ORIGINAL 100% PURE COCONUT WATER | BrandOwner: Good People's Corporation
[water] Updated: SOLID WHITE ALBACORE TUNA IN WATER, SOLID WHITE ALBACORE | BrandOwner: StarKist Co.
[water] Updated: CHUNK WHITE ALBACORE TUNA IN WATER, CHUNK WHITE ALBACORE IN WATER | BrandOwner: StarKist Co.
[water] Updated: VIBRANCE PINK GRAPEFRUIT EXTRACT NUTRIENT ENHANCED WATER, GRAPEFRUIT | BrandOwner: Core Nutrition, LLC
[water] Updated: IMMUNITY LEMON EXTRACT NUTRIENT ENHANCED WATER, LEMON | BrandOwner: Core Nutrition, LLC
[water] Updated: ALBACORE CHUNK WHITE TUNA IN WATER, ALBACORE CHUNK WHITE IN WATER | BrandOwner: Target Stores
[water] Updated: SOLID WHITE ALBACORE SUSTAINABLY CAUGHT TUNA IN WATER, SOLID WHITE ALBACORE IN WATER | BrandOwner: Target Stores
[water] Updated: SOLID WHITE ALBACORE TUNA IN WATER, SOLID WHITE ALBACORE IN WATER | BrandOwner: Target Stores
[water] Updated: ORGANIC COCONUT WATER | BrandOwner: MOJO ORGANICS INC.
[water] Updated: ORGANIC COCONUT WATER | BrandOwner: MOJO ORGANICS INC.
[water] Updated: PEACH & MANGO COCONUT WATER, PEACH & MANGO | BrandOwner: Target Stores
[water] Updated: CHILI LIME ANTIOXIDANTS CACAO WATER, CHILI LIME | BrandOwner: Blue Stripes LLC
[water] Updated: 100% PURE COCONUT WATER POWDER | BrandOwner: Luchi Organics
[water] Updated: ALBACORE SOLID WHITE IN WATER TUNA  | BrandOwner: Kawasho Foods USA Inc.
[water] Updated: SOLID WHITE ALBACORE TUNA IN WATER, SOLID WHITE ALBACORE IN WATER | BrandOwner: Target Stores
[water] Updated: WATERMELON JUICY COTTON CANDY, WATERMELON | BrandOwner: Pete's Pancakes
[water] Updated: PEPPERMINT SALT WATER TAFFY CANDY, PEPPERMINT SALT WATER TAFFY | BrandOwner: Anastasia Confections Inc.
[water] Updated: ORANGE CREAM SALT WATER TAFFY, ORANGE CREAM | BrandOwner: Anastasia Confections Inc.
[water] Updated: STRAWBERRY SALT WATER TAFFY, STRAWBERRY | BrandOwner: Anastasia Confections Inc.
[water] Updated: ASSORTED FLAVORS POPPING CANDY, STRAWBERRY, WATERMELON, TROPICAL PUNCH | BrandOwner: Zeta Espacial, S.A.
[water] Updated: SALT WATER TAFFY PEACH CANDY, PEACH | BrandOwner: Anastasia Confections Inc.
[water] Updated: KEY LIME SALT WATER TAFFY, KEY LIME | BrandOwner: Anastasia Confections Inc.
[water] Updated: CHILI DIVINE WATERMELON, PINEAPPLE GALORE, LIP SMACKING MANGO POPS, CHILI | BrandOwner: Sugarox Candy Studio LLC
[water] Updated: KIWI WATERMELON ORGANIC FRUIT & BIRCH WATER, KIWI WATERMELON | BrandOwner: Treo Brands
[water] Updated: FLAVAS POMEGRANATE/LIME FLAVA'D WATER, FLAVAS POMEGRANATE/LIME | BrandOwner: Crisp Drinks LLC
[water] Updated: RASPBERRY BLACKBERRY WATER, RASPBERRY BLACKBERRY | BrandOwner: Target Stores
[water] Updated: DRACULA'S DESSERT FILLED CANDY STRAWS, WATERMELON & BLUE RASPBERRY, STRAWBERRY & LIME, ORANGE & PINEAPPLE | BrandOwner: Target Stores
[water] Updated: BLACKBERRY HIBISCUS COLLAGEN WATER, BLACKBERRY | BrandOwner: Elemental Market, Inc. 
[water] Updated: NAM HOM ORGANIC COCONUT WATER, NAM HOM | BrandOwner: Isaac Morris, Ltd.
[water] Updated: Philly Freedom Chicken Breast w/ Rib Meat, Water & Food Starch Product | BrandOwner: Tyson Foods Inc.
[water] Updated: CHERRY, STRAWBERRY, GREEN APPLE, WATERMELON, ORANGE, GRAPE ASSORTED ORGANIC POPS, CHERRY, STRAWBERRY, GREEN APPLE, WATERMELON, ORANGE, GRAPE | BrandOwner: Charms Company
[water] Updated: SOUR WATERMELON CANDY, SOUR WATERMELON | BrandOwner: Price Chopper Supermarkets
[water] Updated: BERRY POMEGRANATE LIQUID WATER ENHANCER, BERRY POMEGRANATE | BrandOwner: S. M. Flickinger Co., Inc.
[water] Updated: PURE COCONUT WATER | BrandOwner: 
[water] Updated: 16.9OZ BOTTLE NATURAL SPRING WATER | BrandOwner: POLAR BEVERAGES
[water] Updated: GINGER PEACH WATER, GINGER PEACH | BrandOwner: Target Stores
[water] Updated: PURE COCONUT WATER | BrandOwner: Lowekey LLC
[water] Updated: SHINEWATER STRAWBERRY LEMON, 16.9 FL OZ, STRAWBERRY; LEMON | BrandOwner: Shinewater, LLC
[water] Updated: POMA-GRAPE WATER, POMA-GRAPE | BrandOwner: Shinewater, LLC
[water] Updated: SHINEWATER PEACH MANGO, 16.9 FL OZ, PEACH; MANGO | BrandOwner: Shinewater, LLC
[water] Updated: SHINEWATER KIWI CUCUMBER, 16.9 FL OZ, KIWI; CUCUMBER | BrandOwner: Shinewater, LLC
[water] Updated: ORGANIC ORIGINAL MAPLE WATER | BrandOwner: Drink Maple 
[water] Updated: SHINEWATER COCONUT LIME, 16.9 FL OZ, COCONUT; LIME | BrandOwner: Shinewater, LLC
[water] Updated: SOLID WHITE ALBACORE IN WATER TUNA  | BrandOwner: Bumble Bee Foods, LLC
[water] Updated: SOURMELON BITES WATERMELON CANDY, WATERMELON | BrandOwner: Garden Botanika
[water] Updated: SOUR WATERMELON SLICES CANDY, SOUR WATERMELON | BrandOwner: Jo-Lee Food Products, Inc.
[water] Updated: JUICY WATERMELON WEDGES, WATERMELON | BrandOwner: Cooperative Marketing
[water] Updated: WILD CAUGHT ALBACORE WHITE IN WATER TUNA | BrandOwner: StarKist Co.
[water] Updated: 25% LESS SODIUM SOLID WHITE ALBACORE IN WATER TUNA | BrandOwner: StarKist Co.
[water] Updated: CHUNK WHITE ALBACORE IN WATER TUNA | BrandOwner: StarKist Co.
[water] Updated: WILD CAUGHT IN WATER ALBACORE WHITE TUNA | BrandOwner: StarKist Co.
[water] Updated: WILD CAUGHT LIGHT IN WATER TUNA | BrandOwner: StarKist Co.
[water] Updated: CHUNK LIGHT IN WATER TUNA | BrandOwner: StarKist Co.
[water] Updated: SOLID WHITE ALBACORE IN WATER TUNA | BrandOwner: StarKist Co.
[water] Updated: KROGER, CHUNK YELLOWFIN TUNA IN WATER | BrandOwner: The Kroger Co.
[water] Updated: CHUNK LIGHT YELLOWFIN IN WATER TUNA | BrandOwner: Pescados Industrializados, S.A. De C.V.
[water] Updated: STILL MINERAL WATER | BrandOwner: Wakefern Food Corporation
[water] Updated: CHUNK WHITE PREMIUM CHICKEN IN WATER, CHUNK WHITE IN WATER | BrandOwner: Wakefern Food Corporation
[water] Updated: CHUNK WHITE CHICKEN IN WATER, CHUNK WHITE IN WATER | BrandOwner: Wakefern Food Corporation
[water] Updated: GUMMY WORMS CANDY, LEMON/STRAWBERRY, MANGO/PINK GRAPEFRUIT, GREEN APPLE/CHERRY, PINEAPPLE/ORANGE, WATERMELON/BLUE RASPBERRY, GRAPE/LIME | BrandOwner: Wakefern Food Corporation
[water] Updated: 20OZ BOTTLE SPRING WATER | BrandOwner: POLAR BEVERAGES
[water] Updated: 100% PURE COCONUT WATER | BrandOwner: Thai Agri Foods Co., Ltd.
[water] Updated: 100% PURE COCONUT WATER | BrandOwner: Thai Agri Foods Co., Ltd.
[water] Updated: WATERMELON SHERBET, WATERMELON | BrandOwner: Friendly Ice Cream Corp.
[water] Updated: WATER SARDINES | BrandOwner: King Oscar, Inc.
[water] Updated: 100% COCONUT WATER | BrandOwner: Mira International Foods Inc.
[water] Updated: PARTY PACK AGES 4+ POPS, STRAWBERRY; SOUR CHERRY; BLUE RASPBERRY; WATERMELON; CHERRY | BrandOwner: The Topps Company, Inc.
[water] Updated: FANCY ALBACORE SOLID WHITE IN WATER TUNA | BrandOwner: Dagim Tahorim Co Inc
[water] Updated: SPRING WATER ALASKAN PINK SALMON | BrandOwner: Tri-Union Seafoods, LLC
[water] Updated: SPRING WATER LIGHT TUNA | BrandOwner: Tri-Union Seafoods, LLC
[water] Updated: ALBACORE IN SPRING WATER  TUNA  | BrandOwner: Tri-Union Seafoods, LLC
[water] Updated: NO PULP COCONUT WATER | BrandOwner: 
[water] Updated: LINE CAUGHT ALBACORE  TUNA IN WATER | BrandOwner: Bumble Bee Foods, LLC
[water] Updated: PREMIUM CHUNK IN WATER CHICKEN BREAST | BrandOwner: Bumble Bee Foods, LLC
[water] Updated: ALASKAN IN WATER SALMON | BrandOwner: Bumble Bee Foods, LLC
[water] Updated: CHERRY, STRAWBERRY & WATERMELON JELLY HEARTS, CHERRY, STRAWBERRY & WATERMELON | BrandOwner: Leaf, Inc.
[water] Updated: PREMIUM CHUNK WHITE CHICKEN IN WATER, PREMIUM CHUNK WHITE IN WATER | BrandOwner: American Greetings Corporation
[water] Updated: WHITE & DARK PREMIUM CHUNK CHICKEN PACKED IN WATER, WHITE & DARK IN WATER | BrandOwner: Tyson Foods, Inc.
[water] Updated: PURIFIED WATER | BrandOwner: Wakefern Food Corporation
[water] Updated: GUMMY BEARS CANDY, LEMON, PINK GRAPEFRUIT, WATERMELON, GRAPE, GREEN APPLE, STRAWBERRY, BLUE RASPBERRY, MANGO, CHERRY, PINEAPPLE, ORANGE, LIME | BrandOwner: Wakefern Food Corporation
[water] Updated: DIG 'N DIPS CANDY STICK & DIP VALENTINE CANDY CARD PACKETS, BLUE RASPBERRY, WATERMELON, VANILLA | BrandOwner: Frankford Candy, LLC
[water] Updated: REAL ITALIAN ICE, BLUE RASPBERRY, WATERMELON | BrandOwner: J&J Snack Foods Corp
[water] Updated: CHUNK LIGHT SKIPJACK WILD CAUGHT TUNA IN WATER, CHUNK LIGHT SKIPJACK IN WATER | BrandOwner: Glencourt Inc.
[water] Updated: ORIGINAL 100% PURE COCONUT WATER | BrandOwner: Good People's Corporation
[water] Updated: SHINEWATER FRUIT PUNCH, 16.9 FL OZ, FRUIT PUNCH | BrandOwner: GMP Global Marketing Inc.
[water] Updated: SHINEWATER FRUIT PUNCH POUCHES, 8 X 6 FL OZ, FRUIT PUNCH | BrandOwner: GMP Global Marketing Inc.
[water] Updated: ARTIFICIALLY SWEETENED WATER RED GRAPEFRUIT | BrandOwner: Del Monte Foods Inc.
[water] Updated: WATER RED GRAPEFRUIT | BrandOwner: Del Monte Foods Inc.
[water] Updated: ORGANIC LOLLIPOPS, LEMON, STRAWBERRY & WATERMELON | BrandOwner: Wholesome Sweeteners, Inc.
[water] Updated: GHOST & SKULL SHAPES ORGANIC LOLLIPOPS, WICKED WATERMELON & EERIE ORANGE | BrandOwner: Wholesome Sweeteners, Inc.
[water] Updated: ORGANIC HEART SHAPED LOLLIPOPS, CHERRY & WATERMELON | BrandOwner: Wholesome Sweeteners, Inc.
[water] Updated: WESTERN FAMILY, WHOLE WATER CHESTNUTS | BrandOwner: Western Family Foods, Inc.
[water] Updated: SOLID WHITE ALBACORE TUNA IN WATER, SOLID WHITE ALBACORE IN WATER | BrandOwner: Wakefern Food Corporation
[water] Updated: CHUNK WHITE PREMIUM CHICKEN IN WATER, CHUNK WHITE IN WATER | BrandOwner: Target Stores
[water] Updated: CHUNK WHITE PREMIUM CHICKEN IN WATER, CHUNK WHITE IN WATER | BrandOwner: Target Stores
[water] Updated: CHUNK WHITE PREMIUM CHICKEN IN WATER, CHUNK WHITE IN WATER | BrandOwner: Target Stores
[water] Updated: CHUNK LIGHT TUNA IN WATER, CHUNK LIGHT IN WATER | BrandOwner: Target Stores
[water] Updated: CHUNK WHITE ALBACORE PREMIUM WILD TUNA IN WATER & SEA SALT, CHUNK WHITE ALBACORE IN WATER & SEA SALT | BrandOwner: Target Stores
[water] Updated: CHUNK LIGHT SUSTAINABLY CAUGHT TUNA IN WATER, CHUNK LIGHT IN WATER | BrandOwner: Target Stores
[water] Updated: RASPBERRY & ROSEWATER PROBIOTIC SKYR, RASPBERRY | BrandOwner: New Nordic Dairy Inc
[water] Updated: PREMIUM TUNA SOLID WHITE ALBACORE IN WATER, SOLID WHITE ALBACORE | BrandOwner: Bumble Bee Foods, LLC
[water] Updated: SOLID LIGHT TUNA IN WATER | BrandOwner: Bumble Bee Foods, LLC
[water] Updated: PREMIUM TUNA CHUNK WHITE ALBACORE IN WATER, CHUNK WHITE ALBACORE | BrandOwner: Bumble Bee Foods, LLC
[water] Updated: PREMIUM CHUNK LIGHT TUNA IN WATER, CHUNK LIGHT TUNA | BrandOwner: Bumble Bee Foods, LLC
[water] Updated: WATERMELON STRAWBERRY CLASSIC COMBO ITALIAN ICE, WATERMELON STRAWBERRY | BrandOwner: Lindy's Homemade, LLC
[water] Updated: ORGANIC, COCONUT WATERMELON ELDERBERRY PROBIOTIC KOMBUCHA, COCONUT WATERMELON ELDERBERRY | BrandOwner: Wakefern Food Corporation
[water] Updated: RED RASPBERRY, STRAWBERRY, CHERRY, WATERMELON REDS BEANS JELLY CANDY, RED RASPBERRY, STRAWBERRY, CHERRY, WATERMELON | BrandOwner: Ferrara Candy Company
[water] Updated: GUAVA STRAWBERRY, MANGO PINEAPPLE, WATERMELON CITRUS GUMMI CANDY, GUAVA STRAWBERRY, MANGO PINEAPPLE, WATERMELON CITRUS | BrandOwner: Ferrara Candy Company
[water] Updated: PEEPS, MARSHMALLOW, SOUR WATERMELON, SOUR WATERMELON | BrandOwner: Just Born, Inc.
[water] Updated: SOUR WATERMELON MARSHMALLOW CHICKS, SOUR WATERMELON | BrandOwner: Just Born, Inc.
[water] Updated: AEROFARMS BABY WATERCRESS, 3.5 OZ | BrandOwner: AeroFarms LLC
[water] Updated: CHUNK LIGHT TUNA IN WATER | BrandOwner: Contessa Premium Foods Inc.
[water] Updated: SOUR GUMMI WATERMELON SLICES CANDY, SOUR GUMMI WATERMELON SLICES | BrandOwner: Target Stores
[water] Updated: SHINEWATER WATERMELON BLACKBERRY, 16.9 FL OZ, WATERMELON; BLACKBERRY | BrandOwner: Shinewater, LLC
[water] Updated: PREMIUM CHUNK CHICKEN BREAST IN WATER, PREMIUM CHUNK IN WATER | BrandOwner: BJ's Wholesale Club / Corporate Brands
[water] Updated: CHICKEN COLD WATER DISSOLVE  GRANULATED BOUILLON, CHICKEN | BrandOwner: Pure Food Company Inc.
[water] Updated: SOFT & CHEWY CANDY, WATERMELON | BrandOwner: Mondelez International, Inc.
[water] Updated: WATERMELON GUMMY CANDY, WATERMELON | BrandOwner: Frankford Candy, LLC
[water] Updated: WATERMELON RINGS CANDY, WATERMELON | BrandOwner: Lunds Inc
[water] Updated: SOLID LIGHT WILD IN WATER TUNA | BrandOwner: Nevlers
[water] Updated: GRAPE CLEAR LIQUID WATER ENHANCER, GRAPE | BrandOwner: Meijer, Inc.
[water] Updated: LEMON LIME SUPER WATER, LEMON LIME | BrandOwner: The Selling Point, LLC
[water] Updated: LIGHT TUNA IN WATER, LIGHT IN WATER | BrandOwner: Safeway, Inc.
[water] Updated: YELLOW CLING SLICED PEACHES PACKED IN WATER | BrandOwner: Del Monte Foods Inc.
[water] Updated: 100% PURE COCONUT WATER | BrandOwner: Mastergate, Inc.
[water] Updated: WATERMELON SEEDLESS BITE-SIZED PIECES, WATERMELON | BrandOwner: Twelve Grapes of California inc.
[water] Updated: CHILI POPPED WATER LILY SEEDS, CHILI | BrandOwner: Asha Foods LLC
[water] Updated: CHAOKOH, COCONUT WATER | BrandOwner: 
[water] Updated: LIGHT SKIPJACK TUNA PACKED IN WATER, LIGHT SKIPJACK IN WATER | BrandOwner: BJ's Wholesale Club / Corporate Brands
[water] Updated: PURE COCONUT WATER | BrandOwner: All Market Inc.
[water] Updated: THE ORIGINAL PRESSED COCONUT WATER, THE ORIGINAL | BrandOwner: All Market Inc.
[water] Updated: COCONUT WATER CAFE LATTE, MOCHA | BrandOwner: All Market Inc.
[water] Updated: TWISTED BLUE RASPBERRY WATERMELON CANDY, BLUE RASPBERRY; WATERMELON | BrandOwner: The Topps Company, Inc.
[water] Updated: COCONUT ORGANIC WATER, COCONUT | BrandOwner: First International Health Foods Ltd.
[water] Updated: ORGANIC PURE COCONUT WATER | BrandOwner: Isaac Morris, Ltd.
[water] Updated: SOLID WHITE ALBACORE IN WATER TUNA | BrandOwner: StarKist Co.
[water] Updated: ALL REDS JELLY BIRD EGGS CANDY, CHERRY, STRAWBERRY, RASPBERRY, WATERMELON | BrandOwner: Ferrara Candy Company
[water] Updated: CARBONATED NATURAL SPRING WATER | BrandOwner: Nestle Waters North America Inc./perrier
[water] Updated: STRAWBERRY CARBONATED MINERAL WATER, STRAWBERRY | BrandOwner: Nestle Waters North America Inc./perrier
[water] Updated: CHUNK LIGHT SKIPJACK PREMIUM WILD TUNA IN WATER & SEA SALT, CHUNK LIGHT SKIPJACK IN WATER & SEA SALT | BrandOwner: Target Stores
[water] Updated: WATER ADDED HAM SLICES | BrandOwner: Fischer Packing Company
[water] Updated: PURE COCONUT WATER | BrandOwner: EXTRUDED SOLUTIONS, INC 
[water] Updated: PRICKLY PEAR SUPERFRUIT WATER, PRICKLY PEAR | BrandOwner: Pricklee
[water] Updated: STRAWBERRY HIBISCUS SUPERFRUIT WATER, STRAWBERRY HIBISCUS | BrandOwner: Pricklee
[water] Updated: PREMIUM CHUNK CHICKEN BREAST IN WATER, PREMIUM CHUNK IN WATER | BrandOwner: BJ's Wholesale Club / Corporate Brands
[water] Updated: WATERMELON SANDIA CANDY ROLLS, WATERMELON | BrandOwner: Foreign Candy Co. Inc.
[water] Updated: SOURS GREEN APPLE BLUE RASPBERRY CHERRY, LEMON & WATERMELON GUMMIES CANDY, GREEN APPLE BLUE RASPBERRY CHERRY, LEMON & WATERMELON | BrandOwner: Leaf, Inc.
[water] Updated: SOLID WHITE ALBACORE TUNA IN WATER, SOLID WHITE ALBACORE IN WATER | BrandOwner: Safeway, Inc.
[water] Updated: CHUNK LIGHT TUNA IN WATER, CHUNK LIGHT IN WATER | BrandOwner: Safeway, Inc.
[water] Updated: ORIGINAL COCONUT WATER, ORIGINAL | BrandOwner: Glencourt Inc.
[water] Updated: GOLDEN RAISINS, SOUR WATERMELON | BrandOwner: Sun-Maid Growers of California
[water] Updated: GUAVA, STRAWBERRY, MANGO, PINEAPPLE, WATERMELON, CITRUS GUMMI CANDY, GUAVA, STRAWBERRY, MANGO, PINEAPPLE, WATERMELON, CITRUS | BrandOwner: Ferrara Candy Company
[water] Updated: CHUNK LIGHT SKIPJACK WILD CAUGHT TUNA IN WATER, CHUNK LIGHT SKIPJACK IN WATER | BrandOwner: Glencourt Inc.
[water] Updated: CHUNK WHITE ALBACORE WILD CAUGHT TUNA IN WATER, CHUNK WHITE ALBACORE IN WATER | BrandOwner: Glencourt Inc.
[water] Updated: PH 9.5+ ELECTROLYTES ALKALINE WATER | BrandOwner: Stratus Group LLC
[water] Updated: CHUNK WHITE ALBACORE WILD CAUGHT TUNA IN WATER, CHUNK WHITE ALBACORE IN WATER | BrandOwner: Glencourt Inc.

[water] Total products updated: 775, skipped: 3351

Summary: Updated 775 products, skipped 3351. See fix_product_mappings_skipped.log for details.
