[flour] Updated: ORGANIC WHOLE WHEAT FLOUR | BrandOwner: Target Stores
[flour] Updated: UNBLEACHED WHOLE WHEAT FLOUR | BrandOwner: Target Stores
[flour] Updated: ORGANIC TIGER NUT FLOUR | BrandOwner: Pamela's Products Inc.
[flour] Updated: SALTED CARAMEL ALMOND FLOUR BLONDIE SOFT BAKED SQUARES, SALTED CARAMEL ALMOND FLOUR BLONDIE | BrandOwner: KIND Inc.
[flour] Updated: ENRICHED BLEACHED WHEAT FLOUR | BrandOwner: GS1 Mexico
[flour] Updated: CANARY SEED FLOUR, CANARY SEED | BrandOwner: Fonderie Ouellet (1985) Inc.
[flour] Updated: BLEACHED ALL PURPOSE ENRICHED FLOUR | BrandOwner: The Kroger Co.
[flour] Updated: ENRICHED, PRE-SIFTED BLEACHED ALL-PURPOSE FLOUR | BrandOwner: Target Stores
[flour] Updated: BLEACHED ENRICHED ALL PURPOSE FLOUR | BrandOwner: Dierberg's Markets, Inc.
[flour] Updated: ORGANIC COCONUT FLOUR | BrandOwner: Smart & Final Iris Corporation
[flour] Updated: WHITE WHOLE WHEAT FLOUR, WHITE | BrandOwner: Meijer, Inc.
[flour] Updated: WHOLE WHEAT FLOUR | BrandOwner: Meijer, Inc.
[flour] Updated: PAN SEARING FLOUR | BrandOwner: Wegmans Food Markets, Inc. 
[flour] Updated: CHOCOLATE CHIP GRAIN-FREE ALMOND FLOUR, CHOCOLATE CHIP | BrandOwner: The Purple Mixer, Inc.
[flour] Updated: ORGANIC  COCONUT FLOUR | BrandOwner: First International Health Foods Ltd.
[flour] Updated: WHOLE WHEAT FLOUR | BrandOwner: Associated Wholesale Grocers, Inc.
[flour] Updated: BLEACHED PRESIFTED ENRICHED ALL PURPOSE FLOUR | BrandOwner: Market Basket Inc.
[flour] Updated: ENRICHED, PRESIFTED UNBLEACHED ALL-PURPOSE FLOUR | BrandOwner: Publix Super Markets, Inc.
[flour] Updated: ALL-PURPOSE UNBLEACHED FLOUR | BrandOwner: Jog Distribution, Inc.
[flour] Updated: ENRICHED, PRE-SIFTED BLEACHED ALL-PURPOSE FLOUR | BrandOwner: Target Stores
[flour] Updated: Gold Medal All Purpose Flour | BrandOwner: GENERAL MILLS SALES INC.
[flour] Updated: WHOLE WHEAT FLOUR | BrandOwner: King Arthur Baking Company Inc.
[flour] Updated: BAKING FLOUR | BrandOwner: Bob's Red Mill Natural Foods, Inc.
[flour] Updated: ENRICHED WHEAT FLOUR | BrandOwner: Goya Foods, Inc. 
[flour] Updated: POTATO FLOUR | BrandOwner: Bob's Red Mill Natural Foods, Inc.
[flour] Updated: ORGANIC WHOLE WHEAT FLOUR | BrandOwner: 
[flour] Updated: BLANCHED ALMOND FLOUR | BrandOwner: 
[flour] Updated: ORGANIC COCONUT FLOUR | BrandOwner: 
[flour] Updated: SPROUTED WHOLE WHEAT FLOUR | BrandOwner: Morgan Wholesale Building Material, Co.
[flour] Updated: ORGANIC ALL PURPOSE UNBLEACHED FLOUR | BrandOwner: Target Stores
[flour] Updated: Morrison's Peter Pan Self Rising Flour | BrandOwner: C. H. Guenther and Son Inc.
[flour] Updated: SEED & NUT FLOUR MINT CHOCOLATE SWEET THINS, MINT; CHOCOLATE | BrandOwner: Simple Mills
[flour] Updated: CORN MASA  FLOUR | BrandOwner: Azteca Milling Co.
[flour] Updated: WHOLE WHEAT FLOUR | BrandOwner: King Arthur Baking Company Inc.
[flour] Updated: 100% WHOLE WHEAT FLOUR | BrandOwner: The Uhlmann Company
[flour] Updated: GLUTEN FREE ANCIENT GRAINS FLOUR | BrandOwner: Cup4Cup, LLC
[flour] Updated: WHOLE WHEAT FLOUR | BrandOwner: Bob's Red Mill Natural Foods, Inc.
[flour] Updated: BLEACHED ENRICHED & PRE-SIFTED ALL-PURPOSE FLOUR | BrandOwner: Meijer, Inc.
[flour] Updated: ENRICHED BLEACHED FLOUR | BrandOwner: Stafford County Flour Mills
[flour] Updated: SELF-RISING FLOUR | BrandOwner: King Arthur Baking Company Inc.
[flour] Updated: ENRICHED UNBLEACHED ALL PURPOSE FLOUR | BrandOwner: Hometown Food Company
[flour] Updated: TRADITIONAL STYLE MEXICANA FLOUR STREET TACO | BrandOwner: Mi Ranchito Corporation
[flour] Updated: MULTI-PURPOSE CASSAVA FLOUR | BrandOwner: Otto's Naturals
[flour] Updated: GRAIN FREE PALEO BAKING FLOUR | BrandOwner: Bob's Red Mill Natural Foods, Inc.
[flour] Updated: ALL PURPOSE FLOUR | BrandOwner: Associated Wholesale Grocers, Inc.
[flour] Updated: ALL PURPOSE WHITE FLOUR | BrandOwner: Hodgson Mill Inc
[flour] Updated: ORGANIC ALL PURPOSE FLOUR | BrandOwner: United Natural Foods, Inc.
[flour] Updated: DRIED POTATO FLOUR | BrandOwner: Peruvian Import Company
[flour] Updated: Gold Medal Unbleached All Purpose Flour | BrandOwner: GENERAL MILLS SALES INC.
[flour] Updated: ALL-PURPOSE GLUTEN FREE BAKING FLOUR | BrandOwner: Giant Eagle, Inc.
[flour] Updated: COCONUT ORGANIC FLOUR, COCONUT | BrandOwner: Regal Health Food International, Inc.
[flour] Updated: THE BAKER'S SCOOP, ENRICHED UNBLEACHED ALL PURPOSE FLOUR | BrandOwner: H E Butt Grocery Company
[flour] Updated: Bob's Red Mill All-Purpose Flour | BrandOwner: Bob's Red
[flour] Updated: BLEACHED & PRE-SIFTED ENRICHED SELF-RISING FLOUR | BrandOwner: Meijer, Inc.
[flour] Updated: BLEACHED ALL PURPOSE ENRICHED FLOUR | BrandOwner: The Moran Group Incorporated
[flour] Updated: ORGANIC ALL PURPOSE FLOUR | BrandOwner: Wal-Mart Stores, Inc.
[flour] Updated: LAFUN CASSAVA FLOUR | BrandOwner: Golden Tropics, Ltd.
[flour] Updated: NIXTAMASA INSTANT  CORN MASA FLOUR | BrandOwner: Azteca Milling Co.
[flour] Updated: TRADITIONAL WHOLE WHEAT MILLED FLOUR, TRADITIONAL | BrandOwner: The Kroger Co.
[flour] Updated: UNBLEACHED, ENRICHED PRE-SIFTED ALL PURPOSE FLOUR | BrandOwner: Wakefern Food Corporation
[flour] Updated: ENRICHED & PRE-SIFTED UNBLEACHED ALL PURPOSE FLOUR | BrandOwner: S. M. Flickinger Co., Inc.
[flour] Updated: Morrison's Peter Pan Self-Rising Flour | BrandOwner: C. H. Guenther and Son Inc.
[flour] Updated: ORGANIC UNBLEACHED ALL PURPOSE FLOUR | BrandOwner: The Hain Celestial Group, Inc.
[flour] Updated: ENRICHED & PRE-SIFTED UNBLEACHED ALL PURPOSE FLOUR | BrandOwner: Target Stores
[flour] Updated: ORGANIC ALL PURPOSE FLOUR | BrandOwner: Star Markets Co.
[flour] Updated: MASA HARINA GOLDEN CORN FLOUR | BrandOwner: Bob's Red Mill Natural Foods, Inc.
[flour] Updated: GRAINLESS SUPERFOOD FLOUR | BrandOwner: Jorly Holdings LLC, Gourmet Series A
[flour] Updated: Gold Medal Unbleached All Purpose Flour | BrandOwner: GENERAL MILLS SALES INC.
[flour] Updated: NAPOLETANA TIPO "00" UNBLEACHED EXTRA FINE FLOUR | BrandOwner: Alanric Food Distributors, Inc.
[flour] Updated: GOLDEN TROPICS, PLANTAIN FUFU FLOUR | BrandOwner: Golden Tropics, Ltd.
[flour] Updated: ALL PURPOSE FLOUR | BrandOwner: Target Stores
[flour] Updated: ENRICHED WHEAT FLOUR | BrandOwner: Goya Foods, Inc. 
[flour] Updated: Bob's Red Mill Blanched Almond Flour | BrandOwner: Bob's Red
[flour] Updated: Arrowhead Mills Organic Oat Flour | BrandOwner: Arrowhead Mills
[flour] Updated: COCOYAM FUFU FLOUR | BrandOwner: 
[flour] Updated: HARD RED SPRING WHEAT FLOUR | BrandOwner: Early Bird Farm
[flour] Updated: ORGANIC COCONUT FLOUR | BrandOwner: Pamela's Products Inc.
[flour] Updated: FLOUR NO STICK COOKING SPRAY | BrandOwner: Safeway, Inc.
[flour] Updated: ORGANIC SPELT FLOUR | BrandOwner: Maine Grains 
[flour] Updated: General Mills Gold Medal Remarkable Unbleached Flour | BrandOwner: GENERAL MILLS SALES INC.
[flour] Updated: Gold Medal All Trumps Bakers High Gluten Flour | BrandOwner: GENERAL MILLS SALES INC.
[flour] Updated: ALL PURPOSE FLOUR | BrandOwner: The Uhlmann Company
[flour] Updated: SELF-RISING ENRICHED BLEACHED FLOUR | BrandOwner: Stafford County Flour Mills
[flour] Updated: ALMOND FLOUR | BrandOwner: Barney & Co. California 
[flour] Updated: SWEET POTATO FLOUR, SWEET POTATO | BrandOwner: The Carrington Tea Company LLC.
[flour] Updated: HONEY CINNAMON SEED & NUT FLOUR SWEET THINS, HONEY CINNAMON | BrandOwner: Simple Mills
[flour] Updated: ENRICHED, UNBLEACHED & PRE-SIFTED ALL-PURPOSE FLOUR | BrandOwner: Wal-Mart Stores, Inc.
[flour] Updated: Gold Medal All-Purpose Flour | BrandOwner: GENERAL MILLS SALES INC.
[flour] Updated: BLUE CORN MASA, FLOUR, ORGANIC | BrandOwner: Woodland Foods
[flour] Updated: Morrison's Peter Pan Hotel & Restaurant Flour | BrandOwner: C. H. Guenther and Son Inc.
[flour] Updated: Morrison's Premium Yellow Corn Flour | BrandOwner: C. H. Guenther and Son Inc.
[flour] Updated: Morrison's Peter Pan Hotel & Restaurant Flour | BrandOwner: C. H. Guenther and Son Inc.
[flour] Updated: Morrison's Whole Wheat Flour | BrandOwner: C. H. Guenther and Son Inc.
[flour] Updated: Morrison's Diamond M High Gluten Flour | BrandOwner: C. H. Guenther and Son Inc.
[flour] Updated: UNBLEACHED ALL PURPOSE FLOUR | BrandOwner: Hometown Food Company
[flour] Updated: ALL PURPOSE FLOUR | BrandOwner: Hometown Food Company
[flour] Updated: INSTANT  CORN MASA FLOUR | BrandOwner: Azteca Milling Co.
[flour] Updated: PZZ KRAKW WHEAT FLOUR, 2 LB 3.24 OZ | BrandOwner: Thomas Brothers Ham Company
[flour] Updated: WHOLE WHEAT ORGANIC FLOUR, WHOLE WHEAT | BrandOwner: United Natural Foods, Inc.
[flour] Updated: SUPERFINE BLANCHED ALMOND FLOUR | BrandOwner: Wal-Mart Stores, Inc.
[flour] Updated: SUPERFINE BLANCHED ALMOND FLOUR | BrandOwner: Wal-Mart Stores, Inc.
[flour] Updated: ALL-PURPOSE FLOUR, ALL-PURPOSE | BrandOwner: New Seasons Market, LLC
[flour] Updated: ENRICHED & UNBLEACHED ALL-PURPOSE FLOUR | BrandOwner: Bashas' Markets
[flour] Updated: ENRICHED & BLEACHED ALL-PURPOSE FLOUR | BrandOwner: Bashas' Markets
[flour] Updated: ORGANIC RYE FLOUR | BrandOwner: Central Milling Co. Inc.
[flour] Updated: ORGANIC WHOLE WHEAT FLOUR | BrandOwner: Central Milling Co. Inc.
[flour] Updated: Gold Medal Organic All-Purpose Flour | BrandOwner: GENERAL MILLS SALES INC.
[flour] Updated: Gold Medal Whole Wheat Flour | BrandOwner: GENERAL MILLS SALES INC.
[flour] Updated: QUAKER OAT FLOUR, 20 OZ | BrandOwner: The Quaker Oats Company
[flour] Updated: ORGANIC UNBLEACHED TIPO "00" EXTRA FINE FLOUR | BrandOwner: Alanric Food Distributors, Inc.
[flour] Updated: Pioneer Hotel & Restaurant Flour | BrandOwner: C. H. Guenther and Son Inc.
[flour] Updated: Pioneer Hotel & Restaurant Flour | BrandOwner: C. H. Guenther and Son Inc.
[flour] Updated: EXTRA FINE TIGER NUT FLOUR | BrandOwner: Pamela's Products Inc.
[flour] Updated: Gold Medal Self-Rising Flour | BrandOwner: GENERAL MILLS SALES INC.
[flour] Updated: WHITE ALMOND FLOUR | BrandOwner: Lieber Chocolate & Food Products Co.
[flour] Updated: ENRICHED & PRESIFTED ALL PURPOSE BLEACHED FLOUR | BrandOwner: Western Family Foods, Inc.
[flour] Updated: ORGANIC CORN FLOUR | BrandOwner: Bob's Red Mill Natural Foods, Inc.
[flour] Updated: TOASTED PEAS FLOUR | BrandOwner: Peruvian Import Company
[flour] Updated: TOASTED FABA BEAN FLOUR | BrandOwner: Peruvian Import Company
[flour] Updated: GLUTEN FREE ALL-PURPOSE BAKING FLOUR | BrandOwner: Bob's Red Mill Natural Foods, Inc.
[flour] Updated: GRAIN FREE PALEO BAKING FLOUR | BrandOwner: Bob's Red Mill Natural Foods, Inc.
[flour] Updated: GLUTEN FREE 1-TO-1 BAKING FLOUR | BrandOwner: Bob's Red Mill Natural Foods, Inc.
[flour] Updated: GLUTEN FREE 1-TO-1 BAKING FLOUR | BrandOwner: Bob's Red Mill Natural Foods, Inc.
[flour] Updated: HAZELNUT FLOUR | BrandOwner: Bob's Red Mill Natural Foods, Inc.
[flour] Updated: ORGANIC UNBLEACHED WHITE ALL-PURPOSE FLOUR | BrandOwner: Bob's Red Mill Natural Foods, Inc.
[flour] Updated: ORGANIC SPELT FLOUR | BrandOwner: Bob's Red Mill Natural Foods, Inc.
[flour] Updated: CHICKPEA FLOUR | BrandOwner: Bob's Red Mill Natural Foods, Inc.
[flour] Updated: GARBANZO FAVA FLOUR | BrandOwner: Bob's Red Mill Natural Foods, Inc.
[flour] Updated: TEFF FLOUR | BrandOwner: Bob's Red Mill Natural Foods, Inc.
[flour] Updated: SEMOLINA FLOUR | BrandOwner: Bob's Red Mill Natural Foods, Inc.
[flour] Updated: SORGHUM FLOUR | BrandOwner: Bob's Red Mill Natural Foods, Inc.
[flour] Updated: SPELT FLOUR | BrandOwner: Bob's Red Mill Natural Foods, Inc.
[flour] Updated: ORGANIC DARK RYE FLOUR | BrandOwner: Bob's Red Mill Natural Foods, Inc.
[flour] Updated: ORGANIC GREEN BANANA FLOUR | BrandOwner: Edward & Sons Trading Co., Inc
[flour] Updated: COCONUT FLOUR, COCONUT | BrandOwner: Associated Wholesale Grocers, Inc.
[flour] Updated: ORGANIC WHOLE WHEAT FLOUR | BrandOwner: King Arthur Baking Company Inc.
[flour] Updated: ALL-PURPOSE FLOUR | BrandOwner: King Arthur Baking Company Inc.
[flour] Updated: ORGANIC WHITE WHOLE WHEAT FLOUR | BrandOwner: King Arthur Baking Company Inc.
[flour] Updated: ORGANIC ALL-PURPOSE FLOUR | BrandOwner: King Arthur Baking Company Inc.
[flour] Updated: ALL PURPOSE FLOUR | BrandOwner: Target Stores
[flour] Updated: WHOLE WHEAT FLOUR | BrandOwner: Target Stores
[flour] Updated: BLANCHED ALMOND FLOUR | BrandOwner: Target Stores
[flour] Updated: COCONUT FLOUR | BrandOwner: Target Stores
[flour] Updated: SPROUTED SPELT FLOUR | BrandOwner: Morgan Wholesale Building Material, Co.
[flour] Updated: SPROUTED SPELT FLOUR | BrandOwner: Morgan Wholesale Building Material, Co.
[flour] Updated: SPROUTED WHOLE WHEAT FLOUR | BrandOwner: Morgan Wholesale Building Material, Co.
[flour] Updated: Gold Medal All-Purpose Flour | BrandOwner: GENERAL MILLS SALES INC.
[flour] Updated: ALL PURPOSE FLOUR | BrandOwner: The Uhlmann Company
[flour] Updated: ALL PURPOSE FLOUR | BrandOwner: The Uhlmann Company
[flour] Updated: SELF-RISING FLOUR | BrandOwner: The Uhlmann Company
[flour] Updated: GLUTEN FREE ALL PURPOSE FLOUR | BrandOwner: Continental Mills, Inc. 
[flour] Updated: PAMELA'S ALMOND FLOUR, 14 OZ | BrandOwner: Pamela's Products Inc.
[flour] Updated: CASSAVA FLOUR | BrandOwner: Target Stores
[flour] Updated: BLANCHED ALMOND FLOUR | BrandOwner: Target Stores
[flour] Updated: WHOLE WHEAT FLOUR | BrandOwner: Target Stores
[flour] Updated: ORGANIC GRAIN-FREE FLOUR CAULIFLOWER + CHICKPEA + LENTIL | BrandOwner: Navitas, LLC
[flour] Updated: DEGERMINATED PRE-COOKED WHITE CORNMEAL FLOUR | BrandOwner: Sutter Home Winery, Inc.
[flour] Updated: ENRICHED & PRESIFTED ALL PURPOSE BLEACHED FLOUR | BrandOwner: Western Family Foods, Inc.
[flour] Updated: Blue Diamond Almond Flour | BrandOwner: Blue Diamond
[flour] Updated: Bob's Red Mill Organic Coconut Flour | BrandOwner: Bob's Red
[flour] Updated: King Arthur Coconut Flour | BrandOwner: King Arthur
[flour] Updated: Nutiva Organic Coconut Flour | BrandOwner: Nutiva Organic
[flour] Updated: Bob's Red Mill Whole Grain Oat Flour | BrandOwner: Bob's Red
[flour] Updated: King Arthur Oat Flour | BrandOwner: King Arthur
[flour] Updated: ORGANIC OAT FLOUR | BrandOwner: The Hain Celestial Group, Inc.
[flour] Updated: GLUTEN FREE 1-TO-1 BAKING FLOUR | BrandOwner: Bob's Red Mill Natural Foods, Inc.
[flour] Updated: ORGANIC, UNREFINED COCONUT FLOUR | BrandOwner: Wakefern Food Corporation
[flour] Updated: PREMIUM ALMOND FLOUR | BrandOwner: Ad-Visor
[flour] Updated: INCA'S FOOD MACA FLOUR, 8.8 OZ | BrandOwner: Peruvian Import Company
[flour] Updated: QUAKER OAT FLOUR, 64 OZ | BrandOwner: The Quaker Oats Company
[flour] Updated: SUPER-FINE ALMOND FLOUR | BrandOwner: BJ's Wholesale Club / Corporate Brands
[flour] Updated: ENRICHED BLEACHED ALL-PURPOSE FLOUR | BrandOwner: Piggly Wiggly Company
[flour] Updated: WHITE CORN & CASSAVA FERMENTED BANKU FLOUR, WHITE CORN & CASSAVA | BrandOwner: K & W Industries, Inc.
[flour] Updated: BLEACHED, ENRICHED PRE-SIFTED ALL PURPOSE FLOUR | BrandOwner: Wakefern Food Corporation
[flour] Updated: UNBLEACHED, ENRICHED PRE-SIFTED ALL PURPOSE FLOUR | BrandOwner: Wakefern Food Corporation
[flour] Updated: ENRICHED & PRE-SIFTED UNBLEACHED ALL-PURPOSE FLOUR | BrandOwner: Meijer, Inc.
[flour] Updated: RIO GRANDE FOODS, CHILATE FLOUR | BrandOwner: Rio Grande Product, Inc.
[flour] Updated: ORGANIC GARBANZO BEAN FLOUR | BrandOwner: Namaste Foods LLC
[flour] Updated: GLUTEN FREE MULTIPURPOSE FLOUR | BrandOwner: Cup4Cup, LLC
[flour] Updated: ORGANIC CASSAVA FLOUR | BrandOwner: Pamela's Products Inc.
[flour] Updated: FINELY GROUND POTATO FLOUR | BrandOwner: Bob's Red Mill Natural Foods, Inc.
[flour] Updated: ORGANIC WHOLE GRAIN STONE GROUND SPELT FLOUR | BrandOwner: Bob's Red Mill Natural Foods, Inc.
[flour] Updated: GLUTEN FREE MEASURE FOR MEASURE FLOUR | BrandOwner: The King Arthur Flour Company, Inc.
[flour] Updated: ORGANIC STONE GROUND WHOLE WHEAT FLOUR | BrandOwner: The Hain Celestial Group, Inc.
[flour] Updated: ORGANIC WHOLE WHEAT FLOUR | BrandOwner: SLT Foods Inc.
[flour] Updated: PURPLE CORN FLOUR | BrandOwner: Rio Grande Product, Inc.
[flour] Updated: BLEACHED ENRICHED & PRE-SIFTED ALL-PURPOSE FLOUR | BrandOwner: Meijer, Inc.
[flour] Updated: BLEACHED ENRICHED & PRE-SIFTED ALL-PURPOSE FLOUR | BrandOwner: Meijer, Inc.
[flour] Updated: ENRICHED BLEACHED PRE-SIFTED SELF-RISING FLOUR | BrandOwner: S. M. Flickinger Co., Inc.
[flour] Updated: ORGANIC BUCKWHEAT FLOUR | BrandOwner: 
[flour] Updated: 1 TO 1 BAKING FLOUR | BrandOwner: Bob's Red Mill Natural Foods, Inc.
[flour] Updated: WHOLE GRAIN TEFF FLOUR | BrandOwner: Bob's Red Mill Natural Foods, Inc.
[flour] Updated: ORGANIC WHOLE GRAIN AMARANTH FLOUR | BrandOwner: Bob's Red Mill Natural Foods, Inc.
[flour] Updated: WHOLE GRAIN CORN FLOUR STONE GROUND | BrandOwner: Bob's Red Mill Natural Foods, Inc.
[flour] Updated: PREMIUM ALMOND FLOUR | BrandOwner: Cachere Distributing Inc.
[flour] Updated: GLUTEN FREE ORGANIC COCONUT FLOUR | BrandOwner: Star Markets Co.
[flour] Updated: ORGANIC TAPIOCA FLOUR | BrandOwner: The Hain Celestial Group, Inc.

[flour] Total products updated: 197, skipped: 1735

Summary: Updated 197 products, skipped 1735. See fix_product_mappings_skipped.log for details.
