[cinnamon] Updated: CINNAMON CANDY COAL, CINNAMON | BrandOwner: Target Stores
[cinnamon] Updated: CINNAMON IMPERIALS CANDY, CINNAMON IMPERIALS | BrandOwner: Target Stores
[cinnamon] Updated: CINNAMON BEARS CHEWY CANDY, CINNAMON BEARS | BrandOwner: Target Stores
[cinnamon] Updated: CINNAMON CANDY CANES, CINNAMON | BrandOwner: Target Stores
[cinnamon] Updated: CINNAMON CANDY CANE, CINNAMON | BrandOwner: Target Stores
[cinnamon] Updated: CINNAMON IMPERIALS CANDY, CINNAMON IMPERIALS | BrandOwner: Target Stores
[cinnamon] Updated: CINNAMON-GLAZED ALMONDS & PECANS, CINNAMON-GLAZED | BrandOwner: Target Stores
[cinnamon] Updated: APPLES & CINNAMON INSTANT OATMEAL, APPLES & CINNAMON | BrandOwner: Target Stores
[cinnamon] Updated: CINNAMON BEARS CHEWY CANDY, CINNAMON BEARS | BrandOwner: 
[cinnamon] Updated: CINNAMON IMPERIALS CANDY, CINNAMON IMPERIALS | BrandOwner: 
[cinnamon] Updated: CINNAMON GLUTEN FREE NUT CLUSTERS, CINNAMON | BrandOwner: 
[cinnamon] Updated: CINNAMON CANDY, CINNAMON | BrandOwner: Hammond's Candies Since 1920, LLC
[cinnamon] Updated: CINNAMON OATMEAL, CINNAMON | BrandOwner: Baker Mills
[cinnamon] Updated: HONEY CINNAMON FINISHING BUTTER, HONEY CINNAMON | BrandOwner: Meijer, Inc.
[cinnamon] Updated: CINNAMON VALENTINE HEARTS CANDY, CINNAMON VALENTINE HEARTS | BrandOwner: Meijer, Inc.
[cinnamon] Updated: CRANBERRY CINNAMON GOAT CHEESE, CRANBERRY CINNAMON | BrandOwner: Meijer, Inc.
[cinnamon] Updated: CINNAMON IMPERIALS HOLIDAY CANDY, CINNAMON IMPERIALS | BrandOwner: Meijer, Inc.
[cinnamon] Updated: CINNAMON BEARS CANDY, CINNAMON BEARS | BrandOwner: Meijer, Inc.
[cinnamon] Updated: CINNAMON HEART CANDY, CINNAMON HEART | BrandOwner: Meijer, Inc.
[cinnamon] Updated: CINNAMON TOASTED ALMONDS, CINNAMON TOASTED | BrandOwner: Meijer, Inc.
[cinnamon] Updated: HONEY CINNAMON ALMONDS, HONEY CINNAMON | BrandOwner: Meijer, Inc.
[cinnamon] Updated: CINNAMON CRAZE PECANS, CINNAMON CRAZE | BrandOwner: Meijer, Inc.
[cinnamon] Updated: ORGANIC CINNAMON SUGAR STARDUST SPACE BALLS CORN PUFFS, CINNAMON | BrandOwner: WSAFG, LLC
[cinnamon] Updated: APPLE CINNAMON GOAT CHEESE LOG, APPLE CINNAMON | BrandOwner: Delhaize America, Inc.
[cinnamon] Updated: CINNAMON TOAST COCONUT SPREAD, CINNAMON TOAST | BrandOwner: RKW USA
[cinnamon] Updated: CINNAMON SUGAR HAZELNUTS, CINNAMON SUGAR | BrandOwner: King Fresh Produce & Hazelnuts
[cinnamon] Updated: Pepperidge Farm Goldfish Whole Grain Giant Grahams, Cinnamon, .9 Ounces, Pack of 300 | BrandOwner: Pepperidge Farm Inc.
[cinnamon] Updated: CINNAMON IMPERIALS, CINNAMON | BrandOwner: CK Products LLC
[cinnamon] Updated: CINNAMON IMPERIALS CANDY, CINNAMON IMPERIALS | BrandOwner: CK Products LLC
[cinnamon] Updated: CINNAMON FRESCAVENA, CINAMMON | BrandOwner: Productos Quaker Sa
[cinnamon] Updated: BROWN SUGAR CINNAMON CREAM CHEESE SPREAD, BROWN SUGAR CINNAMON | BrandOwner: Giant Eagle, Inc.
[cinnamon] Updated: CINNAMON STICKS, CINNAMON | BrandOwner: Es Mi Tiempo Inc.
[cinnamon] Updated: APPLE CINNAMON GRANOLA, APPLE CINNAMON | BrandOwner: SFDF, LLC
[cinnamon] Updated: FLAVOR VARIETY INSTANT OATMEAL, APPLE; CINNAMON; MAPLE; BROWN SUGAR | BrandOwner: The Quaker Oats Company
[cinnamon] Updated: PEAR CINNAMON ENERGY DRINK, PEAR; CINNAMON | BrandOwner: Red Bull North America, Inc.
[cinnamon] Updated: PEAR CINNAMON ENERGY DRINK, PEAR; CINNAMON | BrandOwner: Red Bull North America, Inc.
[cinnamon] Updated: SEASON & SAVOR BROWN SUGAR CINNAMON MINI SWEET POTATOES, CINNAMON | BrandOwner: Paragon Potato Farms, Inc.
[cinnamon] Updated: CINNAMON GRANOLA, CINNAMON | BrandOwner: Meijer, Inc.
[cinnamon] Updated: APPLE CINNAMON ORGANIC OATMEAL, APPLE CINNAMON | BrandOwner: Rafael Padilla & Cia S. En C.
[cinnamon] Updated: DOUBLE CINNAMON FRENCH TOAST STICKS, CINNAMON | BrandOwner: Murry's, Inc.
[cinnamon] Updated: CINNAMON ALMOND BUTTER, CINNAMON | BrandOwner: Justin's, LLC
[cinnamon] Updated: CINNAMON & SUGAR GOURMET PUMPKIN SEEDS, CINNAMON & SUGAR | BrandOwner: Kathies Kitchen
[cinnamon] Updated: ALMONDS, BEETROOT & CINNAMON FRUIT INFUSION TEA BAGS, ALMONDS, BEETROOT & CINNAMON | BrandOwner: Blu Element
[cinnamon] Updated: CINNAMON PRALINE ALMONDS, CINNAMON PRALINE | BrandOwner: Target Stores
[cinnamon] Updated: APPLES & CINNAMON INSTANT OATMEAL, APPLES & CINNAMON | BrandOwner: Meijer, Inc.
[cinnamon] Updated: CINNAMON JUBE JEL LIPS CANDY, CINNAMON | BrandOwner: Ferrara Candy Company
[cinnamon] Updated: CINNAMON CHURRO COFFEE CREAMER, CINNAMON CHURRO | BrandOwner: Danone US, LLC
[cinnamon] Updated: CINNAMON GLAZED PECANS, CINNAMON GLAZED | BrandOwner: Target Stores
[cinnamon] Updated: APPLES & CINNAMON LOWER SUGAR INSTANT OATMEAL, APPLES & CINNAMON | BrandOwner: Target Stores
[cinnamon] Updated: APPLE CINNAMON ORGANIC INSTANT OATMEAL, APPLE CINNAMON | BrandOwner: 
[cinnamon] Updated: TURMERIC CINNAMON IMMUNITY ORGANIC COLD-PRESSED PROBIOTIC JUICE SHOT, TURMERIC CINNAMON | BrandOwner: SO Good Brand, Inc.
[cinnamon] Updated: BUTTER TOFFEE CINNAMON ALMONDS, BUTTER TOFFEE CINNAMON | BrandOwner: Bristol Farms
[cinnamon] Updated: CINNAMON DISKS CANDY, CINNAMON DISKS | BrandOwner: Anavita Inc
[cinnamon] Updated: CINNAMON DOLCE LATTE CREAMER, CINNAMON DOLCE LATTE | BrandOwner: Nestle USA Inc.
[cinnamon] Updated: CINNAMON JELLY HEARTS PARTY TUB, CINNAMON | BrandOwner: Ferrara Candy Company
[cinnamon] Updated: CINNAMON HARD CANDY | BrandOwner: Ferrara Candy Company
[cinnamon] Updated: CINNAMON JUBE JEL LIPS CANDY, CINNAMON | BrandOwner: Ferrara Candy Company
[cinnamon] Updated: CINNAMON DISCS CANDY, CINNAMON DISCS | BrandOwner: Family Dollar Stores Inc.
[cinnamon] Updated: APPLES & CINNAMON INSTANT OATMEAL, APPLES & CINNAMON | BrandOwner: Wakefern Food Corporation
[cinnamon] Updated: CINNAMON VANILLA HOLIDAY MILK, CINNAMON VANILLA | BrandOwner: Target Stores
[cinnamon] Updated: CINNAMON GLAZED ALMONDS & PECANS, CINNAMON GLAZED | BrandOwner: Target Stores
[cinnamon] Updated: CINNAMON SUGAR PEANUTS, CINNAMON SUGAR | BrandOwner: Target Stores
[cinnamon] Updated: APPLE CINNAMON ORGANIC FRUIT POUCHES, APPLE CINNAMON | BrandOwner: Target Stores
[cinnamon] Updated: CINNAMON GLAZED PECANS, CINNAMON GLAZED | BrandOwner: Target Stores
[cinnamon] Updated: CINNAMON FRENCH TOASTER STICKS, CINNAMON | BrandOwner: The Kellogg Company 
[cinnamon] Updated: CINNAMON SUGAR FREE COFFEE SYRUP, CINNAMON | BrandOwner: Target Stores
[cinnamon] Updated: CINNAMON APPLE SLICES FREEZE DRIED FRUIT, CINNAMON | BrandOwner: Target Stores
[cinnamon] Updated: CINNAMON GLAZED ALMONDS & PECANS, CINNAMON GLAZED | BrandOwner: Target Stores
[cinnamon] Updated: ALMOND CINNAMON APPLE NUT & FRUIT CLUSTERS, ALMOND CINNAMON APPLE | BrandOwner: Target Stores
[cinnamon] Updated: CINNAMON SWIRL FIBER COMPLETE INSTANT OATMEAL, CINNAMON SWIRL | BrandOwner: Meijer, Inc.
[cinnamon] Updated: APPLE CINNAMON STEEL CUT OATMEAL, APPLE CINNAMON | BrandOwner: Target Stores
[cinnamon] Updated: CINNAMON BEARS CANDY, CINNAMON BEARS | BrandOwner: Supervalu, Inc.
[cinnamon] Updated: GRANOLA, CINNAMON RAISIN, LIGHTLY SWEETENED | BrandOwner: Bob's Red Mill Natural Foods, Inc.
[cinnamon] Updated: APPLES & CINNAMON INSTANT MULTIGRAIN OATMEAL CUP, APPLES & CINNAMON | BrandOwner: Safeway, Inc.
[cinnamon] Updated: CINNAMON SPICE FIBER THINS, CINNAMON | BrandOwner: The Procter & Gamble Company
[cinnamon] Updated: CINNAMON FRENCH TOAST COFFEE CREAMER, CINNAMON FRENCH TOAST | BrandOwner: Wal-Mart Stores, Inc.
[cinnamon] Updated: PUMPKIN & CINNAMON GRAIN FREE PUFFS, PUMPKIN & CINNAMON | BrandOwner: Serenity Kids LLC
[cinnamon] Updated: CINNAMON FLAVOR GRANOLA BITES, CINNAMON | BrandOwner: The Quaker Oats Company
[cinnamon] Updated: CINNAMON PEAR JAM, CINNAMON; PEAR | BrandOwner: Stonewall Kitchen Ltd.
[cinnamon] Updated: CINNAMON RAISIN SWIRL PEANUT BUTTER SPREAD, CINNAMON RAISIN SWIRL | BrandOwner: Peanut Butter & Co, Inc. 
[cinnamon] Updated: APPLE CINNAMON FRUIT STRIPS, APPLE CINNAMON | BrandOwner: Target Stores
[cinnamon] Updated: CINNAMON APPLE SLICES DRIED FRUIT, CINNAMON | BrandOwner: Target Stores
[cinnamon] Updated: CINNAMON SUGARFREE GUM, CINNAMON | BrandOwner: Mars, Inc.
[cinnamon] Updated: CINNAMON OLD FASHIONED GRAHAMS, CINNAMON | BrandOwner: Food City
[cinnamon] Updated: BANANA CHIP, CINNAMON | BrandOwner: Log House Foods, Inc.
[cinnamon] Updated: CINNAMON APPLE CIDER, CINNAMON | BrandOwner: BJ's Wholesale Club / Corporate Brands
[cinnamon] Updated: APPLE & CINNAMON INSTANT OATMEAL, APPLE; CINNAMON | BrandOwner: The Quaker Oats Company
[cinnamon] Updated: CINNAMON REGALECH, CINNAMON | BrandOwner: World Of Chantilly Inc.
[cinnamon] Updated: CINNAMON PECAN NUT GRANOLA, CINNAMON; PECAN | BrandOwner: Louisville Distilling Company, LLC
[cinnamon] Updated: ORGANIC, APPLE CINNAMON INSTANT OATMEAL, APPLE CINNAMON | BrandOwner: Wakefern Food Corporation
[cinnamon] Updated: CINNAMON & WINTERGREEN JELLY DROPS HOLIDAY SPICETTES CANDY, CINNAMON & WINTERGREEN JELLY DROPS | BrandOwner: Ferrara Candy Company
[cinnamon] Updated: CINNAMON ALMONDS, CINNAMON | BrandOwner: R&J ALmonds
[cinnamon] Updated: DON ENRIQUE CINNAMON STICKS, 1 OZ | BrandOwner: World Variety Produce, Inc.
[cinnamon] Updated: COLD PRESSED CASHEW COFFEE, CINNAMON VANILLA | BrandOwner: The Hain Celestial Group, Inc.
[cinnamon] Updated: CINNAMON LOW FAT GRAHAMS, CINNAMON | BrandOwner: Meijer, Inc.
[cinnamon] Updated: CINNAMON IMPERIALS CANDY, CINNAMON IMPERIALS | BrandOwner: CK Products LLC
[cinnamon] Updated: CINNAMON APPLE BUTTER, CINNAMON APPLE | BrandOwner: Giant Eagle, Inc.
[cinnamon] Updated: Cinnamon Mini Animal Grahams | BrandOwner: East Side Entrees
[cinnamon] Updated: Cinnamon Swirls, Whole Grain, Bulk, 3.75" x 1.75" | BrandOwner: Bake Crafters Food Company
[cinnamon] Updated: CINNAMON-APPLE DUNKERS, CINNAMON-APPLE | BrandOwner: Bill Knapp's, LLC
[cinnamon] Updated: TUTTI-FRUTTI, VIOLET, PEPPERMINT, CINNAMON, SPEARMINT CHEWING GUM, TUTTI-FRUTTI, VIOLET, PEPPERMINT, CINNAMON, SPEARMINT | BrandOwner: Chicles Canel's Sa De Cv
[cinnamon] Updated: CINNAMON DANISH RUGELACH DESERTS, CINNAMON | BrandOwner: Lestis Desserts Enterprises Inc.
[cinnamon] Updated: PINK CINNAMON SUGAR BITES, CINNAMON | BrandOwner: J&J Snack Foods Corp
[cinnamon] Updated: HARVEST CARAMELS CINNAMON CRME SOFT CARAMELS, CINNAMON CRME | BrandOwner: Storck USA LP
[cinnamon] Updated: FIERCE CINNAMON SOFT & CHEWY BITES, CINNAMON | BrandOwner: Kenny's Candy Company Inc.
[cinnamon] Updated: HOT CINNAMON VALENTINE'S POPCORN, HOT CINNAMON | BrandOwner: Meijer, Inc.
[cinnamon] Updated: ORIGINAL CINNAMON BEYOND CHURROS, ORIGINAL CINNAMON | BrandOwner: Natural Intentions, Inc.
[cinnamon] Updated: ASSORTED DONUTS, PLAIN, CINNAMON & POWDERED SUGAR | BrandOwner: Target Stores
[cinnamon] Updated: APPLE CINNAMON SNAPS, APPLE CINNAMON | BrandOwner: D. F. Stauffer Biscuit Co. Inc
[cinnamon] Updated: CINNAMON GLAZED PECANS, CINNAMON GLAZED | BrandOwner: Target Stores
[cinnamon] Updated: CINNAMON GRAHAM STICKS, CINNAMON | BrandOwner: Meijer, Inc.
[cinnamon] Updated: CINNAMON IMPERIALS CANDY, CINNAMON IMPERIALS | BrandOwner: Ferrara Candy Company
[cinnamon] Updated: FRENCH TOAST STICKS, CINNAMON | BrandOwner: Rich Products Corporation
[cinnamon] Updated: CINNAMON OATMEAL SMOOTHIE, CINNAMON | BrandOwner: Alpina Productos Alimenticios
[cinnamon] Updated: FRENCH TOAST STICKS, CINNAMON SPRINKLE | BrandOwner: Rich Products Corporation
[cinnamon] Updated: PEAR CINNAMON ENERGY DRINK, PEAR; CINNAMON | BrandOwner: Red Bull North America, Inc.
[cinnamon] Updated: CINNAMON FRENCH TOAST STICKS, CINNAMON | BrandOwner: Meijer, Inc.
[cinnamon] Updated: CINNAMON DANISH | BrandOwner: Bimbo Bakeries USA, Inc.
[cinnamon] Updated: CINNAMON SUGAR TWISTS, CINNAMON SUGAR | BrandOwner: Pipsnacks LLC
[cinnamon] Updated: CINNAMON CHURRO FIESTA TWISTS, CINNAMON CHURRO | BrandOwner: General Mills, Inc.
[cinnamon] Updated: Kellogg's Pop-Tarts Whole Grain Brown Sugar Cinnamon | BrandOwner: Kellogg Company US
[cinnamon] Updated: Nature Valley Cinnamon Brown Sugar Soft Baked Oatmeal Squares | BrandOwner: GENERAL MILLS SALES INC.
[cinnamon] Updated: Kellogg's Pop-Tarts Whole Grain Brown Sugar Cinnamon 16.9oz | BrandOwner: Kellogg Company US
[cinnamon] Updated: CINNAMON ICE CUBES SUGAR FREE GUM, CINNAMON | BrandOwner: The Hershey Company
[cinnamon] Updated: CINNAMON CHURRO PUFFS, CINNAMON | BrandOwner: Earthly Treats, LLC
[cinnamon] Updated: Pepperidge Farm Goldfish Whole Grain Giant Grahams, Cinnamon, .9 Ounces, Pack of 300 | BrandOwner: Pepperidge Farm Inc.
[cinnamon] Updated: CINNAMON PECAN CARAMEL CORN CLUSTERS, CINNAMON PECAN | BrandOwner: 
[cinnamon] Updated: CINNAMON GLUTEN FREE MATZO-STYLE SQUARES, CINNAMON | BrandOwner: Royal Wine Corporation
[cinnamon] Updated: CINNAMON CHRISTMAS NOUGATS CANDY, CINNAMON | BrandOwner: Ferrara Candy Company
[cinnamon] Updated: FIERCE CINNAMON CHEWY CANDIES, FIERCE CINNAMON | BrandOwner: Just Born, Inc.
[cinnamon] Updated: CINNAMON SWIRL OAT CREAMER, CINNAMON | BrandOwner: Green Grass Foods, Inc
[cinnamon] Updated: CINNAMON & SPICE INSTANT OATMEAL, CINNAMON & SPICE | BrandOwner: Wakefern Food Corporation
[cinnamon] Updated: CINNAMON SWIRL BITES, CINNAMON | BrandOwner: Snack Innovations Inc.
[cinnamon] Updated: CINNAMON FRENCH TOAST STICKS, CINNAMON | BrandOwner: Wakefern Food Corporation
[cinnamon] Updated: CINNAMON JUBE JEL LIPS CANDY, CINNAMON | BrandOwner: Ferrara Candy Company
[cinnamon] Updated: APPLE & CINNAMON FILLED CREPES, APPLE & CINNAMON | BrandOwner: Harris-Teeter Inc.
[cinnamon] Updated: FRENCH TOAST CINNAMON STICKS, FRENCH TOAST CINNAMON | BrandOwner: Wal-Mart Stores, Inc.
[cinnamon] Updated: CINNAMON RAISIN CHALLAH, CINNAMON RAISIN | BrandOwner: Zak The Baker, LLC
[cinnamon] Updated: French Toast Bites, Whole Grain, Wholesome Choice, Cinnamon, Bulk 54 Servings | BrandOwner: Bake Crafters Food Company
[cinnamon] Updated: APPLE CINNAMON RAISIN DRIZZLERS, APPLE; CINNAMON; RAISIN | BrandOwner: Creative Snacks Co., LLC
[cinnamon] Updated: CINNAMON FRENCH TOAST STICKS, CINNAMON | BrandOwner: BJ's Wholesale Club / Corporate Brands
[cinnamon] Updated: CINNAMON STREUSEL BISCOTTI, CINNAMON STREUSEL | BrandOwner: Nonni's Foods LLC
[cinnamon] Updated: CINNAMON BEARS CANDY, CINNAMON BEARS | BrandOwner: Ferrara Candy Company
[cinnamon] Updated: CINNAMON JELLY HEARTS CANDY, CINNAMON JELLY HEARTS | BrandOwner: Ferrara Candy Company
[cinnamon] Updated: CINNAMON FRENCH TOAST BITES, CINNAMON | BrandOwner: Meijer, Inc.
[cinnamon] Updated: Croffin, Cinnamon, Freezer-to-Oven, 3" x 2.5" | BrandOwner: Bake Crafters Food Company
[cinnamon] Updated: Whole Grain Cinnamon Glazed French Toast Sticks, 100/2.9 oz., Frozen, Bulk | BrandOwner: Cargill Poultry Products Div
[cinnamon] Updated: APPLES & CINNAMON INSTANT OATMEAL, APPLES & CINNAMON | BrandOwner: Wakefern Food Corporation
[cinnamon] Updated: CINNAMON GRAHAMS, CINNAMON | BrandOwner: H E Butt Grocery Company
[cinnamon] Updated: CINNAMON GRANOLA, CINNAMON | BrandOwner: Target Stores
[cinnamon] Updated: APPLE CINNAMON OATS, APPLE CINNAMON | BrandOwner: MUSH Foods, Inc.
[cinnamon] Updated: CINNAMON GUM, CINNAMON | BrandOwner: Mars, Inc.
[cinnamon] Updated: CRANBERRY CINNAMON GOAT SOFT CHEESE, CRANBERRY CINNAMON GOAT | BrandOwner: Safeway, Inc.
[cinnamon] Updated: THE CHEWY MINT CINNAMON CANDY, CINNAMON | BrandOwner: Perfetti Van Melle USA Inc.
[cinnamon] Updated: CINNAMON GRANOLA, CINNAMON | BrandOwner: Whole Foods Market, Inc.
[cinnamon] Updated: Kellogg's Pop-Tarts Whole Grain Brown Sugar Cinnamon 16.9oz 120ct | BrandOwner: Kellogg Company US
[cinnamon] Updated: CINNAMON MINI DONUTS, CINNAMON | BrandOwner: Tasty Baking Company
[cinnamon] Updated: CINNAMON SUGAR DONUTS, CINNAMON SUGAR | BrandOwner: Bimbo Bakeries USA, Inc.
[cinnamon] Updated: Kellogg's Pop-Tarts Whole Grain Brown Sugar Cinnamon 1.69oz | BrandOwner: Kellogg Company US
[cinnamon] Updated: CINNAMON IMPERIALS CANDY, CINNAMON IMPERIALS | BrandOwner: Supervalu, Inc.
[cinnamon] Updated: CINNAMON DISCS HARD CANDY, CINNAMON DISCS | BrandOwner: Rite Aid Corporation
[cinnamon] Updated: ASSORTED MINI DONUTS, PLAIN, CINNAMON, POWDERED SUGAR | BrandOwner: Target Stores
[cinnamon] Updated: SPICY CINNAMON SUGAR FREE GUM, SPICY CINNAMON | BrandOwner: Mondelez International, Inc.
[cinnamon] Updated: BROWN SUGAR & CINNAMON STEEL CUT INSTANT OATMEAL, BROWN SUGAR & CINNAMON | BrandOwner: Meijer, Inc.
[cinnamon] Updated: THICK & FLUFFY CINNAMON BROWN SUGAR FRENCH TOAST, CINNAMON; BROWN SUGAR | BrandOwner: The Kellogg Company 
[cinnamon] Updated: CINNAMON DANISH, CINNAMON | BrandOwner: Wal-Mart Stores, Inc.
[cinnamon] Updated: HOT COCOA SPOONS, MARSHMALLOW, PEPPERMINT, CINNAMON | BrandOwner: Target Stores
[cinnamon] Updated: CINNAMON FRENCH TOAST BITES | BrandOwner: 
[cinnamon] Updated: CINNAMON SUGARFREE GUM, CINNAMON | BrandOwner: Mars, Inc.
[cinnamon] Updated: CLOVE, CINNAMON, ANISE, ROOT BEER, PEPPERMINT & MINT SPICE DROPS, CLOVE, CINNAMON, ANISE, ROOT BEER, PEPPERMINT & MINT | BrandOwner: Topco Associates, Inc.
Database synchronized successfully
[cinnamon] Updated: CINNAMON SUGAR, CINNAMON | BrandOwner: Wal-Mart Stores, Inc.
[cinnamon] Updated: ENTENMANN'S SOFT'EES DONUTS VARIETY PACK, 12 COUNT, 1 LB 2.5 OZ, CINNAMON | BrandOwner: Bimbo Bakeries USA, Inc.
[cinnamon] Updated: CINNAMON FRENCH TOAST STICKS, CINNAMON | BrandOwner: Wakefern Food Corporation
[cinnamon] Updated: APPLE CINNAMON SUGAR FREE INSTANT OATMEAL, APPLE CINNAMON | BrandOwner: Meijer, Inc.
[cinnamon] Updated: CINNAMON SUGAR PIZZA, CINNAMON SUGAR | BrandOwner: Festive Foods LLC
[cinnamon] Updated: CINNAMON VANILLA NON-DAIRY DIP & SPREAD, CINNAMON VANILLA | BrandOwner: Target Stores
[cinnamon] Updated: SWEET & SALTY VARIETY PACK, CINNAMON; CHOCOLATE | BrandOwner: Keebler Company
[cinnamon] Updated: ASSORTED MINI DONUTS, PLAIN, CINNAMON & POWDERED SUGAR | BrandOwner: Target Stores
[cinnamon] Updated: CINNAMON GUM, CINNAMON | BrandOwner: Mars, Inc.
[cinnamon] Updated: CINNAMON CURIOUSLY STRONG MINTS, CINNAMON | BrandOwner: Mars, Inc.
[cinnamon] Updated: CRANBERRIES & CINNAMON GOAT CHEESE, CRANBERRIES& CINNAMON | BrandOwner: Russell McCall's Inc.
[cinnamon] Updated: CINNAMON CHURRO GRANOLA, CINNAMON CHURRO | BrandOwner: Giant Eagle, Inc.
[cinnamon] Updated: CINNAMON SUGAR-FREE XYLITOL GUM, CINNAMON | BrandOwner: Epic Industries
[cinnamon] Updated: ORGANIC APPLE CIDER VINEGAR, LEMON - CINNAMON - HONEY | BrandOwner: National Fruit Product Co., Inc.
[cinnamon] Updated: APPLE CINNAMON PECAN ORGANIC SUPERFOOD OATMEAL, APPLE CINNAMON PECAN | BrandOwner: Purely Elizabeth 
[cinnamon] Updated: CINNAMON DONUT HOLES, CINNAMON | BrandOwner: The Kroger Co.
[cinnamon] Updated: ALMOND BUTTER, HONEY CINNAMON | BrandOwner: Bell-Carter Foods, LLC
[cinnamon] Updated: CINNAMON GRANOLA, CINNAMON | BrandOwner: Red Plate Foods, Inc.
[cinnamon] Updated: CINNAMON OLD FASHIONED TWISTS, CINNAMON | BrandOwner: Kenny's Candy Company Inc.
[cinnamon] Updated: VANILLA CINNAMON EGGNOG, VANILLA CINNAMON | BrandOwner: Safeway, Inc.
[cinnamon] Updated: CINNAMON VANILLA INFUSED MAPLE SYRUP, CINNAMON VANILLA | BrandOwner: Save Mart Supermarkets Inc.
[cinnamon] Updated: APPLES & CINNAMON INSTANT OATMEAL, APPLES & CINNAMON | BrandOwner: Super Store Industries
[cinnamon] Updated: CINNAMON PECANS, CINNAMON | BrandOwner: Genuine Georgia Group, LLC
[cinnamon] Updated: CINNAMON CAFFEINE GUM, CINNAMON | BrandOwner: Glo's Gumbo, LLC
[cinnamon] Updated: PILONES DOMINICANOS, LOLLY POP'S, CINNAMON, CINNAMON | BrandOwner: K-Swiss, Inc.
[cinnamon] Updated: WELCH'S, FRUIT SPREAD, APPLE CINNAMON, APPLE CINNAMON | BrandOwner: Welch Foods Inc
[cinnamon] Updated: CINNAMON SANTAS CANDY, CINNAMON SANTAS | BrandOwner: Associated Wholesale Grocers, Inc.
[cinnamon] Updated: HARMLESS HARVEST, 100% RAW COCONUT WATER, CINNAMON & CLOVE, CINNAMON & CLOVE | BrandOwner: Harmless Harvest Inc.
[cinnamon] Updated: HONEY CINNAMON SEED & NUT FLOUR SWEET THINS, HONEY CINNAMON | BrandOwner: Simple Mills
[cinnamon] Updated: CINNAMON MINI DONUTS, CINNAMON | BrandOwner: Kaase Baking Company
[cinnamon] Updated: APPLE CINNAMON ORGANIC INSTANT OATMEAL, APPLE CINNAMON | BrandOwner: United Natural Foods, Inc.
[cinnamon] Updated: APPLE CINNAMON ALMOND OATMEAL | BrandOwner: KIND Inc.
[cinnamon] Updated: CINNAMON TOAST SWEET & BUTTERY MICROWAVE POPCORN, CINNAMON TOAST | BrandOwner: Ramsey Popcorn Company, Inc.
[cinnamon] Updated: CINNAMON INFUSED LOCAL TEXAS HONEY, CINNAMON | BrandOwner: Kelley Honey Farms LP
[cinnamon] Updated: APPLE CINNAMON ORGANIC FRUIT PATCHES, APPLE CINNAMON | BrandOwner: Kenover Marketing Corp.
[cinnamon] Updated: CINNAMON RAISIN ORGANIC GRANOLA, CINNAMON RAISIN | BrandOwner: Small Planet Foods, Inc.
[cinnamon] Updated: CINNAMON BEARS CANDY SHOP, CINNAMON BEARS | BrandOwner: George J. Howe Company
[cinnamon] Updated: APPLE CINNAMON OATMEAL, APPLE CINNAMON | BrandOwner: Baker Mills
[cinnamon] Updated: CINNAMON VANILLA ALMOND, CINNAMON VANILLA | BrandOwner: The Gourmet Granola
[cinnamon] Updated: CINNAMON DISCS CANDY, CINNAMON DISCS | BrandOwner: Family Dollar Stores Inc.
[cinnamon] Updated: JELLY HEARTS, CINNAMON | BrandOwner: Walgreens Co.
[cinnamon] Updated: WINTER ROOT VEGETABLES, CINNAMON BROWN SUGAR BUTTER | BrandOwner: Renaissance Food Group, LLC
[cinnamon] Updated: CINNAMON CARAMEL APPLE CREAM CHEESE SPREAD, CINNAMON CARAMEL APPLE | BrandOwner: Smithfield Packaged Meats Corp.
[cinnamon] Updated: CINNAMON STICK FLAT | BrandOwner: V Patel & Sons Inc
[cinnamon] Updated: CINNAMON PECANS, CINNAMON | BrandOwner: Ozark Candies and Nuts
[cinnamon] Updated: Sun-Maid Cinnamon Apple Bits & Raisins 18 oz Reasealable Standup Bag | BrandOwner: Sun-Maid Growers
[cinnamon] Updated: CLOSEOUT Granola, Cinnamon, Whole Grain, Wholesome Choice, Bulk | BrandOwner: Bake Crafters Food Company
[cinnamon] Updated: CINNAMON INSTANT OATMEAL, CINNAMON | BrandOwner: General Mills, Inc.
[cinnamon] Updated: REDUCED SUGAR CINNAMON GRANOLA, CINNAMON | BrandOwner: General Mills, Inc.
[cinnamon] Updated: CINNAMON BROWN SUGAR SOFT-BAKED OATMEAL SQUARES, CINNAMON; BROWN SUGAR | BrandOwner: General Mills, Inc.
[cinnamon] Updated: APPLES & CINNAMON INSTANT OATMEAL, APPLE; CINNAMON | BrandOwner: The Quaker Oats Company
[cinnamon] Updated: CINNAMON & SPICE INSTANT OATMEAL, CINNAMON; SPICE | BrandOwner: The Quaker Oats Company
[cinnamon] Updated: LOWER SUGAR APPLE CINNAMON INSTANT OATMEAL, APPLE; CINNAMON | BrandOwner: The Quaker Oats Company
[cinnamon] Updated: FRENCH TOAST SWIRL COFFEE CREAMER, MAPLE; CINNAMON | BrandOwner: Danone US, LLC
[cinnamon] Updated: APPLE CINNAMON ORGANIC APPLE CIDER VINEGAR REFRESHERS, APPLE CINNAMON | BrandOwner: Live Food Products Inc.
[cinnamon] Updated: CINNAMON PRALINE ALMONDS, CINNAMON PRALINE | BrandOwner: John B. Sanfilippo & Son, Inc.
[cinnamon] Updated: CINNAMON APPLE STRAWS, CINNAMON | BrandOwner: Wal-Mart Stores, Inc.
[cinnamon] Updated: CINNAMON VANILLA GRANOLA, CINNAMON VANILLA | BrandOwner: The Gourmet Granola
[cinnamon] Updated: Granola, Cinnamon, Whole Grain, Wholesome Choice, Bulk | BrandOwner: Bake Crafters Food Company
[cinnamon] Updated: CINNAMON GUM, CINNAMON | BrandOwner: Mars, Inc.
[cinnamon] Updated: BUTTER CINNAMON PECANS | BrandOwner: Nabisco Food Company
[cinnamon] Updated: CINNAMON CHURRO COFFEE CREAMER, CINNAMON CHURRO | BrandOwner: Danone US, LLC
[cinnamon] Updated: CINNAMON SUGAR FREE GUM, CINNAMON | BrandOwner: Mondelez International, Inc.
[cinnamon] Updated: FAT FREE APPLE CINNAMON BISCOTTI | BrandOwner: 
[cinnamon] Updated: GRAIN FREE CINNAMON BLUEBERRY GRANOLA, CINNAMON; BLUEBERRY | BrandOwner: Infolist Corp.
[cinnamon] Updated: NATURAL CINNAMON SUGAR-FREE GUM, CINNAMON | BrandOwner: Xlear Inc.
[cinnamon] Updated: CINNAMON FRENCH TOAST & SAUSAGE STICKS, CINNAMON | BrandOwner: The Hillshire Brands Company
[cinnamon] Updated: APPLE CINNAMON INSTANT OATMEAL, APPLE CINNAMON | BrandOwner: Target Stores
[cinnamon] Updated: APPLE CINNAMON INSTANT OATMEAL, APPLE CINNAMON | BrandOwner: Target Stores
[cinnamon] Updated: GUT HEALTH ORGANIC CINNAMON OAT HERBAL TEA BAGS , CINNAMON; OAT | BrandOwner: The Hain Celestial Group, Inc.
[cinnamon] Updated: SOFT BAKED CINNAMON MINI TARTS, CINNAMON | BrandOwner: Bimbo Bakeries USA, Inc.
[cinnamon] Updated: CINNAMON BEARS CANDY, CINNAMON | BrandOwner: George J. Howe Company
[cinnamon] Updated: CINNAMON JUMBO JELLY BEANS, CINNAMON | BrandOwner: George J. Howe Company
[cinnamon] Updated: BROWN SUGAR CINNAMON MINI SWEET POTATOES, BROWN SUGAR CINNAMON | BrandOwner: Safeway, Inc.
[cinnamon] Updated: CHURRO CINNAMON SUGAR ALMONDS, CHURRO CINNAMON SUGAR | BrandOwner: H E Butt Grocery Company
[cinnamon] Updated: APPLE CINNAMON INSTANT OATMEAL, APPLE CINNAMON | BrandOwner: Glencourt Inc.
[cinnamon] Updated: BANANA CINNAMON OVERNIGHT OATS, BANANA; CINNAMON | BrandOwner: New Nordic Dairy Inc
[cinnamon] Updated: CINNAMON  DANISH RUGELACH , CINNAMON | BrandOwner: Lestis Desserts Enterprises Inc.
[cinnamon] Updated: Quaker Instant Oatmeal Apples & Cinnamon Flavor 1.51 Oz | BrandOwner: PepsiCo Inc. Brand Owner
[cinnamon] Updated: Quaker Instant Quaker Oatmeal Express Cup Apple Cinnamon 1.51Z/12 | BrandOwner: PepsiCo Inc. Brand Owner
[cinnamon] Updated: Whole Grain Cinnamon Glazed French Toast, 130/2.9 oz., Frozen, Bulk | BrandOwner: Cargill Poultry Products Div
[cinnamon] Updated: BROWN SUGAR & CINNAMON CREAM CHEESE, BROWN SUGAR; CINNAMON | BrandOwner: Schreiber Foods, Inc.
[cinnamon] Updated: CREAMY CINNAMON SPREAD, CINNAMON | BrandOwner: B&G Foods North America, Inc. 
[cinnamon] Updated: ORANGE-CINNAMON  SPREAD, ORANGE; CINNAMON | BrandOwner: Andros S.A.
[cinnamon] Updated: VANILLA CINNAMON COFFEE CREAMER, VANILLA CINNAMON | BrandOwner: Safeway, Inc.
[cinnamon] Updated: CINNAMON & PECAN FLAVOR LOWER SUGAR INSTANT OATMEAL, CINNAMON & PECAN | BrandOwner: The Quaker Oats Company
[cinnamon] Updated: CRANBERRY CINNAMON GOAT CHEESE, CRANBERRY; CINNAMON | BrandOwner: Saputo Cheese USA Inc. 
[cinnamon] Updated: CRANBERRY CINNAMON GOAT CHEESE, CRANBERRY; CINNAMON | BrandOwner: Saputo Cheese USA Inc. 
[cinnamon] Updated: CINNAMON CHURRO PUFFS, CINNAMON | BrandOwner: Earthly Treats, LLC
[cinnamon] Updated: RECIPE NO. 03 PUMPKIN CINNAMON ANCIENT GRAIN GRANOLA, PUMPKIN; CINNAMON | BrandOwner: Purely Elizabeth 
[cinnamon] Updated: CEYLON CINNAMON INFUSED PURE RAW HONEY | BrandOwner: Bee Flower & Sun Honey Co.
[cinnamon] Updated: APPLE CINNAMON SESAME STICKS, APPLE CINNAMON | BrandOwner: Nosher's Choice
[cinnamon] Updated: CINNAMON CHURRO FIESTA TWISTS, CINNAMON; CHURRO | BrandOwner: General Mills, Inc.
[cinnamon] Updated: CINNAMON TOAST MARSHMALLOWS, CINNAMON TOAST | BrandOwner: Know Brainer Foods LLC
[cinnamon] Updated: CINNAMON SUGAR FREE GUM, CINNAMON | BrandOwner: The Hershey Company
[cinnamon] Updated: APPLE CINNAMON ALMOND OATMEAL, APPLE CINNAMON ALMOND | BrandOwner: KIND Inc.
[cinnamon] Updated: CINNAMON BROWN SUGAR TOASTER PASTRIES, CINNAMON BROWN SUGAR | BrandOwner: Simply Delicious, Inc.
[cinnamon] Updated: CINNAMON HONEY PEANUT BUTTER, CINNAMON HONEY | BrandOwner: Peanut Butter Americano
[cinnamon] Updated: CINNAMON GUM STICKS | BrandOwner: Mars, Inc.
[cinnamon] Updated: CINNAMON DISCS CANDY, CINNAMON DISCS | BrandOwner: National Distribution Network LLC
[cinnamon] Updated: CINNAMON PREMIUM CREAMED HONEY, CINNAMON | BrandOwner: Mark Miller Bedillion dba Bedillion Honey Farm
[cinnamon] Updated: ORGANIC CINNAMON | BrandOwner: SLT Foods Inc.
[cinnamon] Updated: BLUEBERRY CINNAMON NUT GRANOLA, BLUEBERRY; CINNAMON | BrandOwner: Louisville Distilling Company, LLC
[cinnamon] Updated: APPLE CINNAMON FRUIT PUREE POUCHES, APPLE CINNAMON | BrandOwner: Target Stores
[cinnamon] Updated: CINNAMON BEARS CHEWY CANDIES, CINNAMON BEARS | BrandOwner: Target Stores
[cinnamon] Updated: HONEY CINNAMON PEANUT BUTTER SPREAD, HONEY; CINNAMON; PEANUT BUTTER | BrandOwner: Chicago Bar Company 
[cinnamon] Updated: CINNAMON & SUGAR GOURMET PUMPKIN SEEDS, CINNAMON; SUGAR | BrandOwner: Kathies Kitchen
[cinnamon] Updated: CINNAMON BEARS CHEWY CANDY, CINNAMON BEARS | BrandOwner: Meijer, Inc.
[cinnamon] Updated: CINNAMON BAKED CORN PUFFS, CINNAMON | BrandOwner: The Hain Celestial Group, Inc.
[cinnamon] Updated: CINNAMON SWIRL, CINNAMON | BrandOwner: Granoly, LLC
[cinnamon] Updated: CINNAMON FRENCH TOAST, CINNAMON | BrandOwner: Gabriel Investment Holdings, LLC
[cinnamon] Updated: CINNAMON RAISIN GRANOLA, CINNAMON | BrandOwner: Alter Eco Americas Inc.
[cinnamon] Updated: LOW CARB KETO BLUEBERRY CINNAMON NUT GRANOLA, BLUEBERRY; CINNAMON | BrandOwner: A-Z Distribution Corp.
[cinnamon] Updated: LOW CARB KETO CINNAMON PECAN NUT GRANOLA, CINNAMON; PECAN | BrandOwner: A-Z Distribution Corp.
[cinnamon] Updated: APPLE CINNAMON FRUIT PUREE POUCHES, APPLE CINNAMON | BrandOwner: Target Stores
[cinnamon] Updated: APPLE CINNAMON FRUIT PUREE POUCHES, APPLE CINNAMON | BrandOwner: Target Stores
[cinnamon] Updated: APPLE CINNAMON FRUIT PUREE POUCHES, APPLE CINNAMON | BrandOwner: Target Stores
[cinnamon] Updated: APPLE CINNAMON OATS, APPLE; CINNAMON | BrandOwner: Chicago Bar Company 
[cinnamon] Updated: ORGANIC CINNAMON SYRUP, CINNAMON | BrandOwner: Nutrishus Brands Inc.
[cinnamon] Updated: CINNAMON SWIRL DONUTS, CINNAMON SWIRL | BrandOwner: Target Stores
[cinnamon] Updated: CINNAMON & SUGAR CHURRO TWISTS, CINNAMON & SUGAR | BrandOwner: Wal-Mart Stores, Inc.
[cinnamon] Updated: POPCORN, CINNAMON CARAMEL | BrandOwner: Gaslamp Popcorn Company, LLC
[cinnamon] Updated: CINNAMON SUGAR MIGHTY LIL' LENTILS, CINNAMON SUGAR | BrandOwner: Seapoint Farms, LLC
[cinnamon] Updated: CINNAMON INSTANT OATS, CINNAMON | BrandOwner: Productos Quaker Sa
[cinnamon] Updated: ORGANIC, CINNAMON RAISIN GRANOLA, CINNAMON RAISIN | BrandOwner: Wakefern Food Corporation
[cinnamon] Updated: ORGANIC, APPLE CINNAMON INSTANT OATMEAL, APPLE CINNAMON | BrandOwner: Wakefern Food Corporation
[cinnamon] Updated: CINNAMON SWIRL COLD BREW COFFEE CONCENTRATE, CINNAMON | BrandOwner: Boys Brigade Clothing Corp.
[cinnamon] Updated: CINNAMON & BROWN SUGAR FINISHING BUTTER, CINNAMON & BROWN SUGAR | BrandOwner: Giant Eagle, Inc.
[cinnamon] Updated: CINNAMON VANILLA OATS, CINNAMON VANILLA | BrandOwner: Gabriel Investment Holdings, LLC
[cinnamon] Updated: JUJU CINNAMON BEARS, JUJU CINNAMON | BrandOwner: Dutch Valley Food Distributors, Inc.
[cinnamon] Updated: APPLE CINNAMON GRANOLA MINIS, APPLE; CINNAMON | BrandOwner: Inventive Products Laboratories, Inc.
[cinnamon] Updated: DEL MONTE, PEAR HALVES, CINNAMON, CINNAMON | BrandOwner: Del Monte Foods Inc.
[cinnamon] Updated: APPLES & CINNAMON INSTANT OATMEAL, APPLES & CINNAMON | BrandOwner: Wakefern Food Corporation
[cinnamon] Updated: HOT TAMALES, CHEWY CANDIES, CINNAMON APPLE, CINNAMON APPLE | BrandOwner: Just Born, Inc.
[cinnamon] Updated: CINNAMON ALMOND ENERGY GRANOLA, CINNAMON; ALMOND | BrandOwner: Clif Bar and Company
[cinnamon] Updated: CINNAMON PRALINE ALMONDS, CINNAMON PRALINE | BrandOwner: Target Stores
[cinnamon] Updated: FREEZE-DRIED CINNAMON APPLE | BrandOwner: Crunchies Natural Food Company, LLC
[cinnamon] Updated: CINNAMON ALMOND BUTTER, CINNAMON | BrandOwner: Justin's, LLC
[cinnamon] Updated: OLD-FASHIONED HARD CANDY ASSORTMENT, PEPPERMINT, CINNAMON, STRAWBERRY, BUTTERSCOTCH | BrandOwner: Anavita Inc
[cinnamon] Updated: CINNAMON BEARS, CINNAMON | BrandOwner: Creative Sportwear, Inc
[cinnamon] Updated: ORGANIC CINNAMON RAISIN GRANOLA, CINNAMON; RAISIN | BrandOwner: Small Planet Foods, Inc.
[cinnamon] Updated: BROWN SUGAR & CINNAMON CREAM CHEESE SPREAD, BROWN SUGAR & CINNAMON | BrandOwner: Kraft Heinz Foods Company
[cinnamon] Updated: SPECIALTY, CRANBERRY CINNAMON GOAT CHEESE, CRANBERRY CINNAMON | BrandOwner: Wakefern Food Corporation
[cinnamon] Updated: APPLE CINNAMON ALMOND OATMEAL, APPLE; CINNAMON; ALMOND | BrandOwner: KIND Inc.
[cinnamon] Updated: CINNAMON FREEZE-DRIED APPLE SLICES, CINNAMON | BrandOwner: Target Stores
[cinnamon] Updated: APPLE & CINNAMON ORGANIC INSTANT OATMEAL, APPLE & CINNAMON | BrandOwner: Star Markets Co.
[cinnamon] Updated: CINNAMON SPICE ORGANIC INSTANT OATMEAL, CINNAMON SPICE | BrandOwner: Star Markets Co.
[cinnamon] Updated: MANNA BUTTER, CINNAMON, PECAN, CHILI | BrandOwner: Manna Organics LLC
[cinnamon] Updated: CINNAMON & BROWN SUGAR SPREADABLE BUTTER, CINNAMON & BROWN SUGAR | BrandOwner: Epicurean Butter Company
[cinnamon] Updated: MAPLE CINNAMON BAKED GRAHAM BITES, MAPLE CINNAMON | BrandOwner: Healing Home Foods Inc.
[cinnamon] Updated: APPLES & CINNAMON SUGAR FREE INSTANT OATMEAL, APPLES & CINNAMON | BrandOwner: Wakefern Food Corporation
[cinnamon] Updated: CINNAMON FRENCH TOAST BITES, CINNAMON | BrandOwner: Wakefern Food Corporation
[cinnamon] Updated: CINNAMON FREEZE-DRIED APPLE SLICES, CINNAMON | BrandOwner: Target Stores
[cinnamon] Updated: MEIJER, TRUE GOODNESS, INSTANT OATMEAL, APPLE CINNAMON, APPLE CINNAMON | BrandOwner: Meijer, Inc.
[cinnamon] Updated: CINNAMON RAISIN PLANT MILK CREAM CHEESE, CINNAMON RAISIN | BrandOwner: Presto Chango Decor,inc.
[cinnamon] Updated: NO ADDED SUGAR ORGANIC CINNAMON APPLE GRANOLA, CINNAMON; APPLE | BrandOwner: Small Planet Foods, Inc.
[cinnamon] Updated: CINNAMON MAPLE! ORGANIC ALMOND MUNCHIES, CINNAMON MAPLE! | BrandOwner: International Harvest, Inc.
[cinnamon] Updated: TOASTED BROWN SUGAR CINNAMON COFFEE CREAMER, CINNAMON | BrandOwner: Nestle USA Inc.
[cinnamon] Updated: CINNAMON JELLY HEARTS CANDY, CINNAMON JELLY HEARTS | BrandOwner: Ferrara Candy Company
[cinnamon] Updated: CINNAMON JELLY HEARTS CANDY, CINNAMON JELLY HEARTS | BrandOwner: Ferrara Candy Company
[cinnamon] Updated: CINNAMON IMPERIALS CANDY, CINNAMON IMPERIALS | BrandOwner: Ferrara Candy Company
[cinnamon] Updated: CINNAMON JELLY HEARTS CANDY, CINNAMON JELLY HEARTS | BrandOwner: Ferrara Candy Company
[cinnamon] Updated: CINNAMON DISCS SUGAR FREE CANDY, CINNAMON DISCS | BrandOwner: Big Y Foods, Inc.
[cinnamon] Updated: CINNAMON JELLY HEARTS CANDY, CINNAMON JELLY HEARTS | BrandOwner: Ferrara Candy Company
[cinnamon] Updated: CINNAMON BEARS JUJU CANDY, CINNAMON BEARS | BrandOwner: Ferrara Candy Company
[cinnamon] Updated: NATURAL CINNAMON FLAVOR MAGIC POP, CINNAMON | BrandOwner: Sushi House, Inc.
[cinnamon] Updated: STICK CINNAMON | BrandOwner: La Criolla Inc.
[cinnamon] Updated: CRANBERRY & CINNAMON GOAT CHEESE, CRANBERRY & CINNAMON | BrandOwner: Target Stores
[cinnamon] Updated: CINNAMON BEARS CANDY, CINNAMON BEARS | BrandOwner: Lehi Valley Trading Company, Inc.
[cinnamon] Updated: CINNAMON HARD CANDY, CINNAMON | BrandOwner: Ferrara Candy Company
[cinnamon] Updated: CINNAMON HARD CANDY, CINNAMON | BrandOwner: Ferrara Candy Company
[cinnamon] Updated: CINNAMON IMPERIALS CANDY, CINNAMON IMPERIALS | BrandOwner: Ferrara Candy Company
[cinnamon] Updated: CINNAMON JELLY HEARTS CANDY, CINNAMON | BrandOwner: Ferrara Candy Company
[cinnamon] Updated: CINNAMON & WINTERGREEN JELLY DROPS HOLIDAY SPICETTES CANDY, CINNAMON & WINTERGREEN JELLY DROPS | BrandOwner: Ferrara Candy Company
[cinnamon] Updated: CINNAMON JELLY HEARTS CANDY, CINNAMON JELLY HEARTS | BrandOwner: Ferrara Candy Company
[cinnamon] Updated: APPLE CINNAMON INSTANT OATMEAL, APPLE CINNAMON | BrandOwner: Nash Finch Company

[cinnamon] Total products updated: 346, skipped: 1400

Summary: Updated 346 products, skipped 1400. See fix_product_mappings_skipped.log for details.
