ðŸ”§ Starting comprehensive mapping fix...

Step 1: Removing broken mappings...
Found 36 broken mappings to remove
Database synchronized successfully
âœ… Removed all broken mappings

Step 2: Finding/creating canonical ingredients...
  Found canonical: sugar (ID: 24)
  âš ï¸  Mapping already exists for: sugar
  Created canonical: vegetable juice
  âœ… Mapped: vegetable juice -> vegetable juice
  Created canonical: blueberry jam
  âœ… Mapped: blueberry jam -> blueberry jam
  Found canonical: golden raisins (ID: 187596)
  âœ… Mapped: golden raisins -> golden raisins
  Created canonical: dill pickle juice
  âœ… Mapped: dill pickle juice -> dill pickle juice
  Found canonical: white sugar (ID: 183784)
  âœ… Mapped: white sugar -> white sugar
  Found canonical: dark brown sugar (ID: 184126)
  âœ… Mapped: dark brown sugar -> dark brown sugar
  Found canonical: packed brown sugar (ID: 100)
  âš ï¸  Mapping already exists for: packed brown sugar
  Created canonical: unsweetened pineapple juice
  âœ… Mapped: unsweetened pineapple juice -> unsweetened pineapple juice
  Found canonical: orange juice (ID: 112)
  âš ï¸  Mapping already exists for: orange juice
  Created canonical: butter, melted
  âœ… Mapped: butter, melted -> butter, melted
  Found canonical: unsalted butter (ID: 76)
  âš ï¸  Mapping already exists for: unsalted butter
  Created canonical: butter, softened
  âœ… Mapped: butter, softened -> butter, softened
  Found canonical: garlic salt (ID: 150363)
  âš ï¸  Mapping already exists for: garlic salt
  Found canonical: dry wine (ID: 150269)
  âš ï¸  Mapping already exists for: dry wine
  Found canonical: distilled vinegar (ID: 150494)
  âš ï¸  Mapping already exists for: distilled vinegar
  Found canonical: ground cloves (ID: 93)
  âš ï¸  Mapping already exists for: ground cloves
  Created canonical: greek seasoning
  âœ… Mapped: greek seasoning -> greek seasoning
  Found canonical: dark corn syrup (ID: 150542)
  âš ï¸  Mapping already exists for: dark corn syrup
  Created canonical: cola
  âœ… Mapped: cola -> cola
  Found canonical: cream cheese (ID: 139820)
  âš ï¸  Mapping already exists for: cream cheese
  Found canonical: evaporated milk (ID: 150579)
  âš ï¸  Mapping already exists for: evaporated milk
  Found canonical: low-sodium chicken broth (ID: 150440)
  âš ï¸  Mapping already exists for: low-sodium chicken broth
  Created canonical: vanilla-flavored candy coating
  âœ… Mapped: vanilla-flavored candy coating -> vanilla-flavored candy coating
  Created canonical: unsifted confectioners sugar
  âœ… Mapped: unsifted confectioners sugar -> unsifted confectioners sugar
  Found canonical: unsweetened applesauce (ID: 184772)
  âœ… Mapped: unsweetened applesauce -> unsweetened applesauce
  Found canonical: warm water (ID: 183865)
  âš ï¸  Mapping already exists for: warm water
  Found canonical: vegetable oil (ID: 83)
  âš ï¸  Mapping already exists for: vegetable oil
  Found canonical: kumquats (ID: 111585)
  âš ï¸  Mapping already exists for: kumquats
  Found canonical: cubed beef stew meat (ID: 185181)
  âœ… Mapped: cubed beef stew meat -> cubed beef stew meat
  Created canonical: pancetta
  âœ… Mapped: pancetta -> pancetta
  Found canonical: rosemary (ID: 115628)
  âš ï¸  Mapping already exists for: rosemary
  Found canonical: ginger (ID: 32029)
  âš ï¸  Mapping already exists for: ginger
  Found canonical: sweet potatoes (ID: 15255)
  âš ï¸  Mapping already exists for: sweet potatoes
  Found canonical: sourdough bread (ID: 51860)
  âš ï¸  Mapping already exists for: sourdough bread
  Found canonical: chicken (ID: 150238)
  âš ï¸  Mapping already exists for: chicken
  Created canonical: pecans, toasted
  âœ… Mapped: pecans, toasted -> pecans, toasted
  Found canonical: firmly packed brown sugar (ID: 184974)
  âœ… Mapped: firmly packed brown sugar -> firmly packed brown sugar

âœ… Canonical ingredients: 26 found, 12 created

Step 3: Updating product canonical tags...
  Updated 20 products for: sugar
  Updated 20 products for: vegetable juice
  Updated 6 products for: blueberry jam
  Updated 20 products for: golden raisins
  Updated 11 products for: dill pickle juice
  Updated 20 products for: white sugar
  Updated 20 products for: dark brown sugar
  Updated 20 products for: packed brown sugar
  Updated 20 products for: unsweetened pineapple juice
  Updated 20 products for: orange juice
  Updated 20 products for: butter, melted
  Updated 20 products for: unsalted butter
  Updated 20 products for: butter, softened
  Updated 20 products for: garlic salt
  Updated 1 products for: dry wine
  Updated 20 products for: distilled vinegar
  Updated 20 products for: ground cloves
  Updated 16 products for: greek seasoning
  Updated 17 products for: dark corn syrup
  Updated 20 products for: cola
  Updated 20 products for: cream cheese
  Updated 20 products for: evaporated milk
  Updated 20 products for: low-sodium chicken broth
  Updated 4 products for: vanilla-flavored candy coating
  Updated 0 products for: unsifted confectioners sugar
  Updated 20 products for: unsweetened applesauce
  Updated 20 products for: warm water
  Updated 20 products for: vegetable oil
  Updated 20 products for: kumquats
  Updated 10 products for: cubed beef stew meat
  Updated 20 products for: pancetta
  Updated 20 products for: rosemary
  Updated 20 products for: ginger
  Updated 20 products for: sweet potatoes
  Updated 20 products for: sourdough bread
  Updated 20 products for: chicken
  Updated 20 products for: pecans, toasted
  Updated 16 products for: firmly packed brown sugar

âœ… Updated 652 products with canonical tags

Step 4: Verifying fixes...
Total mappings: 126693
Broken mappings: 0
Working mappings: 126693
  âœ… sugar: 0 products found
  âœ… butter: 3306 products found
  âœ… salt: 48215 products found
  âœ… flour: 4 products found

ðŸŽ‰ Mapping fix completed!
