[oil] Updated: CANOLA OIL | BrandOwner: Target Stores
[oil] Updated: ROSEMARY OLIVE OIL ROLLS, ROSEMARY OLIVE OIL | BrandOwner: Target Stores
[oil] Updated: WILD SARDINES IN EXTRA VIRGIN OLIVE OIL, EXTRA VIRGIN OLIVE OIL | BrandOwner: Target Stores
[oil] Updated: ALBACORE WILD TUNA IN EXTRA VIRGIN OLIVE OIL, ALBACORE IN EXTRA VIRGIN OLIVE OIL | BrandOwner: Target Stores
[oil] Updated: CANOLA OIL | BrandOwner: Target Stores
[oil] Updated: VEGETABLE OIL | BrandOwner: Target Stores
[oil] Updated: CLASSIC OLIVE OIL, CLASSIC | BrandOwner: Meijer, Inc.
[oil] Updated: MILD OLIVE OIL, MILD | BrandOwner: Meijer, Inc.
[oil] Updated: CLASSIC OLIVE OIL, CLASSIC | BrandOwner: Meijer, Inc.
[oil] Updated: CHUNK LIGHT TUNA IN VEGETABLE OIL, CHUNK LIGHT IN VEGETABLE OIL | BrandOwner: Meijer, Inc.
[oil] Updated: CHUNK LIGHT TUNA IN VEGETABLE OIL, CHUNK LIGHT IN VEGETABLE OIL | BrandOwner: Meijer, Inc.
[oil] Updated: ORGANIC EXTRA VIRGIN OLIVE OIL | BrandOwner: Meijer, Inc.
[oil] Updated: EXTRA VIRGIN OLIVE OIL | BrandOwner: Meijer, Inc.
[oil] Updated: EXTRA VIRGIN OLIVE OIL | BrandOwner: Meijer, Inc.
[oil] Updated: EXTRA VIRGIN OLIVE OIL | BrandOwner: Meijer, Inc.
[oil] Updated: GARLIC INFUSED EXTRA VIRGIN OLIVE OIL, GARLIC | BrandOwner: Meijer, Inc.
[oil] Updated: ITALIAN SINGLE ORIGIN EXTRA VIRGIN OLIVE OIL, ITALIAN | BrandOwner: Meijer, Inc.
[oil] Updated: GREEK SINGLE ORIGIN EXTRA VIRGIN OLIVE OIL, GREEK | BrandOwner: Meijer, Inc.
[oil] Updated: ORGANIC COLD PRESSED EXTRA VIRGIN OLIVE OIL | BrandOwner: Star Markets Co.
[oil] Updated: ORGANIC COLD PRESSED EXTRA VIRGIN OLIVE OIL | BrandOwner: Star Markets Co.
[oil] Updated: ORGANIC COLD PRESSED EXTRA VIRGIN OLIVE OIL | BrandOwner: Star Markets Co.
[oil] Updated: ORGANIC REFINED COCONUT OIL | BrandOwner: Meijer, Inc.
[oil] Updated: ORGANIC SUNFLOWER OIL | BrandOwner: Meijer, Inc.
[oil] Updated: EXTRA VIRGIN OLIVE OIL | BrandOwner: Meijer, Inc.
[oil] Updated: EXTRA VIRGIN OLIVE OIL | BrandOwner: Meijer, Inc.
[oil] Updated: ITALIAN ORGANIC CANOLA OIL, ITALIAN | BrandOwner: Meijer, Inc.
[oil] Updated: OLIVE OIL ORGANIC NON-STICK COOKING SPRAY, OLIVE OIL | BrandOwner: Meijer, Inc.
[oil] Updated: SESAME OIL | BrandOwner: Meijer, Inc.
[oil] Updated: EXTRA VIRGIN OLIVE OIL | BrandOwner: Ferro Farms
[oil] Updated: KETO GRASS-FED COLLAGEN 10 G, MCT OIL POWDER 5 G, SUGAR 0 G COLLAGEN HAIR, SKIN, NAIL & JOINT SUPPORT POWDER, VANILLA BEAN, VANILLA BEAN | BrandOwner: Orgain, Inc.
[oil] Updated: PREMIUM SESAME OIL | BrandOwner: Supa Records, Inc.
[oil] Updated: SUNFLOWER OIL | BrandOwner: Meijer, Inc.
[oil] Updated: WILD-CAUGHT IN OLIVE OIL SARDINES | BrandOwner: Tri-Union Seafoods, LLC
[oil] Updated: ORGANIC UNREFINED COCONUT OIL | BrandOwner: Giant Eagle, Inc.
[oil] Updated: ORGANIC UNREFINED COCONUT OIL | BrandOwner: Giant Eagle, Inc.
[oil] Updated: ORGANIC COLD PRESSED OMEGA 3 FLAX OIL | BrandOwner: Seitenbacher
[oil] Updated: VEGETABLE OIL | BrandOwner: Hannaford Bros. Co.
[oil] Updated: CANOLA OIL | BrandOwner: Hannaford Bros. Co.
[oil] Updated: VEGETABLE OIL | BrandOwner: Santa Barbara Naturals, LLC
[oil] Updated: MILD FLAVOR  GRAPESEED OIL | BrandOwner: H2oh!, LLC.
[oil] Updated: EXTRA VIRGIN  OLIVE OIL | BrandOwner: Sumar International, Inc.
[oil] Updated: BAKING EXTRA VIRGIN OLIVE OIL | BrandOwner: Sumar International, Inc.
[oil] Updated: ITALIAN EXTRA VIRGIN OLIVE OIL, ITALIAN | BrandOwner: Winter House Foods
[oil] Updated: HARD-BOILED EGGS | BrandOwner: Prime Foods, Inc.
[oil] Updated: OLIVE OIL & SEA SALT FIRE ROASTED SWEET CORN, OLIVE OIL & SEA SALT | BrandOwner: Sevillo Fine Foods
[oil] Updated: PLANT BASED HARD BOILED EGGS | BrandOwner: Sneaky Apron LLC
[oil] Updated: PLANT BASED HARD BOILED EGGS | BrandOwner: Sneaky Apron LLC
[oil] Updated: Fully Cooked Flamebroiled Angus Beef Patties | BrandOwner: Tyson Foods Inc.
[oil] Updated: WESSON Canola Oil 40 FL OZ | BrandOwner: Richardson Oilseed Products (US) Limited
[oil] Updated: Fully Cooked Flamebroiled Beef Patties W/Onion | BrandOwner: Tyson Foods Inc.
[oil] Updated: AdvancePierre Fully Cooked Flamebroiled Angus Beef Patties | BrandOwner: Tyson Foods Inc.
[oil] Updated: Tenderbroil Fully Cooked Flamebroiled Hoagie Beef Patties, 10 Lbs. | BrandOwner: Tyson Foods Inc.
[oil] Updated: Tenderbroil Fully Cooked Charbroiled Portion Beef Patties | BrandOwner: Tyson Foods Inc.
[oil] Updated: YELLOWFIN SOLID LIGHT TUNA IN OLIVE OIL, YELLOWFIN SOLID LIGHT IN OLIVE OIL | BrandOwner: The Tuna Store, LLC
[oil] Updated: Tenderbroil Premium Fully Cooked Flame Grilled Turkey Patties, 3.5 oz | BrandOwner: Tyson Foods Inc.
[oil] Updated: Tenderbroil Fully Cooked Flamebroiled Beef Patties | BrandOwner: Tyson Foods Inc.
[oil] Updated: The Pub Fully Cooked, Flamebroiled Angus Beef Steaks, Chopped & Formed | BrandOwner: Tyson Foods Inc.
[oil] Updated: Tenderbroil Flame Grilled Beef Pattie, 3.0 oz | BrandOwner: Tyson Foods Inc.
[oil] Updated: Tenderbroil Flame Grilled Beef Pattie | BrandOwner: Tyson Foods Inc.
[oil] Updated: AdvancePierre Fully Cooked Flamebroiled Beef Patties, 2.30 oz | BrandOwner: Tyson Foods Inc.
[oil] Updated: Tenderbroil Fully Cooked Flame Grilled Beef Patties, 2.50 oz. | BrandOwner: Tyson Foods Inc.
[oil] Updated: WESSON Vegetable Oil 64 FL OZ | BrandOwner: Richardson Oilseed Products (US) Limited
[oil] Updated: WESSON Canola Oil 64 FL OZ | BrandOwner: Richardson Oilseed Products (US) Limited
[oil] Updated: WESSON Canola Oil 48 FL OZ | BrandOwner: Richardson Oilseed Products (US) Limited
[oil] Updated: WESSON Canola Oil 1 GAL | BrandOwner: Richardson Oilseed Products (US) Limited
[oil] Updated: WESSON Canola Oil Display 5 QT | BrandOwner: Richardson Oilseed Products (US) Limited
[oil] Updated: WESSON Corn Oil 48 FL OZ | BrandOwner: Richardson Oilseed Products (US) Limited
[oil] Updated: WESSON Vegetable Oil 1 GAL | BrandOwner: Richardson Oilseed Products (US) Limited
[oil] Updated: WESSON Corn Oil 1 GAL | BrandOwner: Richardson Oilseed Products (US) Limited
[oil] Updated: WESSON Canola Oil 24 FL OZ | BrandOwner: Richardson Oilseed Products (US) Limited
[oil] Updated: WESSON Vegetable Oil 24 FL OZ | BrandOwner: Richardson Oilseed Products (US) Limited
[oil] Updated: WESSON Corn Oil 64 FL OZ | BrandOwner: Richardson Oilseed Products (US) Limited
[oil] Updated: UNREFINED SESAME OIL | BrandOwner: The Hain Celestial Group, Inc.
[oil] Updated: CHEFS LIFE AVOCADO OLIVE SUNFLOWER GRAPESEED OIL, 16.9 FL OZ | BrandOwner: ChefsLife, LLC
[oil] Updated: LIGHT TASTING OLIVE OIL | BrandOwner: Defense Commissary Agency
[oil] Updated: SOLID LIGHT IN OLIVE OIL YELLOWFIN TUNA | BrandOwner: Cachere Distributing Inc.
[oil] Updated: BLACK SESAME OIL | BrandOwner: Foods Alive Inc.
[oil] Updated: PURE CANOLA OIL | BrandOwner: B&G Foods, Inc.
[oil] Updated: ZA'ATAR & OLIVE OIL LABNEH MEDITERRANEAN STYLE DIP, ZA'ATAR & OLIVE OIL | BrandOwner: SureGreen Mulch, LLC
[oil] Updated: RESERVE & COLD PRESSED EXTRA VIRGIN OLIVE OIL | BrandOwner: Kowalski Companies Inc.
[oil] Updated: COLD PRESSED EXTRA VIRGIN OLIVE OIL | BrandOwner: Dioptics Medical Products, Inc.
[oil] Updated: EXTRA VIRGIN OLIVE OIL | BrandOwner: 
[oil] Updated: WILD SMOKED MACKEREL DELICIOUS FILLETS IN EXTRA VIRGIN OLIVE OIL | BrandOwner: Wild Planet Foods, Inc.
[oil] Updated: AMAZING 100% PURE VEGETABLE OIL | BrandOwner: ShaoXing ManKeFu Textile Co., Ltd
[oil] Updated: AMAZING 100% PURE CORN OIL | BrandOwner: ShaoXing ManKeFu Textile Co., Ltd
[oil] Updated: ORGANIC PURE CANOLA KERNEL OIL, NATURAL NUTTY | BrandOwner: R.J. Pfraga's Salsa Caliente
[oil] Updated: ITALIAN OLIVE OIL, ITALIAN | BrandOwner: Bristol Farms
[oil] Updated: BOILED OYSTERS | BrandOwner: Transnational Foods, Inc.
[oil] Updated: AVOCADO OIL | BrandOwner: Primal Nutrition
[oil] Updated: GOURMET DUCK FAT COOKING OIL SPRAY, GOURMET DUCK FAT | BrandOwner: Cornhusker Kitchen llc.
[oil] Updated: EXTRA VIRGIN OLIVE OIL | BrandOwner: Primal Nutrition
[oil] Updated: WESSON PURE CORN OIL, 40 FL OZ | BrandOwner: Santa Barbara Naturals, LLC
[oil] Updated: PURE OLIVE OIL FLAT FILLETS ANCHOVIES | BrandOwner: Sabra Dipping Company LLC
[oil] Updated: 100% PURE VEGETABLE OIL | BrandOwner: Fiesta Mart Inc.
[oil] Updated: EXTRA VIRGIN OLIVE OIL | BrandOwner: 
[oil] Updated: DELICATO EXTRAVIRGIN OLIVE OIL | BrandOwner: Salov North America Corp.
[oil] Updated: VEGETABLE OIL | BrandOwner: H E Butt Grocery Company
[oil] Updated: EXTRA VIRGIN OLIVE OIL | BrandOwner: H E Butt Grocery Company
[oil] Updated: VEGETABLE OIL NO-STICK COOKING SPRAY, VEGETABLE OIL | BrandOwner: H E Butt Grocery Company
[oil] Updated: EXTRA LIGHT TASTING OLIVE OIL, EXTRA LIGHT | BrandOwner: H E Butt Grocery Company
[oil] Updated: CORN OIL | BrandOwner: Foodtown, Inc.
[oil] Updated: CORN OIL | BrandOwner: Foodtown, Inc.
[oil] Updated: PURE SESAME OIL | BrandOwner: 
[oil] Updated: ARGENTINE ANCHOVY FILLETS IN OLIVE OIL, OLIVE OIL | BrandOwner: Heart Music
[oil] Updated: OLIVE POMACE OIL | BrandOwner: Enterprise Trading Corp.
[oil] Updated: UNFILTERED EXTRA VIRGIN OLIVE OIL | BrandOwner: Finetune Recordings, Inc.
[oil] Updated: UNFILTERED ORGANIC EXTRA VIRGIN OLIVE OIL, UNFILTERED | BrandOwner: Finetune Recordings, Inc.
[oil] Updated: CLASSIC PURE OLIVE OIL | BrandOwner: Follett Corporation 
[oil] Updated: ORGANIC SUNDRIED TOMATOES IN EXTRA VIRGIN OLIVE OIL | BrandOwner: Remark-A-Bowl Enterprises
[oil] Updated: ALBACORE WILD CAUGHT TUNA FILLETS IN OLIVE OIL, ALBACORE IN OLIVE OIL | BrandOwner: Gentle Fox Farms LLC
[oil] Updated: EXTRA VIRGIN OLIVE OIL | BrandOwner: Lowe's Food Stores, Inc.
[oil] Updated: OLIVE OIL | BrandOwner: Aceites Del Sur, S.A.
[oil] Updated: GRAPE SEED OIL, GRAPE | BrandOwner: Aceites Del Sur, S.A.
[oil] Updated: PEANUT OIL | BrandOwner: Wegmans Food Markets, Inc. 
[oil] Updated: LEMON EXTRA VIRGIN OLIVE OIL, LEMON | BrandOwner: Monini S.P.A.
[oil] Updated: CHARBROIL SEASONING, CHARBROIL | BrandOwner: Cahaba Products Inc
[oil] Updated: JULIENNE CUT SUN DRIED TOMATOES IN EXTRA VIRGIN OLIVE OIL, EXTRA VIRGIN OLIVE OIL | BrandOwner: Vigo Importing Company
[oil] Updated: GRAPE SEED OIL | BrandOwner: Georgia Peach Products, Inc.
[oil] Updated: EXTRA VIRGIN OLIVE OIL | BrandOwner: Vidette Inc
[oil] Updated: EXPELLER PRESSED SAFFLOWER OIL | BrandOwner: The Hain Celestial Group, Inc.
[oil] Updated: GOLD PEANUT OIL | BrandOwner: The Hain Celestial Group, Inc.
[oil] Updated: HOT TOASTED SESAME OIL, HOT TOASTED | BrandOwner: American Roland Food LLC
[oil] Updated: REFINED COCONUT OIL | BrandOwner: 
[oil] Updated: EARLY HARVEST MEMECIK EXTRA VIRGIN  OLIVE OIL | BrandOwner: Wildfare Inc.
[oil] Updated: SOLID LIGHT YELLOWFIN IN OLIVE OIL TUNA | BrandOwner: Cachere Distributing Inc.
[oil] Updated: CHUNK LIGHT TUNA IN VEGETABLE OIL, CHUNK LIGHT IN VEGETABLE OIL | BrandOwner: StarKist Co.
[oil] Updated: WILD CAUGHT SARDINES SUSTAINABLY CAUGHT IN EXTRA VIRGIN OLIVE OIL, EXTRA VIRGIN OLIVE OIL | BrandOwner: Glencourt Inc.
[oil] Updated: SUN DRIED TOMATOES IN EXTRA VIRGIN OLIVE OIL | BrandOwner: Vigo Importing Company
[oil] Updated: SKINLESS & BONELESS GRILLED MACKEREL IN 100% OLIVE OIL | BrandOwner: I. Epstein & Sons, Inc.
[oil] Updated: SKINLESS & BONELESS SARDINES IN 100% OLIVE OIL, OLIVE OIL | BrandOwner: I. Epstein & Sons, Inc.
[oil] Updated: LIGHT TASTING OLIVE OIL, LIGHT | BrandOwner: Star Fine Fo0ds, Inc.
[oil] Updated: SKIPJACK SOLID LIGHT TUNA IN OLIVE OIL | BrandOwner: Pastene & Company Inc.
[oil] Updated: SKINLESS & BONELESS IN 100% OLIVE OIL MACKEREL | BrandOwner: I. Epstein & Sons, Inc.
[oil] Updated: SOLID PACK LIGHT IN OLIVE OIL TUNA | BrandOwner: Alanric Food Distributors, Inc.
[oil] Updated: SOLID WHITE IN OLIVE OIL ALBACORE TUNA | BrandOwner: Alanric Food Distributors, Inc.
[oil] Updated: SOLID PACK LIGHT IN OLIVE OIL TUNA | BrandOwner: Alanric Food Distributors, Inc.
[oil] Updated: SKINLESS & BONELESS IN OLIVE OIL SARDINES | BrandOwner: King Oscar, Inc.
[oil] Updated: SKINLESS & BONELESS IN OLIVE OIL MACKEREL | BrandOwner: King Oscar, Inc.
[oil] Updated: EXTRA VIRGIN OLIVE OIL | BrandOwner: Badia Spices Inc.
[oil] Updated: ORGANIC EXTRA VIRGIN OLIVE OIL | BrandOwner: Flora's Distributors, Inc.
[oil] Updated: UNPEELED TOMATO WEDGES IN OLIVE OIL & ITALIAN SPICES, OLIVE OIL & ITALIAN SPICES | BrandOwner: 
[oil] Updated: CANOLA OIL NO-STICK COOKING SPRAY | BrandOwner: 
[oil] Updated: EXPELLER PRESSED REFINED ORGANIC SUNFLOWER OIL | BrandOwner: The Hain Celestial Group, Inc.
[oil] Updated: GARLIC & OLIVE OIL COUSCOUS, GARLIC & OLIVE OIL | BrandOwner: Target Stores
[oil] Updated: GARLIC & OLIVE OIL QUINOA, GARLIC & OLIVE OIL | BrandOwner: Target Stores
[oil] Updated: ORGANIC VIRGIN COCONUT OIL | BrandOwner: Star Markets Co.
[oil] Updated: ORGANIC EXPELLER PRESSED CANOLA OIL | BrandOwner: Star Markets Co.
[oil] Updated: MINCED GARLIC IN OLIVE OIL, OLIVE OIL | BrandOwner: Meijer, Inc.
[oil] Updated: SOLID WHITE ALBACORE WILD CAUGHT TUNA IN EXTRA VIRGIN OLIVE OIL, SOLID WHITE ALBACORE IN EXTRA VIRGIN OLIVE OIL | BrandOwner: Meijer, Inc.
[oil] Updated: OLIVE OIL NONSTICK COOKING SPRAY, OLIVE OIL | BrandOwner: 
[oil] Updated: BEEF SIRLOIN FOR LONDON BROIL, LONDON BROIL | BrandOwner: 
[oil] Updated: ORGANIC EXTRA VIRGIN OLIVE OIL | BrandOwner: Follett Corporation 
[oil] Updated: EXTRA VIRGIN OLIVE OIL | BrandOwner: Follett Corporation 
[oil] Updated: EXTRA VIRGIN TUNISIAN OLIVE OIL | BrandOwner: 
[oil] Updated: EXTRA VIRGIN OLIVE OIL | BrandOwner: Follett Corporation 
[oil] Updated: ORGANIC EXTRA VIRGIN OLIVE OIL | BrandOwner: Follett Corporation 
[oil] Updated: FLATBREAD, OLIVE OIL & SEA SALT | BrandOwner: Food Match, Inc.
[oil] Updated: EXPELLER PRESSED REFINED AVOCADO OIL | BrandOwner: Target Stores
[oil] Updated: EXTRA VIRGIN OLIVE OIL | BrandOwner: Follett Corporation 
[oil] Updated: ITALIANO OIL | BrandOwner: Munster Specialty Products LLC
[oil] Updated: POPCORN, SEA SALT & OLIVE OIL | BrandOwner: Gaslamp Popcorn Company, LLC
[oil] Updated: COCONUT OIL NONSTICK COOKING SPRAY, COCONUT OIL | BrandOwner: Target Stores
[oil] Updated: ORGANIC REFINED CANOLA OIL | BrandOwner: Target Stores
[oil] Updated: ORGANIC REFINED COCONUT OIL | BrandOwner: Target Stores
[oil] Updated: ALBACORE WILD TUNA IN EXTRA VIRGIN OLIVE OIL, ALBACORE IN EXTRA VIRGIN OLIVE OIL | BrandOwner: Target Stores
[oil] Updated: ROASTED GARLIC & HERB EXTRA VIRGIN OLIVE OIL, ROASTED GARLIC & HERB | BrandOwner: Target Stores
[oil] Updated: CHILI PEPPER EXTRA VIRGIN OLIVE OIL, CHILI PEPPER | BrandOwner: Target Stores
[oil] Updated: EXPELLER PRESSED REFINED ALMOND OIL | BrandOwner: Target Stores
[oil] Updated: COCONUT OIL NONSTICK COOKING SPRAY, COCONUT OIL | BrandOwner: Target Stores
[oil] Updated: OLIVE OIL NONSTICK COOKING SPRAY, OLIVE OIL | BrandOwner: Target Stores
[oil] Updated: ORGANIC EXTRA VIRGIN OLIVE OIL SPRAY | BrandOwner: Wal-Mart Stores, Inc.
[oil] Updated: PRIVATE RESERVE ITALIAN EXTRA VIRGIN OLIVE OIL | BrandOwner: George DeLallo Co., Inc.
[oil] Updated: EXTRA VIRGIN OLIVE OIL | BrandOwner: The Kroger Co.
[oil] Updated: 100% ITALIAN EXTRA VIRGIN OLIVE OIL | BrandOwner: 
[oil] Updated: OLIVE OIL, EXTRA VIRGIN | BrandOwner: Botticelli Foods Corp.
[oil] Updated: VEGETABLE OIL NO-STICK COOKING SPRAY | BrandOwner: Big Y Foods, Inc.
[oil] Updated: ROSEMARY & OLIVE OIL HALF LOAF, ROSEMARY & OLIVE OIL | BrandOwner: Hannaford Bros. Co.
[oil] Updated: ORGANIC FIRST COLD PRESSED EXTRA VIRGIN OLIVE OIL | BrandOwner: United Natural Foods, Inc.
[oil] Updated: AL PASTOR SLICES FLAME BROILED PORK | BrandOwner: Grecian Delight Inc
[oil] Updated: 48% VEGETABLE OIL | BrandOwner: Upfield US Inc
[oil] Updated: LOMITOS IN SOYBEAN OIL SOLID TUNA | BrandOwner: Ecuadorean Tropical Products
[oil] Updated: EVOO AVOCADO GRAPESEED OIL | BrandOwner: ChefsLife, LLC
[oil] Updated: ALMOND MILK, MCT OIL, MACA, PREBIOTICS VANILLA ESSENTIALS DRINK, VANILLA | BrandOwner: Joni Juice, LLC
[oil] Updated: LIGHTLY SMOKED IN SPICY OIL SARDINES | BrandOwner: Otis McAllister Inc.
[oil] Updated: CALABRIAN CHILI INFUSED OLIVE OIL YELLOWFIN TUNA | BrandOwner: Tri-Union Seafoods, LLC
[oil] Updated: CLASSIC OLIVE OIL | BrandOwner: Alanric Food Distributors, Inc.
[oil] Updated: VEGETABLE OIL SARDINES | BrandOwner: Vitarroz International Foods LLC
[oil] Updated: CHOPPED IN SOY BEAN OIL GARLIC | BrandOwner: Great Garlic Foods Inc
[oil] Updated: OLIVE OIL ARTISAN CIABATTA | BrandOwner: Atticus Bakery LLC.
[oil] Updated: ORGANIC VIRGIN COCONUT OIL | BrandOwner: H2oh!, LLC.
[oil] Updated: ROSEMARY OLIVE OIL TAKE & BAKE BAGUETTES, ROSEMARY OLIVE OIL | BrandOwner: Target Stores
[oil] Updated: OLIVE OIL | BrandOwner: Pompeian, Inc.
[oil] Updated: AdvancePierre Fully Cooked Flamebroiled Beef Steaks, 2.29 oz | BrandOwner: Tyson Foods Inc.
[oil] Updated: Quik-To-Fix Charbroiled Pork Chop Pattie, 3.21 oz | BrandOwner: Tyson Foods Inc.
[oil] Updated: OLIVE OIL PLANT BUTTER | BrandOwner: Upfield US Inc
[oil] Updated: OLIVE OIL CIABATTA LOAF, OLIVE OIL CIABATTA | BrandOwner: Wakefern Food Corporation
[oil] Updated: 100% PURE SESAME OIL | BrandOwner: Wismettac Asian Foods, Inc.
[oil] Updated: MASAGANA, MACKEREL IN NATURAL OIL | BrandOwner: Walong Marketing, Inc.
[oil] Updated: ITALIAN ORGANIC EXTRA VIRGIN OLIVE OIL, ITALIAN | BrandOwner: BJ's Wholesale Club / Corporate Brands
[oil] Updated: ALA OMEGA-3 VEGETABLE OIL | BrandOwner: Pinnacle Foods Group LLC
[oil] Updated: LIGHT TUNA FLAKES IN VEGETABLE OIL, HOT & SPICY | BrandOwner: Dime Records
[oil] Updated: GARLIC HERB & OLIVE OIL ORGANIC MACADAMIAS, GARLIC HERB & OLIVE OIL | BrandOwner: MacFarms, LLC
[oil] Updated: 100% PURE REFINED COCONUT OIL | BrandOwner: CFC, Inc.
[oil] Updated: VEGETABLE OIL | BrandOwner: Food Town Stores Inc.
[oil] Updated: FC Flamebroiled Chopped Beef Steaks Chopped & Formed | BrandOwner: Tyson Foods Inc.
[oil] Updated: Kellogg's Town House Flatbread Crisps Sea Salt & Olive Oil 9.5oz | BrandOwner: Kellogg Company US
[oil] Updated: WESSON Vegetable Oil 16 FL OZ | BrandOwner: Richardson Oilseed Products (US) Limited
[oil] Updated: WESSON Vegetable Oil Display 5 QT | BrandOwner: Richardson Oilseed Products (US) Limited
[oil] Updated: EXTRAVIRGIN OLIVE OIL | BrandOwner: Salov North America Corp.
[oil] Updated: LIGHT TASTE OLIVE OIL | BrandOwner: Follett Corporation 
[oil] Updated: JALAPEO IN OLIVE OIL TUNA FILLETS | BrandOwner: Adams Wholesale Supply, Inc.
[oil] Updated: OLIVE OIL & SEA SALT POPCORN, OLIVE OIL & SEA SALT | BrandOwner: New Seasons Market, LLC
[oil] Updated: OLIO NUOVO 100% CALIFORNIA EXTRA VIRGIN OLIVE OIL, OLIO NUOVO | BrandOwner: New Seasons Market, LLC
[oil] Updated: BASIL OLIVE OIL, BASIL | BrandOwner: Rafael Padilla & Cia S. En C.
[oil] Updated: OLIVE OIL & BALSAMIC VINAIGRETTE, OLIVE OIL & BALSAMIC | BrandOwner: Safeway, Inc.
[oil] Updated: EXTRA VIRGIN IMPORTED OLIVE OIL, EXTRA VIRGIN | BrandOwner: Giant Eagle, Inc.
[oil] Updated: ORGANIC EXTRA VIRGIN OLIVE OIL | BrandOwner: Wal-Mart Stores, Inc.
[oil] Updated: ORGANIC EXTRA VIRGIN OLIVE OIL | BrandOwner: Wal-Mart Stores, Inc.
[oil] Updated: LEMON & PEPPER YELLOWFIN IN EXTRA VIRGIN OLIVE OIL, LEMON & PEPPER | BrandOwner: Bumble Bee Foods, LLC
[oil] Updated: BOLD TASTE EXTRA VIRGIN OLIVE OIL | BrandOwner: Deoleo USA, Inc.
[oil] Updated: EXTRA LIGHT TASTING OLIVE OIL | BrandOwner: Deoleo USA, Inc.
[oil] Updated: ORGANIC OLIVE OIL | BrandOwner: Deoleo USA, Inc.
[oil] Updated: ORGANIC OLIVE OIL | BrandOwner: Deoleo USA, Inc.
[oil] Updated: EXTRA VIRGIN OLIVE OIL, ORIGINAL | BrandOwner: Deoleo USA, Inc.
[oil] Updated: EXTRA LIGHT TASTING OLIVE OIL | BrandOwner: Deoleo USA, Inc.
[oil] Updated: BLACK TRUFFLE EXTRA VIRGIN OLIVE OIL | BrandOwner: Cachere Distributing Inc.
[oil] Updated: MONINI, EXTRA VIRGIN OLIVE OIL, BASIL, BASIL | BrandOwner: Monini S.P.A.
[oil] Updated: BOTTICELLI OLIVE OIL, 16.9 FL OZ | BrandOwner: Botticelli Foods Corp.
[oil] Updated: ITALIAN EXTRA VIRGIN OLIVE OIL | BrandOwner: Botticelli Foods Corp.
[oil] Updated: "SIZZLE" EXTRA VIRGIN OLIVE OIL COOKING OIL | BrandOwner: Lenovo (Beijing) Co., Ltd.
[oil] Updated: ORGANIC EXTRA VIRGIN OLIVE OIL SPRAY | BrandOwner: BJ's Wholesale Club / Corporate Brands
[oil] Updated: ORGANIC EXTRA VIRGIN OLIVE OIL | BrandOwner: Salov North America Corp.
[oil] Updated: FRY OLIVE OIL | BrandOwner: Pompeian, Inc.
[oil] Updated: GOURMET EXTRA VIRGIN OLIVE OIL | BrandOwner: Deoleo USA, Inc.
[oil] Updated: GYROS SLICES FLAME BROILED BEEF | BrandOwner: Grecian Delight Inc
[oil] Updated: ORGANIC UNREFINED EXPELLER PRESSED VIRGIN COCONUT OIL | BrandOwner: Wal-Mart Stores, Inc.
[oil] Updated: COCONUT OIL NONSTICK COOKING SPRAY, COCONUT OIL | BrandOwner: 
[oil] Updated: AdvancePierre Fully Cooked Charbroiled Pattie For Salisbury W/ Chicken & Beef | BrandOwner: Tyson Foods Inc.
[oil] Updated: AdvancePierre Fully Cooked Flamebroiled Beef Patties, 1.96 oz | BrandOwner: Tyson Foods Inc.
[oil] Updated: AdvancePierre Fully Cooked Down Home Charbroil Beef Salisbury Steak, 2.7 oz. | BrandOwner: Tyson Foods Inc.
[oil] Updated: SMOKED OYSTERS IN COTTONSEED OIL, SMOKED IN COTTONSEED OIL | BrandOwner: Crown Prince, Inc.
[oil] Updated: HOT SLICED IN OIL CHERRY PEPPERS | BrandOwner: Alanric Food Distributors, Inc.
[oil] Updated: Nutiva Organic Virgin Coconut Oil | BrandOwner: Nutiva Organic
[oil] Updated: CLASSICO OLIVE OIL | BrandOwner: Alanric Food Distributors, Inc.
[oil] Updated: 100% ITALIANO EXTRA VIRGIN OLIVE OIL | BrandOwner: Alanric Food Distributors, Inc.
[oil] Updated: Viva Naturals Organic Coconut Oil | BrandOwner: Viva Naturals
[oil] Updated: Colavita Extra Virgin Olive Oil | BrandOwner: Colavita Extra
[oil] Updated: Garden of Life Organic Coconut Oil | BrandOwner: Garden of
[oil] Updated: Bertolli Extra Virgin Olive Oil | BrandOwner: Bertolli Extra
[oil] Updated: EXTRA VIRGIN TUNISIAN OLIVE OIL | BrandOwner: 
[oil] Updated: ROSEMARY OLIVE OIL ROUND LOAF, ROSEMARY OLIVE OIL | BrandOwner: Aryzta, LLC
[oil] Updated: WHITE TRUFFLE OLIVE OIL | BrandOwner: PANOS Brands LLC 
[oil] Updated: GARLIC EXTRA VIRGIN OLIVE OIL, GARLIC | BrandOwner: Goya Foods, Inc. 
[oil] Updated: ANISE SEED TARALLI WHITE WINE EXTRA VIRGIN OLIVE OIL, ANISE SEED TARALLI | BrandOwner: Aroma Antico Inc.
[oil] Updated: ROSEMARY OLIVE OIL TAKE & BAKE FOCACCIA, ROSEMARY OLIVE OIL | BrandOwner: Target Stores
[oil] Updated: EXTRA VIRGIN OLIVE OIL SARDINES | BrandOwner: King Oscar, Inc.
[oil] Updated: PORTUGUESE OLIVE OIL | BrandOwner: Henry Gonsalves Company
[oil] Updated: ROSEMARY OLIVE OIL LOAF, ROSEMARY OLIVE OIL | BrandOwner: Target Stores
[oil] Updated: GARLIC & OLIVE OIL COUSCOUS, GARLIC & OLIVE OIL | BrandOwner: Harris-Teeter Inc.
[oil] Updated: CLASSIC OLIVE OIL | BrandOwner: Wakefern Food Corporation
[oil] Updated: ARBEQUINA EXTRA VIRGIN OLIVE OIL, ARBEQUINA | BrandOwner: Giant Eagle, Inc.
[oil] Updated: OLIVE OIL & LEMON COUSCOUS & SPINACH, OLIVE OIL & LEMON | BrandOwner: Pinnacle Foods Group LLC
[oil] Updated: SUN DRIED IN OLIVE OIL TOMATOES | BrandOwner: Alanric Food Distributors, Inc.
[oil] Updated: ROSEMARY OLIVE OIL SLICED LOAF, ROSEMARY OLIVE OIL | BrandOwner: Price Chopper Supermarkets
[oil] Updated: ORGANIC PURE CANOLA OIL | BrandOwner: Meijer, Inc.
[oil] Updated: ANTIPASTI GRILLED MARINATED MUSHROOMS IN SUNFLOWER OIL, SUNFLOWER OIL | BrandOwner: Sun Beach Accessories
[oil] Updated: MEAL MART MON CUISINE BROILED FILLET OF SALMON, 16 OZ | BrandOwner: 
[oil] Updated: COCONUT OIL NON-STICK COOKING SPRAY, COCONUT OIL | BrandOwner: Meijer, Inc.
[oil] Updated: AdvancePierre Fully Cooked Flamebroiled Beef Patties | BrandOwner: Tyson Foods Inc.
[oil] Updated: ITALIAN CHARBROILED MEATBALLS | BrandOwner: C. W. Brown Foods, Inc.
[oil] Updated: FC Flamebroiled Beef Patty W/Onion & American Cheese On WG Bun | BrandOwner: Tyson Foods Inc.
[oil] Updated: Fully Cooked Flamebroiled Beef Patties, Caramel Color Added | BrandOwner: Tyson Foods Inc.
[oil] Updated: Beef Charbroil W/Cheese & Jalapenos Sandwich | BrandOwner: Tyson Foods Inc.
[oil] Updated: AdvancePierre Fully Cooked Down Home Charbroil Beef Salisbury Steak, 4 oz | BrandOwner: Tyson Foods Inc.
[oil] Updated: FLAME BROILED ITALIAN STYLE MEATBALLS, ITALIAN STYLE | BrandOwner: Home Market Foods, Inc.
[oil] Updated: AdvancePierre Charbroil Pattie For Salisbury, 3 oz | BrandOwner: Tyson Foods Inc.
[oil] Updated: AdvancePierre Fully Cooked, Flamebroiled, Rib Shaped Pork Patty | BrandOwner: Tyson Foods Inc.
[oil] Updated: GYROS SLICES FLAME BROILED CHICKEN | BrandOwner: Grecian Delight Inc
[oil] Updated: AdvancePierre Fully Cooked Flamebroiled Down Home Beef Salisbury Steak | BrandOwner: Tyson Foods Inc.
[oil] Updated: TASTEE CHOICE SEAFOOD BOIL, 35.13 OZ | BrandOwner: Choice Canning Co. Inc.
[oil] Updated: AdvancePierre Fully Cooked Flame Broiled Rib Shaped Pork Pattie, 3 oz | BrandOwner: Tyson Foods Inc.
[oil] Updated: DELUXE BROWNED IN VEGETABLE OIL TURKEY BREAST | BrandOwner: Butterball, LLC
[oil] Updated: AdvancePierre Fully Cooked Down Home Charbroil Beef Salisbury Steak, 3.2 oz | BrandOwner: Tyson Foods Inc.
[oil] Updated: ITALIAN STYLE MEATBALLS, CLASSIC FLAME BROILED | BrandOwner: Quaker Maid Meats, Inc.
[oil] Updated: FC Flamebroiled Beef Patty W/Onion & American Cheese Mini Twin Sandwich On A WG Bun | BrandOwner: Tyson Foods Inc.
[oil] Updated: Minuteman Charbroil Fully Cooked Chicken Meatballs, 0.5 oz. | BrandOwner: Tyson Foods Inc.
[oil] Updated: Giant Beef Charbroil W/Cheese | BrandOwner: Tyson Foods Inc.
[oil] Updated: Beef Charbroil W/Cheese & Jalapenos Sandwich | BrandOwner: Tyson Foods Inc.
[oil] Updated: TURKEY FLAME BROILED MEATBALLS, TURKEY | BrandOwner: Rich Products Corporation
[oil] Updated: FETA P.D.O. SPINACH & EXTRA VIRGIN OLIVE OIL GREEK SPIRAL PIE | BrandOwner: Allure Pet Products LLC 
[oil] Updated: SUNDRIED TOMATO VINAIGRETTE EXTRA VIRGIN OLIVE OIL, SUNDRIED TOMATO | BrandOwner: 
[oil] Updated: TOP ROUND LONDON BROIL ROAST BEEF | BrandOwner: Dietz & Watson Inc.
[oil] Updated: ORGANIC EXTRA VIRGIN OLIVE OIL | BrandOwner: Badia Spices Inc.
[oil] Updated: SPECIALTY, AVOCADO OIL | BrandOwner: Wakefern Food Corporation
[oil] Updated: CHOPPED GARLIC IN OLIVE OIL, OLIVE OIL | BrandOwner: Smart & Final Iris Corporation
[oil] Updated: EXTRA VIRGIN OLIVE OIL | BrandOwner: Lunds Inc
[oil] Updated: CALIFORNIA EXTRA VIRGIN OLIVE OIL, CALIFORNIA | BrandOwner: Wal-Mart Stores, Inc.
[oil] Updated: CALIFORNIA EXTRA VIRGIN OLIVE OIL, CALIFORNIA | BrandOwner: Wal-Mart Stores, Inc.
[oil] Updated: REFINED AVOCADO OIL SPRAY | BrandOwner: Wal-Mart Stores, Inc.
[oil] Updated: CHUNK LIGHT TUNA IN VEGETABLE OIL, CHUNK LIGHT IN VEGETABLE OIL | BrandOwner: Wal-Mart Stores, Inc.
[oil] Updated: VIRGIN COCONUT OIL | BrandOwner: Wal-Mart Stores, Inc.
[oil] Updated: CANOLA OIL | BrandOwner: Costco Companies Inc.
[oil] Updated: VEGETABLE OIL | BrandOwner: Topco Associates, Inc.
[oil] Updated: LIGHT TASTING OLIVE OIL, LIGHT | BrandOwner: Meijer, Inc.
[oil] Updated: CLASSIC OLIVE OIL, CLASSIC | BrandOwner: Meijer, Inc.
[oil] Updated: HABANERO PEPPER EXTRA VIRGIN OLIVE OIL, HABANERO PEPPER | BrandOwner: Boodge Company
[oil] Updated: ALMOND OIL | BrandOwner: Woodhouse Chocolate, LLC
[oil] Updated: PURE CANOLA OIL | BrandOwner: 
[oil] Updated: ORGANIC VIRGIN COCONUT OIL | BrandOwner: 
[oil] Updated: 100% PURE VEGETABLE OIL | BrandOwner: Defense Commissary Agency
[oil] Updated: MEDITERRANEAN ORIGINALS EXTRA VIRGIN OLIVE OIL, MEDITERRANEANE ORIGINALS | BrandOwner: Cedar's Mediterranean Foods, Inc.
[oil] Updated: 100% GRAPESEED OIL | BrandOwner: Pompeian, Inc.
[oil] Updated: TOASTED SESAME OIL, TOASTED | BrandOwner: Harris-Teeter Inc.
[oil] Updated: SWEET & SPICY DRIZZLE OIL, SWEET & SPICY | BrandOwner: George DeLallo Co., Inc.
[oil] Updated: PURE SESAME OIL | BrandOwner: 
[oil] Updated: TUNISIAN PURE OLIVE OIL | BrandOwner: 
[oil] Updated: LIGHT TASTING OLIVE OIL, LIGHT | BrandOwner: Meijer, Inc.
[oil] Updated: CLASSIC OLIVE OIL, CLASSIC | BrandOwner: Meijer, Inc.
[oil] Updated: 100% PURE CORN OIL | BrandOwner: ShaoXing ManKeFu Textile Co., Ltd
[oil] Updated: EXTRA VIRGIN OLIVE OIL OF SEVILLE | BrandOwner: Whole Foods Market, Inc.
[oil] Updated: GARLIC EXTRA VIRGIN OLIVE OIL SPRAY, GARLIC | BrandOwner: Rafael Padilla & Cia S. En C.
[oil] Updated: 100% PURE SESAME OIL | BrandOwner: Wei-Chuan U S A Inc.
[oil] Updated: ORGANIC COCONUT OIL | BrandOwner: La Tourangelle, Inc
[oil] Updated: 100% PURE VEGETABLE OIL | BrandOwner: Defense Commissary Agency
[oil] Updated: EXTRA VIRGIN OLIVE OIL | BrandOwner: New Seasons Market, LLC
[oil] Updated: WALNUT OIL | BrandOwner: PANOS Brands LLC 
[oil] Updated: SICILIA PGI ORGANIC EXTRA VIRGIN OLIVE OIL, SICILIA PGI | BrandOwner: Certified Origins, Inc.
[oil] Updated: PURE VEGETABLE OIL | BrandOwner: The Kroger Co.
[oil] Updated: REAL MINT OIL SPEARMINT PUREMINTS, REAL MINT OIL | BrandOwner: The Meltzer Company
[oil] Updated: CANOLA OIL COOKING SPRAY, CANOLA OIL | BrandOwner: Harris-Teeter Inc.
[oil] Updated: LIGHT TUNA IN OLIVE OIL | BrandOwner: Hijos De Carlos Albo, S.A.
[oil] Updated: EXTRA VIRGIN OLIVE OIL | BrandOwner: Orlando Greco & Son Imports 
[oil] Updated: CANOLA OIL | BrandOwner: Sovena USA, Inc.
[oil] Updated: PEANUT EXPELLER PRESSED OIL | BrandOwner: Stonewall Kitchen, LLC
[oil] Updated: ORGANIC COLD PRESSED EXTRA VIRGIN AVOCADO OIL | BrandOwner: Torshy Brand Food Inc
[oil] Updated: EXTRA VIRGIN COLD PRESSED UNREFINED AVOCADO OIL | BrandOwner: Vida Imports LLC
[oil] Updated: 100% CANOLA OIL | BrandOwner: Safeway, Inc.
[oil] Updated: TOASTED SESAME OIL, TOASTED | BrandOwner: Chosen Foods, LLC 
[oil] Updated: CHOCOLATE INFUSED OLIVE OIL, CHOCOLATE | BrandOwner: Big Five Software
[oil] Updated: OLIVE OIL | BrandOwner: Associated Wholesale Grocers, Inc.
[oil] Updated: CANOLA OIL | BrandOwner: Stratas Foods LLC
[oil] Updated: VEGETABLE OIL | BrandOwner: Festive Finer Foods
[oil] Updated: CORN BOIL | BrandOwner: Uncle Wiley's, Inc.
[oil] Updated: ORGANIC VIRGIN UNREFINED COCONUT OIL | BrandOwner: The Carrington Tea Company LLC.
[oil] Updated: 100% EXTRA VIRGIN OLIVE OIL | BrandOwner: American Beverage Depot LLC
[oil] Updated: AVOCADO OIL | BrandOwner: Giant Eagle, Inc.
[oil] Updated: VEGETABLE OIL | BrandOwner: Ventura Foods, L.L.C.
[oil] Updated: AVOCADO OIL | BrandOwner: New Seasons Market, LLC
[oil] Updated: ORGANIC COCONUT OIL | BrandOwner: The Hain Celestial Group, Inc.
[oil] Updated: CANOLA OIL | BrandOwner: Ventura Foods, L.L.C.
[oil] Updated: ORGANIC REFINED COCONUT OIL | BrandOwner: Raley's
[oil] Updated: 100% PURE EXPELLER PRESSED EXTRA VIRGIN AVOCADO OIL | BrandOwner: Chosen Foods, LLC 
[oil] Updated: CALIFORNIA ORGANIC EXTRA VIRGIN OLIVE OIL, CALIFORNIA | BrandOwner: New Seasons Market, LLC
[oil] Updated: REFINED SESAME OIL | BrandOwner: Safeway, Inc.
[oil] Updated: ROBUST EXTRA VIRGIN OLIVE OIL, ROBUST | BrandOwner: Lowe's Food Stores, Inc.
[oil] Updated: PREMIUM EXTRA VIRGIN OLIVE OIL | BrandOwner: Aqualink Nevada, LLC
[oil] Updated: ORGANIC REFINED COCONUT OIL, COCONUT | BrandOwner: B&G Foods, Inc.
[oil] Updated: ORGANIC EXTRA VIRGIN OLIVE OIL | BrandOwner: Madhava Honey, Ltd.
[oil] Updated: MCT PREMIUM C8 & C10 100% PURE OIL | BrandOwner: Field Crafts, Inc.
[oil] Updated: PREMIUM CANOLA OIL COOKING SPRAY, PREMIUM CANOLA OIL | BrandOwner: Par-Way Group
[oil] Updated: ITALIAN EXTRA VIRGIN OLIVE OIL | BrandOwner: Rouse's Enterprises, Inc.
[oil] Updated: EXTRA VIRGIN OLIVE OIL | BrandOwner: H E Butt Grocery Company
[oil] Updated: COCONUT OIL SPRAY | BrandOwner: Chosen Foods, LLC 
[oil] Updated: SMART & SIMPLE, CANOLA COOKING OIL SPRAY | BrandOwner: Delta Brands & Products LLC
[oil] Updated: EXTRA VIRGIN OLIVE OIL | BrandOwner: New Seasons Market, LLC
[oil] Updated: VEGETABLE OIL | BrandOwner: Lou Ana Foods, Inc.
[oil] Updated: EXTRA VIRGIN OLIVE OIL | BrandOwner: Gillette Ice Company
[oil] Updated: LIGHT FLAVOR GRAPESEED OIL, LIGHT | BrandOwner: Valco Enterprises LLC
[oil] Updated: CANOLA OIL | BrandOwner: Foodtown, Inc.
[oil] Updated: 100% PURE CORN OIL | BrandOwner: ShaoXing ManKeFu Textile Co., Ltd
[oil] Updated: 100% PURE CANOLA  OIL | BrandOwner: ShaoXing ManKeFu Textile Co., Ltd
[oil] Updated: EXTRA VIRGIN OLIVE OIL | BrandOwner: Aqualink Nevada, LLC
[oil] Updated: SUNFLOWER OIL | BrandOwner: Meijer, Inc.
[oil] Updated: 100% PURE CORN OIL | BrandOwner: ShaoXing ManKeFu Textile Co., Ltd
[oil] Updated: FLAT FILLETS ANCHOVIES IN 100% OLIVE OIL | BrandOwner: I. Epstein & Sons, Inc.
[oil] Updated: TOASTED 100% PURE SESAME OIL, TOASTED | BrandOwner: Debra's Sponges Inc.
[oil] Updated: EXTRA VIRGIN OLIVE OIL | BrandOwner: Glencourt Inc.
[oil] Updated: VEGETABLE OIL | BrandOwner: Festive Finer Foods
[oil] Updated: MCT PREMIUM C8 & C10 100% PURE OIL | BrandOwner: Field Crafts, Inc.
[oil] Updated: SPICY PEPPER STIR-FRY OIL, SPICY PEPPER | BrandOwner: Harris-Teeter Inc.
[oil] Updated: VEGETABLE OIL | BrandOwner: Wal-Mart Stores, Inc.
[oil] Updated: COCONUT OIL NO-STICK COOKING SPRAY, COCONUT OIL | BrandOwner: Conagra Brands, Inc.
[oil] Updated: 100% PURE VEGETABLE OIL | BrandOwner: ShaoXing ManKeFu Textile Co., Ltd
[oil] Updated: PURE AVOCADO OIL | BrandOwner: Topco Associates, Inc.
[oil] Updated: UNREFINED VIRGIN COCONUT OIL | BrandOwner: Glencourt Inc.
[oil] Updated: CANOLA OIL | BrandOwner: Festive Finer Foods
[oil] Updated: VIRGIN COLD-PRESSED MACADAMIA OIL | BrandOwner: 
[oil] Updated: LEMON REFINED AVOCADO OIL, LEMON | BrandOwner: 
[oil] Updated: CORN OIL | BrandOwner: Topco Associates, Inc.
[oil] Updated: EXTRA VIRGIN OLIVE OIL ORGANIC COOKING SPRAY, EXTRA VIRGIN OLIVE OIL | BrandOwner: United Natural Foods, Inc.
[oil] Updated: CANOLA OIL ORGANIC COOKING SPRAY, CANOLA OIL | BrandOwner: United Natural Foods, Inc.
[oil] Updated: EXPELLER PRESSED CANOLA OIL | BrandOwner: United Natural Foods, Inc.
[oil] Updated: ORGANIC REFINED COCONUT OIL | BrandOwner: United Natural Foods, Inc.
[oil] Updated: ORGANIC UNREFINED COCONUT OIL | BrandOwner: United Natural Foods, Inc.
[oil] Updated: COCONUT OIL COOKING SPRAY, COCONUT OIL | BrandOwner: United Natural Foods, Inc.
[oil] Updated: LIGHTLY SMOKED SARDINES IN OIL, LIGHTLY SMOKED IN OIL | BrandOwner: Crown Prince, Inc.
[oil] Updated: ORGANIC REFINED EXPELLER PRESSED COCONUT OIL | BrandOwner: Wal-Mart Stores, Inc.
[oil] Updated: ORGANIC UNREFINED EXPELLER PRESSED VIRGIN COCONUT OIL | BrandOwner: Wal-Mart Stores, Inc.
[oil] Updated: CANOLA OIL | BrandOwner: Topco Associates, Inc.
[oil] Updated: ROSEMARY & OLIVE OIL FOLDIT ARTISAN FLATBREADS, ROSEMARY & OLIVE OIL | BrandOwner: T. Marzetti Company
[oil] Updated: CAJUN SEAFOOD BOIL, CAJUN | BrandOwner: Walker and Sons, Inc. 
[oil] Updated: CHUNK LIGHT YELLOWFIN TUNA IN VEGETABLE OIL, CHUNK LIGHT | BrandOwner: Pescados Industrializados, S.A. De C.V.
[oil] Updated: LIGHTLY SMOKED SARDINES IN OIL, LIGHTLY SMOKED IN OIL | BrandOwner: Crown Prince, Inc.
[oil] Updated: SMOKED OYSTERS IN OLIVE OIL, SMOKED IN OLIVE OIL | BrandOwner: Crown Prince, Inc.
[oil] Updated: CALIFORNIA 100% EXTRA VIRGIN OLIVE OIL, CALIFORNIA | BrandOwner: Wegmans Food Markets, Inc. 
[oil] Updated: 100% CALIFORNIA EXTRA VIRGIN OLIVE OIL, 100% CALIFORNIA | BrandOwner: Wegmans Food Markets, Inc. 
[oil] Updated: WILD CAUGHT SARDINES SKINLESS & BONELESS IN OLIVE OIL, OLIVE OIL | BrandOwner: Wegmans Food Markets, Inc. 
[oil] Updated: PREMIUM CALIFORNIA EXTRA VIRGIN OLIVE OIL | BrandOwner: Curation Foods, Inc.
[oil] Updated: ORGANIC CALIFORNIA EXTRA VIRGIN OLIVE OIL | BrandOwner: Curation Foods, Inc.
[oil] Updated: 100% EXTRA VIRGIN OLIVE OIL | BrandOwner: Soundview Enterprises
[oil] Updated: RICH NUTTY FLAVOR CHIA OIL, RICH NUTTY | BrandOwner: International Delicacies Inc.
[oil] Updated: ORGANIC COCONUT OIL | BrandOwner: The Carrington Tea Company LLC.
[oil] Updated: 25 LB Polyweave 4% PBBRN:CHEFWAY Parboil Brown | BrandOwner: Riceland Foods
[oil] Updated: Annie's Organic Red Wine & Olive Oil Vinaigrette | BrandOwner: GENERAL MILLS SALES INC.
[oil] Updated: Long Life Vegetable Oil 48 ounce | BrandOwner: Incobrasa Industries, Ltd.
[oil] Updated: Long Life Vegetable Oil 128 ounce | BrandOwner: Incobrasa Industries, Ltd.
[oil] Updated: COLD EXTRACTED EXTRA VIRGIN OLIVE OIL | BrandOwner: Athena Imports
[oil] Updated: MEDITERRANEAN AVOCADO OIL | BrandOwner: Italica Imports, Inc.
[oil] Updated: COLD PRESSED UNREFINED ORGANIC VIRGIN COCONUT OIL | BrandOwner: The Hain Celestial Group, Inc.
[oil] Updated: EXPELLER PRESSED REFINED ORGANIC CANOLA OIL | BrandOwner: The Hain Celestial Group, Inc.
[oil] Updated: SPECTRUM CULINARY ALMOND OIL, 8 FL OZ | BrandOwner: The Hain Celestial Group, Inc.
[oil] Updated: EXPELLER PRESSED COCONUT OIL | BrandOwner: The Hain Celestial Group, Inc.
[oil] Updated: SKINLESS & BONELESS SPANISH STYLE IN OLIVE OIL SARDINES | BrandOwner: King Oscar, Inc.
[oil] Updated: FLAT FILLETS IN OLIVE OIL ANCHOVIES | BrandOwner: 
[oil] Updated: 100% SPANISH EXTRA VIRGIN OLIVE OIL | BrandOwner: Colavita USA, LLC 
[oil] Updated: THE ORIGINAL 40% VEGETABLE OIL SPRAY | BrandOwner: Upfield US Inc
[oil] Updated: ORGANIC EXTRA VIRGIN OLIVE OIL | BrandOwner: Deoleo USA, Inc.
[oil] Updated: EXTRA VIRGIN OLIVE OIL | BrandOwner: Deoleo USA, Inc.
[oil] Updated: EXTRA VIRGIN OLIVE OIL | BrandOwner: Salov North America Corp.
[oil] Updated: EXTRA VIRGIN OLIVE OIL | BrandOwner: Salov North America Corp.
[oil] Updated: EXTRA VIRGIN OLIVE OIL | BrandOwner: Salov North America Corp.
[oil] Updated: EXTRA VIRGIN OLIVE OIL | BrandOwner: Salov North America Corp.
[oil] Updated: ORGANIC EXTRA VIRGIN OLIVE OIL | BrandOwner: Salov North America Corp.
[oil] Updated: ORGANIC EXTRA VIRGIN OLIVE OIL | BrandOwner: Bodegas Capel S A
[oil] Updated: 100% PURE COCONUT OIL | BrandOwner: Global Entertainment Network Inc.
[oil] Updated: 100% PURE COCONUT OIL | BrandOwner: Global Entertainment Network Inc.
[oil] Updated: PREMIUM 100% PURE OLIVE OIL | BrandOwner: World Finer Foods, Inc.
[oil] Updated: 100% ITALIAN EXTRA VIRGIN OLIVE OIL | BrandOwner: Alanric Food Distributors, Inc.
[oil] Updated: EXTRA VIRGIN OLIVE OIL | BrandOwner: Alanric Food Distributors, Inc.
[oil] Updated: ORGANIC EXTRA VIRGIN OLIVE OIL | BrandOwner: Deoleo USA, Inc.
[oil] Updated: EXTRA VIRGIN  OLIVE OIL | BrandOwner: Ferrara Food Company Inc.
[oil] Updated: EXTRA VIRGIN OLIVE OIL | BrandOwner: Deoleo USA, Inc.
[oil] Updated: CATANIA PEANUT OIL, 3 GAL, PEANUT | BrandOwner: Catania-Spagna Corp.
[oil] Updated: FOILED RED ROSE MILK CHOCOLATE CANDY, MILK CHOCOLATE | BrandOwner: R L Albert & Son Inc
[oil] Updated: FOILED GOLD ROSE MILK CHOCOLATE CANDY, MILK CHOCOLATE | BrandOwner: R L Albert & Son Inc
[oil] Updated: INTERNATIONAL COLLECTION GRAPESEED OIL, 8.45 FL OZ | BrandOwner: PANOS Brands LLC 
[oil] Updated: EXTRA VIRGIN AVOCADO OIL, AVOCADO | BrandOwner: George DeLallo Co., Inc.
[oil] Updated: IMPORTED ITALIAN GRAPESEED OIL | BrandOwner: George DeLallo Co., Inc.
[oil] Updated: EXTRA VIRGIN OLIVE OIL | BrandOwner: George DeLallo Co., Inc.
[oil] Updated: COOKING OLIVE OIL | BrandOwner: Deoleo USA, Inc.
[oil] Updated: CHUNK LIGHT IN VEGETABLE OIL TUNA | BrandOwner: StarKist Co.
[oil] Updated: CHOPPED IN SOY BEAN OIL GARLIC | BrandOwner: Great Garlic Foods Inc
[oil] Updated: SOLID WHITE IN VEGETABLE OIL ALBACORE TUNA | BrandOwner: StarKist Co.
[oil] Updated: PURE VEGETABLE OIL | BrandOwner: B&G Foods, Inc.
[oil] Updated: PURE VEGETABLE OIL | BrandOwner: B&G Foods, Inc.
[oil] Updated: SOLID LIGHT IN OIL TUNA | BrandOwner: Heart and Soul Foods Inc.
[oil] Updated: PURE VEGETABLE OIL | BrandOwner: B&G Foods, Inc.
[oil] Updated: PURE CANOLA OIL | BrandOwner: B&G Foods, Inc.
[oil] Updated: VEGETABLE OIL | BrandOwner: Ventura Foods, L.L.C.
[oil] Updated: REFINED COCONUT OIL | BrandOwner: Topco Associates, Inc.
[oil] Updated: VIRGIN COCONUT OIL | BrandOwner: Topco Associates, Inc.
[oil] Updated: CORN OIL | BrandOwner: 
[oil] Updated: ORGANIC EXTRA VIRGIN OLIVE OIL, ORIGINAL | BrandOwner: Deoleo USA, Inc.
[oil] Updated: AVOCADO OIL | BrandOwner: H E Butt Grocery Company
[oil] Updated: EXTRA VIRGIN OLIVE OIL | BrandOwner: Deoleo USA, Inc.
[oil] Updated: EXTRA VIRGIN OLIVE OIL | BrandOwner: Deoleo USA, Inc.
[oil] Updated: SWEET HEAT BOILED PEANUTS, SWEET HEAT | BrandOwner: Holmes Canning Company Inc.
[oil] Updated: SOUTHERN BBQ BOILED PEANUTS, SOUTHERN BBQ | BrandOwner: Holmes Canning Company Inc.
[oil] Updated: EXTRA LIGHT TASTING OLIVE OIL | BrandOwner: Deoleo USA, Inc.
[oil] Updated: EXTRA VIRGIN OLIVE OIL | BrandOwner: Deoleo USA, Inc.
[oil] Updated: EXTRA VIRGIN OLIVE OIL | BrandOwner: Deoleo USA, Inc.
[oil] Updated: EXTRA LIGHT TASTING OLIVE OIL | BrandOwner: Deoleo USA, Inc.
[oil] Updated: EXTRA LIGHT TASTING OLIVE OIL | BrandOwner: Deoleo USA, Inc.
[oil] Updated: EXTRA VIRGIN OLIVE OIL | BrandOwner: Deoleo USA, Inc.
[oil] Updated: EXTRA VIRGIN OLIVE OIL | BrandOwner: Deoleo USA, Inc.
[oil] Updated: GENTILE EXTRA VIRGIN OLIVE OIL | BrandOwner: Deoleo USA, Inc.
[oil] Updated: OLIVE OIL, MILD | BrandOwner: Deoleo USA, Inc.
[oil] Updated: OLIVE OIL, MILD | BrandOwner: Deoleo USA, Inc.
[oil] Updated: EXTRA VIRGIN OLIVE OIL | BrandOwner: Deoleo USA, Inc.
[oil] Updated: EXTRA VIRGIN OLIVE OIL, ORIGINAL | BrandOwner: Deoleo USA, Inc.
[oil] Updated: OLIVE OIL, MILD | BrandOwner: Deoleo USA, Inc.
[oil] Updated: EXTRA LIGHT TASTING OLIVE OIL | BrandOwner: Deoleo USA, Inc.
[oil] Updated: MEDEIROS, OLIVE OIL, MILD, MILD | BrandOwner: The Moran Group Incorporated
[oil] Updated: OLIVE OIL NO-STICK COOKING SPRAY, OLIVE OIL | BrandOwner: The Moran Group Incorporated
[oil] Updated: OLIVE OIL NO-STICK COOKING SPRAY, OLIVE OIL | BrandOwner: Conagra Brands, Inc.
[oil] Updated: EXTRA VIRGIN OLIVE OIL | BrandOwner: Danmar Health Corporation
[oil] Updated: MEDITERRANEAN SAVORY ZA'ATAR & OLIVE OIL CONDIMENT | BrandOwner: Faux Fun, Inc.
[oil] Updated: ALL-NATURAL SPANISH ORANGES SWEET OLIVE OIL TORTAS, SPANISH ORANGES | BrandOwner: Gala Beverage
[oil] Updated: ORGANIC VIRGIN COCONUT OIL | BrandOwner: Nutiva, Inc.
[oil] Updated: OLIVE OIL & VINEGAR VINAIGRETTE | BrandOwner: T. Marzetti Company
[oil] Updated: 100% AVOCADO OIL | BrandOwner: Pompeian, Inc.
[oil] Updated: LEMON EXTRA VIRGIN OLIVE OIL | BrandOwner: Cachere Distributing Inc.
[oil] Updated: EXTRA VIRGIN OLIVE OIL | BrandOwner: Cachere Distributing Inc.
[oil] Updated: 100% PURE PEANUT OIL | BrandOwner: Lou Ana Foods, Inc.
[oil] Updated: VIRGIN UNREFINED ORGANIC COCONUT OIL | BrandOwner: The Carrington Tea Company LLC.
[oil] Updated: 100% CALIFORNIA ROBUST FLAVOR EXTRA VIRGIN OLIVE OIL | BrandOwner: Studio Blake
[oil] Updated: AYVALIK EXTRA VIRGIN OLIVE OIL | BrandOwner: Wildfare Inc.
[oil] Updated: EXTRA VIRGIN OLIVE OIL | BrandOwner: Dioptics Medical Products, Inc.
[oil] Updated: NON-STICK VEGETABLE OIL COOKING SPRAY | BrandOwner: Glicks Food Corp.
[oil] Updated: 100% PURE CANOLA OIL | BrandOwner: ShaoXing ManKeFu Textile Co., Ltd
[oil] Updated: MEDIUM RICH & VIBRANT EXTRA VIRGIN OLIVE OIL | BrandOwner: California Olive Ranch, Inc.
[oil] Updated: 100% AUSTRALIA SELECT EXTRA VIRGIN OLIVE OIL | BrandOwner: Ferro Farms
[oil] Updated: 100% CALIFORNIA SELECT EXTRA VIRGIN  OLIVE OIL | BrandOwner: Ferro Farms
[oil] Updated: EXTRA VIRGIN OLIVE OIL | BrandOwner: Botticelli Foods Corp.
[oil] Updated: EXTRA VIRGIN OLIVE OIL | BrandOwner: Botticelli Foods Corp.
[oil] Updated: EXTRA VIRGIN OLIVE OIL | BrandOwner: Botticelli Foods Corp.
[oil] Updated: BOTTICELLI OLIVE OIL, 33.8 FL OZ | BrandOwner: Botticelli Foods Corp.
[oil] Updated: BOTTICELLI OLIVE OIL, 25.3 FL OZ | BrandOwner: Botticelli Foods Corp.
[oil] Updated: BOTTICELLI OLIVE OIL, 101.4 FL OZ | BrandOwner: Botticelli Foods Corp.
[oil] Updated: BOTTICELLI OLIVE OIL, 67.6 FL OZ | BrandOwner: Botticelli Foods Corp.
[oil] Updated: BOTTICELLI OLIVE OIL, 50.7 FL OZ | BrandOwner: Botticelli Foods Corp.
[oil] Updated: EXTRA VIRGIN OLIVE OIL | BrandOwner: Botticelli Foods Corp.
[oil] Updated: ITALIAN EXTRA VIRGIN OLIVE OIL | BrandOwner: Botticelli Foods Corp.
[oil] Updated: ORGANIC EXTRA VIRGIN OLIVE OIL | BrandOwner: Botticelli Foods Corp.
[oil] Updated: EXTRA VIRGIN OLIVE OIL | BrandOwner: ChefsLife, LLC
[oil] Updated: GOURMET DUCK FAT COOKING OIL SPRAY | BrandOwner: Cornhusker Kitchen llc.
[oil] Updated: WILD SELECTIONS, SOLID WHITE ALBACORE TUNA IN OLIVE OIL | BrandOwner: Bumble Bee Foods, LLC
[oil] Updated: EXTRA VIRGIN OLIVE OIL GARLIC INFUSED | BrandOwner: 
[oil] Updated: LOUISHANA SEAFOOD BOIL, LOUISIANA | BrandOwner: Ecomountain, Inc.
[oil] Updated: SEAFOOD BOIL SEASONING | BrandOwner: Chica Bella, Inc.
[oil] Updated: EXTRA VIRGIN SESAME OIL | BrandOwner: Debra's Sponges Inc.
[oil] Updated: AVOCADO OIL SPRAY | BrandOwner: BJ's Wholesale Club / Corporate Brands
[oil] Updated: AVOCADO OIL | BrandOwner: BJ's Wholesale Club / Corporate Brands
[oil] Updated: ULTRA LIGHT TASTE BAKE OLIVE OIL | BrandOwner: Pompeian, Inc.
[oil] Updated: DRIZZLE EXTRA VIRGIN OLIVE OIL | BrandOwner: Pompeian, Inc.
[oil] Updated: SAUT OLIVE OIL | BrandOwner: Pompeian, Inc.
[oil] Updated: VIRGIN AVOCADO OIL | BrandOwner: PANOS Brands LLC 
[oil] Updated: ITALIAN ESTATE SELECTION EXTRA VIRGIN OLIVE OIL, ITALIAN ESTATE SELECTION | BrandOwner: Giant Eagle, Inc.
[oil] Updated: EXTRA VIRGIN OLIVE OIL | BrandOwner: Wakefern Food Corporation
[oil] Updated: SWEET SMOKED WILD MACKEREL IN SUNFLOWER OIL, SWEET SMOKED | BrandOwner: Betsy & Co.
[oil] Updated: DRIZZLE EXTRA VIRGIN OLIVE OIL | BrandOwner: Pompeian, Inc.
[oil] Updated: BAKE OLIVE OIL | BrandOwner: Pompeian, Inc.
[oil] Updated: FRY OLIVE OIL | BrandOwner: Pompeian, Inc.
[oil] Updated: OLIVE OIL & SEA SALT FOCACCIA, OLIVE OIL & SEA SALT | BrandOwner: Izzio Artisan Bakery LLC
[oil] Updated: TRUFFLE EXTRA VIRGIN OLIVE OIL, TRUFFLE | BrandOwner: Ztag, Inc.
[oil] Updated: CALIFORNIA WALNUT OIL, CALIFORNIA | BrandOwner: IDecoz Inc
[oil] Updated: SAFFLOWER OIL | BrandOwner: Smart Foods LLC 
[oil] Updated: 100% PURE AVOCADO OIL | BrandOwner: Smart Foods LLC 
[oil] Updated: SEAFOOD BOIL | BrandOwner: Agri Supply Company
[oil] Updated: PREMIUM EXTRA VIRGIN OLIVE OIL | BrandOwner: 
[oil] Updated: BOIL-IN-BAG 100% TRI-COLOR QUINOA | BrandOwner: Riviana Foods Inc.
[oil] Updated: 100% PURE COCONUT OIL | BrandOwner: Ventura Foods, L.L.C.
[oil] Updated: 100% PURE AVOCADO OIL | BrandOwner: Ventura Foods, L.L.C.
[oil] Updated: OLIVE OIL OIL CURED OLIVES | BrandOwner: Bella Foods
[oil] Updated: MINCED IN OLIVE OIL GARLIC | BrandOwner: Badia Spices Inc.
[oil] Updated: MINCED IN OLIVE OIL GARLIC | BrandOwner: Badia Spices Inc.
[oil] Updated: MINCED IN OLIVE OIL GARLIC | BrandOwner: Badia Spices Inc.
[oil] Updated: EXTRA VIRGIN OLIVE OIL MEDITERRANEAN STYLE SARDINES | BrandOwner: 
[oil] Updated: EXTRA VIRGIN OLIVE OIL SARDINES | BrandOwner: 
[oil] Updated: EXTRA VIRGIN OLIVE OIL WHITE WINE VINEGAR & CAPERS SARDINES | BrandOwner: King Oscar, Inc.
[oil] Updated: PURE  SESAME OIL | BrandOwner: American Roland Food LLC
[oil] Updated: GARLIC INFUSED OIL, GARLIC | BrandOwner: American Roland Food LLC
[oil] Updated: PREMIUM IN OLIVE OIL BONITO | BrandOwner: Goya Foods, Inc. 
[oil] Updated: FAT & OIL FREE ORIGINAL HOMMUS | BrandOwner: Cedar's Mediterranean Foods, Inc.
[oil] Updated: ALBACORE PREMIUM IN OIL TUNA | BrandOwner: Tri-Union Seafoods, LLC
[oil] Updated: SKIPJACK SOLID LIGHT IN OLIVE OIL TUNA | BrandOwner: Pastene & Company Inc.
[oil] Updated: SKINLESS & BONELESS GRILLED IN 100% OLIVE OIL MACKEREL | BrandOwner: I. Epstein & Sons, Inc.
[oil] Updated: NO SALT ADDED SKINLESS & BONELESS IN 100% OLIVE OIL SARDINES | BrandOwner: I. Epstein & Sons, Inc.
[oil] Updated: SKINLESS/BONELESS GRILLED IN OLIVE OIL MACKEREL | BrandOwner: I. Epstein & Sons, Inc.
[oil] Updated: EXTRA VIRGIN  OLIVE OIL | BrandOwner: Alanric Food Distributors, Inc.
[oil] Updated: GARLIC & PARSLEY IN OLIVE OIL ANCHOVIES | BrandOwner: Alanric Food Distributors, Inc.
[oil] Updated: FLAT FILLETS IN OLIVE OIL ANCHOVIES | BrandOwner: Alanric Food Distributors, Inc.
[oil] Updated: ORGANIC 100% ITALIAN EXTRA VIRGIN OLIVE OIL | BrandOwner: Alanric Food Distributors, Inc.
[oil] Updated: EXTRA VIRGIN OLIVE OIL | BrandOwner: Alanric Food Distributors, Inc.
[oil] Updated: SUNFLOWER OIL SMOKED MUSSELS | BrandOwner: Kawasho Foods USA Inc.
[oil] Updated: OIL CURED OLIVES | BrandOwner: Alanric Food Distributors, Inc.
[oil] Updated: CLASSICO SMOOTH & MILD  OLIVE OIL  | BrandOwner: Alanric Food Distributors, Inc.
[oil] Updated: CLASSICO OLIVE OIL | BrandOwner: Alanric Food Distributors, Inc.
[oil] Updated: SUNFLOWER OIL OCTOPUS | BrandOwner: Kawasho Foods USA Inc.
[oil] Updated: EXTRA VIRGIN OLIVE OIL | BrandOwner: Alanric Food Distributors, Inc.
[oil] Updated: EXTRA VIRGIN OLIVE OIL | BrandOwner: Alanric Food Distributors, Inc.
[oil] Updated: EXTRA VIRGIN OLIVE OIL | BrandOwner: Alanric Food Distributors, Inc.
[oil] Updated: EXTRA VIRGIN OLIVE OIL | BrandOwner: Alanric Food Distributors, Inc.
[oil] Updated: ORGANIC EXTRA VIRGIN OLIVE OIL | BrandOwner: Alanric Food Distributors, Inc.
[oil] Updated: SKINLESS & BONELESS IN OLIVE OIL SARDINES | BrandOwner: Alanric Food Distributors, Inc.
[oil] Updated: SUNFLOWER OIL SMOKED OCTOPUS | BrandOwner: Kawasho Foods USA Inc.
[oil] Updated: BOIL IN BAG ORGANIC WHOLE GRAIN QUINOA | BrandOwner: Vigo Importing Company
[oil] Updated: FANCY SMOKED IN SUNFLOWER OIL BABY CLAMS | BrandOwner: Kawasho Foods USA Inc.
[oil] Updated: COLD SMOKED IN SUNFLOWER OIL OYSTERS | BrandOwner: Kawasho Foods USA Inc.
[oil] Updated: EXTRA VIRGIN OLIVE OIL JACK MACKEREL FILLET | BrandOwner: Kawasho Foods USA Inc.
[oil] Updated: CHOPPED GARLIC IN OIL | BrandOwner: Vitarroz International Foods LLC
[oil] Updated: STIR-FRY COOKING OIL | BrandOwner: House Of Tsang
[oil] Updated: GIANT IN SUNFLOWER OIL CALAMARI  | BrandOwner: Conchita Foods, Inc.
[oil] Updated: IBERIA SARDINES IN VEGETABLE OIL, 4.2 OZ | BrandOwner: Iberia Foods Corporation
[oil] Updated: SUNFLOWER OIL JUMBO CALAMARI | BrandOwner: Iberia Foods Corporation
[oil] Updated: PURE SESAME OIL | BrandOwner: Allied Old English Inc.
[oil] Updated: TONNELLI GRAPESEED OIL, 33.8 FL OZ | BrandOwner: Erba Food Products Inc
[oil] Updated: CHOPPED IN SOY BEAN OIL GARLIC | BrandOwner: Great Garlic Foods Inc
[oil] Updated: WILD CAUGHT LIGHT IN SUNFLOWER OIL TUNA | BrandOwner: StarKist Co.
[oil] Updated: ROASTED GARLIC & OLIVE OIL FRENCH HARVEST ORGANIC GRAINS, ROASTED GARLIC; OLIVE OIL | BrandOwner: Tipiak
[oil] Updated: SOLID WHITE ALBACORE IN VEGETABLE OIL TUNA | BrandOwner: Bumble Bee Foods, LLC
[oil] Updated: AVOCADO OIL AIR POPPED SEA SALT POPCORN, AVOCADO OIL SEA SALT | BrandOwner: Mazzis Italian Food
[oil] Updated: JULIENNE CUT SUN DRIED TOMATOES IN OIL, OIL | BrandOwner: Safeway, Inc.
[oil] Updated: VEGETABLE OIL | BrandOwner: Conagra Brands, Inc.
[oil] Updated: LIQUID COCONUT PURE OIL | BrandOwner: Schwabe North America, Inc. 
[oil] Updated: LIQUID COCONUT OIL | BrandOwner: Schwabe North America, Inc. 
[oil] Updated: SALT 'N VINEGAR BOILED PEANUTS, SALT 'N VINEGAR | BrandOwner: Holmes Canning Company Inc.
[oil] Updated: EXTRA VIRGIN OLIVE OIL NON-STICK SPRAY | BrandOwner: Deoleo USA, Inc.
[oil] Updated: ORGANIC EXTRA VIRGIN OLIVE OIL NON-STICK SPRAY | BrandOwner: Deoleo USA, Inc.
[oil] Updated: OLIVE OIL NON-STICK SPRAY | BrandOwner: Deoleo USA, Inc.
[oil] Updated: COCONUT OIL NO STICK COOKING SPRAY, COCONUT OIL | BrandOwner: Conagra Brands, Inc.
[oil] Updated: AVOCADO OIL NO STICK COOKING SPRAY, AVOCADO OIL | BrandOwner: Conagra Brands, Inc.
[oil] Updated: OLIVE OIL NO-STICK COOKING SPRAY, OLIVE OIL | BrandOwner: Conagra Brands, Inc.
[oil] Updated: CANOLA OIL NO STICK COOKING SPRAY, CANOLA OIL | BrandOwner: Conagra Brands, Inc.
[oil] Updated: BENISSIMO AVOCADO OIL, 8.45 FL OZ | BrandOwner: 
[oil] Updated: BENISSIMO TOASTED SESAME SEED OIL, 8.45 FL OZ | BrandOwner: Munster Specialty Products LLC
[oil] Updated: GOURMET STYLE SARDINE FILLETS IN OLIVE OIL, GOURMET STYLE | BrandOwner: Sf Trading Co
[oil] Updated: CULINARY GRAPESEED OIL, GRAPESEED | BrandOwner: Munster Specialty Products LLC
[oil] Updated: OIL SUN DRIED TOMATOES | BrandOwner: Cachere Distributing Inc.
[oil] Updated: VENTRESCA IN OLIVE OIL YELLOWFIN TUNA | BrandOwner: Cachere Distributing Inc.
[oil] Updated: YELLOWFIN IN OLIVE OIL TUNA FILLETS | BrandOwner: Cachere Distributing Inc.
[oil] Updated: CALABRIAN IN OIL CHILI PEPPERS | BrandOwner: Cachere Distributing Inc.
[oil] Updated: VIRGIN COCONUT OIL | BrandOwner: H2oh!, LLC.
[oil] Updated: REFINED COCONUT OIL | BrandOwner: H2oh!, LLC.
[oil] Updated: REFINED COCONUT OIL | BrandOwner: H2oh!, LLC.
[oil] Updated: EXTRA VIRGIN OLIVE OIL | BrandOwner: H2oh!, LLC.
[oil] Updated: MILD FLAVOR AVOCADO OIL | BrandOwner: H2oh!, LLC.
[oil] Updated: MILD FLAVOR AVOCADO OIL | BrandOwner: H2oh!, LLC.
[oil] Updated: ORGANIC EXTRA VIRGIN OLIVE OIL | BrandOwner: H2oh!, LLC.
[oil] Updated: CLASSIC EXTRA VIRGIN OLIVE OIL | BrandOwner: H2oh!, LLC.
[oil] Updated: OIL JUMBO SQUID | BrandOwner: Ressco Foods Inc.
[oil] Updated: MUSTARD SEED COOKING OIL | BrandOwner: The Carrington Tea Company LLC.
[oil] Updated: TASTEE CHOICE CRAWFISH BOIL, 35.13 OZ | BrandOwner: Choice Canning Co. Inc.
[oil] Updated: ORIGINAL BOILED PEANUTS, ORIGINAL | BrandOwner: Bay Valley Foods, LLC
[oil] Updated: SEA SALT & OLIVE OIL POPCORN, SEA SALT & OLIVE OIL | BrandOwner: Glencourt Inc.
[oil] Updated: EXTRA VIRGIN FOR KIDS OLIVE OIL | BrandOwner: Wildfare Inc.
[oil] Updated: OLIVE OIL YELLOWFIN TUNA SOLID PACK | BrandOwner: Adams Wholesale Supply, Inc.
[oil] Updated: WHITE TRUFFLE OLIVE OIL | BrandOwner: J.J. Tal Limited
[oil] Updated: PASTURE-RAISED HARD BOILED EGGS | BrandOwner: Vital Farms Inc.
[oil] Updated: GARLIC & OLIVE OIL 90 SECOND QUINOA, GARLIC & OLIVE OIL | BrandOwner: Target Stores
[oil] Updated: GARLIC EXTRA VIRGIN OLIVE OIL, GARLIC | BrandOwner: Target Stores
[oil] Updated: OLIVE OIL & HIMALAYAN SALT POPCORN, OLIVE OIL & HIMALAYAN SALT | BrandOwner: Target Stores
[oil] Updated: GARLIC INFUSED EXTRA VIRGIN OLIVE OIL, GARLIC | BrandOwner: Target Stores
[oil] Updated: EXTRA VIRGIN OLIVE OIL MINCED GARLIC | BrandOwner: Botticelli Foods Corp.
[oil] Updated: EXTRA VIRGIN OLIVE OIL MINCED GARLIC | BrandOwner: Botticelli Foods Corp.
[oil] Updated: BIG SHEETS SEA SALT & AVOCADO OIL ROASTED SEAWEED, SEA SALT; AVOCADO | BrandOwner: Gimme Health Foods, Inc.
[oil] Updated: GOURMET BRISLING WILD SARDINES IN EXTRA VIRGIN OLIVE OIL | BrandOwner: Bumble Bee Foods, LLC
[oil] Updated: JULIENNE CUT SUN-DRIED IN OIL TOMATOES | BrandOwner: Stoke House Unlimited LLC
[oil] Updated: MACKEREL SPICED SUNFLOWER OIL | BrandOwner: 
[oil] Updated: TUNA OLIVE OIL, TUNA | BrandOwner: 
[oil] Updated: SOLID PACK IN OIL TUNA | BrandOwner: 
[oil] Updated: ROASTED GARLIC OIL | BrandOwner: Stonewall Kitchen Ltd.
[oil] Updated: VEGETABLE OIL MACKEREL FILLETS | BrandOwner: 
[oil] Updated: SOLID PACK IN OIL TUNA | BrandOwner: 
[oil] Updated: MEMECIK EXTRA VIRGIN OLIVE OIL, MEMECIK | BrandOwner: Wildfare Inc.
[oil] Updated: LEMON SARDINES IN EXTRA VIRGIN OLIVE OIL, LEMON | BrandOwner: PAW Brands LLC
[oil] Updated: SARDINES IN EXTRA VIRGIN OLIVE OIL, EXTRA VIRGIN OLIVE OIL | BrandOwner: PAW Brands LLC
[oil] Updated: AVOCADO OIL AIR POPPED SEA SALT POPCORN, AVOCADO OIL SEA SALT | BrandOwner: Angie's Artisan Treats, LLC
[oil] Updated: MEDIUM EXTRA VIRGIN OLIVE OIL, MEDIUM | BrandOwner: California Olive Ranch, Inc.
[oil] Updated: MEDIUM EXTRA VIRGIN OLIVE OIL, MEDIUM | BrandOwner: California Olive Ranch, Inc.
[oil] Updated: MEDIUM EXTRA VIRGIN OLIVE OIL, MEDIUM | BrandOwner: California Olive Ranch, Inc.
[oil] Updated: MEDIUM EXTRA VIRGIN OLIVE OIL, MEDIUM | BrandOwner: California Olive Ranch, Inc.
[oil] Updated: SOLID LIGHT TUNA IN OIL, SOLID LIGHT TUNA | BrandOwner: Family Food Distributors, Inc.
[oil] Updated: GARLIC OLIVE OIL, GARLIC | BrandOwner: Giant Eagle, Inc.
[oil] Updated: CANOLA OIL | BrandOwner: BJ's Wholesale Club / Corporate Brands
[oil] Updated: SOYBEAN OIL | BrandOwner: BJ's Wholesale Club / Corporate Brands
[oil] Updated: ORGANIC VIRGIN COCONUT OIL | BrandOwner: BJ's Wholesale Club / Corporate Brands
[oil] Updated: ORGANIC COCONUT OIL | BrandOwner: BJ's Wholesale Club / Corporate Brands
[oil] Updated: ORGANIC COCONUT OIL | BrandOwner: BJ's Wholesale Club / Corporate Brands
[oil] Updated: MILD CLASSIC PURE OLIVE OIL, MILD | BrandOwner: BJ's Wholesale Club / Corporate Brands
[oil] Updated: CANOLA OIL | BrandOwner: BJ's Wholesale Club / Corporate Brands
[oil] Updated: VEGETABLE OIL | BrandOwner: BJ's Wholesale Club / Corporate Brands
[oil] Updated: AdvancePierre Fully Cooked Flame-broiled Chopped Beef Steaks | BrandOwner: Tyson Foods Inc.
[oil] Updated: CHUNK LIGHT TUNA IN VEGETABLE OIL, CHUNK LIGHT | BrandOwner: Supervalu, Inc.
[oil] Updated: 100% PURE EXTRA LIGHT OLIVE OIL | BrandOwner: Cachere Distributing Inc.
[oil] Updated: 100% PURE COLD PRESSED EXTRA VIRGIN OLIVE OIL | BrandOwner: Cachere Distributing Inc.
[oil] Updated: ORGANIC EXTRA VIRGIN OLIVE OIL | BrandOwner: Piggly Wiggly Company
[oil] Updated: EXTRA VIRGIN OLIVE OIL | BrandOwner: Piggly Wiggly Company
[oil] Updated: PURE OLIVE OIL | BrandOwner: Piggly Wiggly Company
[oil] Updated: VEGETABLE OIL | BrandOwner: S. M. Flickinger Co., Inc.
[oil] Updated: 100% PURE OLIVE OIL | BrandOwner: S. M. Flickinger Co., Inc.
[oil] Updated: CANOLA OIL | BrandOwner: S. M. Flickinger Co., Inc.
[oil] Updated: AVOCADO OIL | BrandOwner: Lieber Chocolate & Food Products Co.
[oil] Updated: OLIVE OIL NO-STICK COOKING SPRAY, OLIVE OIL | BrandOwner: Conagra Brands, Inc.
[oil] Updated: 100% PURE UNREFINED COLD PRESSED GRAPESEED OIL | BrandOwner: 
[oil] Updated: OLIVE OIL COOKING SPRAY, OLIVE OIL | BrandOwner: Associated Wholesale Grocers, Inc.
[oil] Updated: CANOLA OIL COOKING SPRAY, CANOLA OIL | BrandOwner: Associated Wholesale Grocers, Inc.
[oil] Updated: SAUTE OLIVE OIL PAN COOKING, SAUTE | BrandOwner: Pompeian, Inc.
[oil] Updated: SICHUAN GOLD CHILI OIL, SICHUAN GOLD | BrandOwner: InfantBrace LLC
[oil] Updated: ORGANIC EXTRA VIRGIN OLIVE OIL | BrandOwner: OILIO, LLC
[oil] Updated: WESSON Corn Oil 1.25 GAL | BrandOwner: Richardson Oilseed Products (US) Limited
[oil] Updated: WESSON Vegetable Oil 48 FL OZ | BrandOwner: Richardson Oilseed Products (US) Limited
[oil] Updated: CHUNK LIGHT YELLOWFIN IN VEGETABLE OIL TUNA | BrandOwner: Pescados Industrializados, S.A. De C.V.
[oil] Updated: OLIVE OIL NON-STICK COOKING SPRAY | BrandOwner: The Hain Celestial Group, Inc.
[oil] Updated: OLIVE OIL QUINOA | BrandOwner: Good Groceries Company Inc.
[oil] Updated: AVOCADO OIL PLANT BUTTER | BrandOwner: Upfield US Inc
[oil] Updated: 100% PURE PEANUT OIL | BrandOwner: Nabisco Food Company
[oil] Updated: TRADER GIOTTO'S, EXTRA VIRGIN OLIVE OIL | BrandOwner: 
[oil] Updated: EXTRA VIRGIN OLIVE OIL DRIED TOMATOES YELLOWFIN TUNA | BrandOwner: King Oscar, Inc.
[oil] Updated: SPICY OIL SARDINES | BrandOwner: Goya Foods, Inc. 
[oil] Updated: OLIVE OIL YELLOWFIN TUNA | BrandOwner: Tri-Union Seafoods, LLC
[oil] Updated: ENRICHED EXPELLER PRESSED SAFFLOWER OIL | BrandOwner: The Hain Celestial Group, Inc.
[oil] Updated: SKINLESS & BONELESS IN EXTRA VIRGIN OLIVE OIL SARDINES | BrandOwner: I. Epstein & Sons, Inc.
[oil] Updated: PREMIUM 100% EXTRA VIRGIN OLIVE OIL | BrandOwner: Iberia Foods Corporation
[oil] Updated: PREMIUM 100% EXTRA VIRGIN OLIVE OIL | BrandOwner: Iberia Foods Corporation
[oil] Updated: SOLID WHITE ALBACORE IN VEGETABLE OIL PREMIUM TUNA | BrandOwner: Bumble Bee Foods, LLC
[oil] Updated: WESTERN FAMILY, LIGHTLY SMOKED SARDINES IN SOYBEAN OIL | BrandOwner: Western Family Foods, Inc.
[oil] Updated: BOIL LENGTH POLISH SAUSAGE | BrandOwner: Bar-S Foods Co.
[oil] Updated: SOLID LIGHT IN OIL TUNA | BrandOwner: Heart and Soul Foods Inc.
[oil] Updated: WHOLE KERNEL VIRGIN COCONUT OIL | BrandOwner: All-One-God-Faith, Inc.
[oil] Updated: RICH IN FLAVOR EXTRA VIRGIN OLIVE OIL, RICH | BrandOwner: Safeway, Inc.
[oil] Updated: MILD IN FLAVOR EXTRA LIGHT OLIVE OIL, MILD | BrandOwner: Safeway, Inc.
[oil] Updated: MILD IN FLAVOR EXTRA LIGHT OLIVE OIL, MILD | BrandOwner: Safeway, Inc.
[oil] Updated: RICH IN FLAVOR EXTRA VIRGIN OLIVE OIL, RICH | BrandOwner: Safeway, Inc.
[oil] Updated: SOLID WHITE ALBACORE TUNA IN VEGETABLE OIL, SOLID WHITE ALBACORE IN VEGETABLE OIL | BrandOwner: Wakefern Food Corporation
[oil] Updated: EXTRA VIRGIN OLIVE OIL | BrandOwner: Wakefern Food Corporation
[oil] Updated: SAFFLOWER OIL | BrandOwner: Wakefern Food Corporation
[oil] Updated: SPECIALITY, GREEK 100% PREMIUM EXTRA VIRGIN OLIVE OIL, GREEK | BrandOwner: Wakefern Food Corporation
[oil] Updated: SPECIALTY, ITALIAN 100% PREMIUM EXTRA VIRGIN OLIVE OIL, ITALIAN | BrandOwner: Wakefern Food Corporation
[oil] Updated: ORGANIC, EXTRA VIRGIN OLIVE OIL | BrandOwner: Wakefern Food Corporation
[oil] Updated: ROSEMARY OLIVE OIL CIABATTA LOAF, ROSEMARY OLIVE OIL CIABATTA | BrandOwner: Wakefern Food Corporation
[oil] Updated: GREEN BOILED PEANUTS, GREEN | BrandOwner: Holmes Canning Company Inc.
[oil] Updated: REFINED ORGANIC COCONUT OIL | BrandOwner: The J.M. Smucker Company
[oil] Updated: GREEN BOILED PEANUTS, GREEN | BrandOwner: Smithfield Farmland Corp.
[oil] Updated: VEGETABLE OIL SMOKED MACKEREL FILLETS | BrandOwner: Cutting Edge Fitness
[oil] Updated: ORGANIC LIQUID COCONUT OIL | BrandOwner: Nutiva, Inc.
[oil] Updated: ORGANIC LIQUID COCONUT OIL | BrandOwner: Nutiva, Inc.
[oil] Updated: WINCO FOODS, LIGHT TASTING OLIVE OIL | BrandOwner: Winco Foods, Inc.
[oil] Updated: EXTRA VIRGIN OLIVE OIL | BrandOwner: Cachere Distributing Inc.
[oil] Updated: GARLIC & AVOCADO OIL AIOLI, GARLIC; AVOCADO OIL | BrandOwner: Stonewall Kitchen Ltd.
[oil] Updated: 100% PURE SESAME OIL | BrandOwner: Wismettac Asian Foods, Inc.
[oil] Updated: 100% PURE CORN OIL | BrandOwner: ACH Food Companies, Inc.
[oil] Updated: EXTRA VIRGIN OLIVE OIL | BrandOwner: Wal-Mart Stores, Inc.
[oil] Updated: AYVALIK EXTRA VIRGIN OLIVE OIL | BrandOwner: Wildfare Inc.
[oil] Updated: EXPELLER PRESSED GRAPESEED OIL | BrandOwner: Target Stores
[oil] Updated: EXPELLER PRESSED AVOCADO OIL | BrandOwner: Target Stores
[oil] Updated: CHUNK WHITE ALBACORE PREMIUM WILD TUNA IN EXTRA VIRGIN OLIVE OIL & SEA SALT, CHUNK WHITE ALBACORE IN EXTRA VIRGIN OLIVE OIL & SEA SALT | BrandOwner: Target Stores
[oil] Updated: EXPELLER PRESSED AVOCADO OIL | BrandOwner: Target Stores
[oil] Updated: PREMIUM TUNA SOLID WHITE ALBACORE IN VEGETABLE OIL, SOLID WHITE ALBACORE | BrandOwner: Bumble Bee Foods, LLC
[oil] Updated: PREMIUM CHUNK LIGHT TUNA IN VEGETABLE OIL, CHUNK LIGHT TUNA | BrandOwner: Bumble Bee Foods, LLC
[oil] Updated: WILD IN OLIVE OIL MACKEREL | BrandOwner: Colewillaidan LLC 
[oil] Updated: ARTISANAL OLIVE OIL GRISSINI | BrandOwner: South Broad Street Property, L.P.
[oil] Updated: WILD IN OLIVE OIL SARDINES | BrandOwner: Colewillaidan LLC 
[oil] Updated: LESLEY ELIZABETH INC., MEDITERRANEAN HERB OIL | BrandOwner: 
[oil] Updated: CANAAN, PALESTINIAN THYME CRUSHED OLIVE OIL | BrandOwner: Canaan Fair Trade LLC.
[oil] Updated: 100% PURE AVOCADO OIL | BrandOwner: De La Rosa Foods LLC
[oil] Updated: SABRI, SARDINES IN VEGETABLE OIL | BrandOwner: 
[oil] Updated: WILDLY DELICIOUS, ASIAN WASABI STIR FRY OIL | BrandOwner: 
[oil] Updated: WU FENG 1883 LI HONG, PRICKLY ASH OIL | BrandOwner: 
[oil] Updated: SPANISH SINGLE ORIGIN EXTRA VIRGIN OLIVE OIL, SPANISH | BrandOwner: Meijer, Inc.
[oil] Updated: CHILI PEPPER INFUSED EXTRA VIRGIN OLIVE OIL, CHILI PEPPER | BrandOwner: Meijer, Inc.
[oil] Updated: ORGANIC VIRGIN COCONUT OIL | BrandOwner: Star Markets Co.
[oil] Updated: ORGANIC REFINED COCONUT OIL | BrandOwner: Star Markets Co.
[oil] Updated: BLACK TRUFFLE & OLIVE OIL HEIRLOOM POPCORN, BLACK TRUFFLE & OLIVE OIL | BrandOwner: Meijer, Inc.
[oil] Updated: CANOLA OIL ORGANIC NON-STICK COOKING SPRAY, CANOLA OIL | BrandOwner: Meijer, Inc.
[oil] Updated: 100% PURE CORN OIL | BrandOwner: ACH Food Companies, Inc.
[oil] Updated: SUNFLOWER OIL & AVOCADO PREMIUM OIL | BrandOwner: T&M Imports, LLC
[oil] Updated: AVOCADO OIL | BrandOwner: Chosen Foods, LLC 
[oil] Updated: AVOCADO OIL | BrandOwner: Chosen Foods, LLC 
[oil] Updated: AVOCADO OIL | BrandOwner: Chosen Foods, LLC 
[oil] Updated: AVOCADO OIL SPRAY | BrandOwner: Chosen Foods, LLC 
[oil] Updated: VIRGIN COCONUT OIL | BrandOwner: Prosperity Organic Foods
[oil] Updated: POPPED SORGHUM, AVOCADO OIL & SEA SALT | BrandOwner: Nature Nate's LLC
[oil] Updated: TUNA IN OLIVE OIL | BrandOwner: Mind Fish Company
[oil] Updated: VIRGIN UNREFINED COCONUT OIL | BrandOwner: Wilderness Products, LLC
[oil] Updated: SMOKED IN SUNFLOWER OIL BABY SCALLOPS | BrandOwner: Kawasho Foods USA Inc.
[oil] Updated: OIL MACKEREL FILLET | BrandOwner: Kawasho Foods USA Inc.
[oil] Updated: SOLID WHITE IN EXTRA VIRGIN OLIVE OIL  ALBACORE TUNA | BrandOwner: StarKist Co.
[oil] Updated: EXTRA VIRGIN OLIVE OIL COOKING SPRAY, EXTRA VIRGIN OLIVE OIL | BrandOwner: The Kroger Co.
[oil] Updated: EXTRA VIRGIN OLIVE OIL | BrandOwner: Giant Eagle, Inc.
[oil] Updated: CANOLA NON-STICK COOKING SPRAY OIL, CANOLA | BrandOwner: Family Dollar Stores Inc.
[oil] Updated: EXTRA VIRGIN OLIVE OIL | BrandOwner: Colavita USA, LLC 
[oil] Updated: COLD PRESSED EXTRA VIRGIN OLIVE OIL | BrandOwner: Piggly Wiggly Company
[oil] Updated: ROBUSTO EXTRAVIRGIN OLIVE OIL | BrandOwner: Salov North America Corp.
[oil] Updated: PEANUT OIL, PEANUT | BrandOwner: S. M. Flickinger Co., Inc.
[oil] Updated: FINISHING EXTRA VIRGIN OLIVE OIL | BrandOwner: Sumar International, Inc.
[oil] Updated: FINISHING EXTRA VIRGIN OLIVE OIL | BrandOwner: Sumar International, Inc.
[oil] Updated: RICH & FRUITY FIRST COLD PRESSED EXTRA VIRGIN OLIVE OIL, RICH & FRUITY | BrandOwner: G. B. Company and Services
[oil] Updated: CANOLA OIL | BrandOwner: Nash Finch Company
[oil] Updated: PURE VEGETABLE OIL | BrandOwner: Nash Finch Company
[oil] Updated: SPANISH EXTRA VIRGIN OLIVE OIL, SPANISH | BrandOwner: Wegmans Food Markets, Inc. 
[oil] Updated: SOLID LIGHT WILD IN OLIVE OIL TUNA | BrandOwner: Nevlers
[oil] Updated: EARLY HARVEST MEMECIK EXTRA VIRGIN OLIVE OIL | BrandOwner: Wildfare Inc.
[oil] Updated: COOKING ORGANIC EXTRA VIRGIN OLIVE OIL | BrandOwner: Botticelli Foods Corp.
[oil] Updated: NORWEGIAN STYLE LIGHTLY SALTED IN OIL HERRING FILLETS | BrandOwner: 
[oil] Updated: FIRST COLD PRESSED EXTRA VIRGIN OLIVE OIL | BrandOwner: Aceites Del Sur, S.A.
[oil] Updated: CORN BOIL SEASONING, CORN BOIL | BrandOwner: Uncle Wiley's, Inc.
[oil] Updated: PREMIUM MCT LIQUID COCONUT OIL | BrandOwner: LUXSCENT VHF LLC
[oil] Updated: WHITE TRUFFLE OIL | BrandOwner: 
[oil] Updated: ORGANIC EXTRA VIRGIN OLIVE OIL | BrandOwner: Carapelli Firenze Spa
[oil] Updated: ROASTED GARLIC AVOCADO OIL, ROASTED GARLIC | BrandOwner: Safeway, Inc.
[oil] Updated: CALIFORNIA EXTRA VIRGIN OLIVE OIL, CALIFORNIA EXTRA VIRGIN | BrandOwner: Safeway, Inc.
[oil] Updated: ROASTED GARLIC OLIVE OIL, ROASTED GARLIC | BrandOwner: Safeway, Inc.
[oil] Updated: CALIFORNIA EXTRA VIRGIN OLIVE OIL, CALIFORNIA | BrandOwner: Safeway, Inc.
[oil] Updated: AVOCADO OIL | BrandOwner: Safeway, Inc.
[oil] Updated: OLIVE OIL NON-STICK COOKING SPRAY, OLIVE OIL | BrandOwner: Meijer, Inc.
[oil] Updated: EXTRA VIRGIN OLIVE OIL | BrandOwner: Deoleo USA, Inc.
[oil] Updated: EXTRA VIRGIN OLIVE OIL | BrandOwner: Deoleo USA, Inc.
[oil] Updated: ORGANIC EXTRA VIRGIN OLIVE OIL | BrandOwner: Deoleo USA, Inc.
[oil] Updated: OLIVE OIL | BrandOwner: Deoleo USA, Inc.
[oil] Updated: SOLID LIGHT IN OLIVE OIL TUNA | BrandOwner: Nevlers
[oil] Updated: CORN OIL | BrandOwner: Target Stores
[oil] Updated: CANOLA OIL | BrandOwner: Target Stores
[oil] Updated: VEGETABLE OIL | BrandOwner: Target Stores
[oil] Updated: VEGETABLE OIL | BrandOwner: Target Stores
[oil] Updated: PEANUT OIL | BrandOwner: Target Stores
[oil] Updated: VEGETABLE OIL | BrandOwner: Target Stores
[oil] Updated: CANOLA OIL | BrandOwner: Target Stores

[oil] Total products updated: 798, skipped: 3973

Summary: Updated 798 products, skipped 3973. See fix_product_mappings_skipped.log for details.
